MESSAGE RECEIVED: "CAP LS"
t_message: Prefix [] Command [CAP] Params [LS] 

runCommand function called...
t_message: Prefix [:ft_irc.42.fr] Command [CAP] Params [*] [LS] [:] 

After message split, size: 9
MESSAGE RECEIVED: "PASS jaja"
t_message: Prefix [] Command [PASS] Params [jaja] 

runCommand function called...
PASS command called...
Password correct... client is authorised

MESSAGE RECEIVED: "NICK ffornes"
t_message: Prefix [] Command [NICK] Params [ffornes] 

runCommand function called...
NICK command called...
t_message: Prefix [:ft_irc.42.fr] Command [484] Params [*] [:Your connection is restricted!] 

MESSAGE RECEIVED: "USER ffornes- ffornes- localhost :Ferran Fornes palaputa"
t_message: Prefix [] Command [USER] Params [ffornes-] [ffornes-] [localhost] [:Ferran Fornes palaputa] 

runCommand function called...
USER command called...

After message split, size: 9
parseData function called...
MESSAGE RECEIVED: "pass jaja"
t_message: Prefix [] Command [pass] Params [jaja] 
Sender: [ 4 ]
Targets: 

runCommand function called...
PASS command called...
t_message: Prefix [:ft_irc.42.fr] Command [462] Params [*] [:Unauthorized command (already registered)] 
Sender: [ 0 ]
Targets: [ 4 ]

After message split, size: 10
MESSAGE RECEIVED: "join #test"
t_message: Prefix [] Command [join] Params [#test] 

runCommand function called...
JOIN command called...
t_message: Prefix [:ft_irc.42.fr] Command [451] Params [*] [:You have not registered] 

After message split, size: 13
MESSAGE RECEIVED: "nick ffornes-"
t_message: Prefix [] Command [nick] Params [ffornes-] 

runCommand function called...
NICK command called...
t_message: Prefix [:ft_irc.42.fr] Command [484] Params [*] [:Your connection is restricted!] 

After message split, size: 17
MESSAGE RECEIVED: "user hz hz hz  hz"
t_message: Prefix [] Command [user] Params [hz] [hz] [hz] [hz] 

runCommand function called...
USER command called...
After message split, size: 6
MESSAGE RECEIVED: "nic hz"
t_message: Prefix [] Command [nic] Params [hz] 

runCommand function called...
t_message: Prefix [:ft_irc.42.fr] Command [421] Params [*] [nic :Unknown command] 
Sender: [ 0 ]
Targets: [ 4 ]

Reply target fd: 4
REMOVE TERMINATED CLIENTS FUNCTION
REMOVE TERMINATED CLIENTS FUNCTION END
REMOVE TERMINATED CLIENTS FUNCTION
REMOVE TERMINATED CLIENTS FUNCTION END
After message split, size: 7
parseData function called...
MESSAGE RECEIVED: "nick hz"
t_message: Prefix [] Command [nick] Params [hz] 
Sender: [ 4 ]
Targets: 

runCommand function called...
NICK command called...
t_message: Prefix [:ft_irc.42.fr] Command [484] Params [*] [:Your connection is restricted!] 
Sender: [ 0 ]
Targets: [ 4 ]

Reply target fd: 4
REMOVE TERMINATED CLIENTS FUNCTION
REMOVE TERMINATED CLIENTS FUNCTION END
Poll timed out, no activity
REMOVE TERMINATED CLIENTS FUNCTION
REMOVE TERMINATED CLIENTS FUNCTION END
REMOVE TERMINATED CLIENTS FUNCTION
REMOVE TERMINATED CLIENTS FUNCTION END
After message split, size: 10
parseData function called...
MESSAGE RECEIVED: "join #test"
t_message: Prefix [] Command [join] Params [#test] 
Sender: [ 4 ]
Targets: 

runCommand function called...
JOIN command called...
t_message: Prefix [:ft_irc.42.fr] Command [451] Params [*] [:You have not registered] 
Sender: [ -1655185344 ]
Targets: [ 4 ]

Reply target fd: 4
REMOVE TERMINATED CLIENTS FUNCTION
REMOVE TERMINATED CLIENTS FUNCTION END
REMOVE TERMINATED CLIENTS FUNCTION
REMOVE TERMINATED CLIENTS FUNCTION END
After message split, size: 6
parseData function called...
MESSAGE RECEIVED: "CAP LS"
t_message: Prefix [] Command [CAP] Params [LS] 
Sender: [ 4 ]
Targets: 

runCommand function called...
t_message: Prefix [:ft_irc.42.fr] Command [421] Params [*] [CAP :Unknown command] 
Sender: [ 0 ]
Targets: [ 4 ]

Reply target fd: 4
REMOVE TERMINATED CLIENTS FUNCTION
REMOVE TERMINATED CLIENTS FUNCTION END
REMOVE TERMINATED CLIENTS FUNCTION
REMOVE TERMINATED CLIENTS FUNCTION END
After message split, size: 9
parseData function called...
MESSAGE RECEIVED: "PASS jaja"
t_message: Prefix [] Command [PASS] Params [jaja] 
Sender: [ 4 ]
Targets: 

runCommand function called...
PASS command called...
t_message: Prefix [:ft_irc.42.fr] Command [462] Params [*] [:Unauthorized command (already registered)] 
Sender: [ 0 ]
Targets: [ 4 ]

Reply target fd: 4
REMOVE TERMINATED CLIENTS FUNCTION
REMOVE TERMINATED CLIENTS FUNCTION END
REMOVE TERMINATED CLIENTS FUNCTION
REMOVE TERMINATED CLIENTS FUNCTION END
After message split, size: 9
parseData function called...
MESSAGE RECEIVED: "pass jaja"
t_message: Prefix [] Command [pass] Params [jaja] 
Sender: [ 4 ]
Targets: 

runCommand function called...
PASS command called...
t_message: Prefix [:ft_irc.42.fr] Command [462] Params [*] [:Unauthorized command (already registered)] 
Sender: [ -1329711920 ]
Targets: [ 4 ]

Reply target fd: 4
REMOVE TERMINATED CLIENTS FUNCTION
REMOVE TERMINATED CLIENTS FUNCTION END
REMOVE TERMINATED CLIENTS FUNCTION
REMOVE TERMINATED CLIENTS FUNCTION END
After message split, size: 7
parseData function called...
MESSAGE RECEIVED: "nick hz"
t_message: Prefix [] Command [nick] Params [hz] 
Sender: [ 4 ]
Targets: 

runCommand function called...
NICK command called...
t_message: Prefix [:ft_irc.42.fr] Command [484] Params [*] [:Your connection is restricted!] 
Sender: [ -1329711920 ]
Targets: [ 4 ]

Reply target fd: 4
REMOVE TERMINATED CLIENTS FUNCTION
REMOVE TERMINATED CLIENTS FUNCTION END
REMOVE TERMINATED CLIENTS FUNCTION
REMOVE TERMINATED CLIENTS FUNCTION END
After message split, size: 16
parseData function called...
MESSAGE RECEIVED: "user hz hz hz hz"
t_message: Prefix [] Command [user] Params [hz] [hz] [hz] [hz] 
Sender: [ 4 ]
Targets: 

runCommand function called...
USER command called...
REMOVE TERMINATED CLIENTS FUNCTION
REMOVE TERMINATED CLIENTS FUNCTION END
Poll timed out, no activity
REMOVE TERMINATED CLIENTS FUNCTION
REMOVE TERMINATED CLIENTS FUNCTION END
REMOVE TERMINATED CLIENTS FUNCTION
REMOVE TERMINATED CLIENTS FUNCTION END
After message split, size: 10
parseData function called...
MESSAGE RECEIVED: "join #test"
t_message: Prefix [] Command [join] Params [#test] 
Sender: [ 4 ]
Targets: 

runCommand function called...
JOIN command called...
t_message: Prefix [:ft_irc.42.fr] Command [451] Params [*] [:You have not registered] 
Sender: [ 0 ]
Targets: [ 4 ]

Reply target fd: 4
REMOVE TERMINATED CLIENTS FUNCTION
REMOVE TERMINATED CLIENTS FUNCTION END
Poll timed out, no activity
REMOVE TERMINATED CLIENTS FUNCTION
REMOVE TERMINATED CLIENTS FUNCTION END
Client disconnected: 4
Removing client...
Unable to find client in client fd map
Client removed from _poll_fds...
Client count before removal: 1
Client count after removal: 0
Client removed client successfully
REMOVE TERMINATED CLIENTS FUNCTION
REMOVE TERMINATED CLIENTS FUNCTION END

