<< CAP LS 302
<< JOIN :
>> :bifrost.ca.us.dal.net NOTICE AUTH :*** Looking up your hostname...
>> :bifrost.ca.us.dal.net NOTICE AUTH :*** Found your hostname, cached
>> :bifrost.ca.us.dal.net NOTICE AUTH :*** Checking Ident
>> :bifrost.ca.us.dal.net NOTICE AUTH :*** No Ident response
>> :bifrost.ca.us.dal.net 451 * JOIN :You must finish connecting with another nickname first.
<< NICK apresas
<< USER apresas apresas irc.dal.net :albert
>> :bifrost.ca.us.dal.net 001 apresas :Welcome to the DALnet IRC Network apresas!~apresas@231.97.133.37.dynamic.jazztel.es
<< MODE apresas +i
>> :bifrost.ca.us.dal.net 002 apresas :Your host is bifrost.ca.us.dal.net, running version bahamut-2.2.2
>> :bifrost.ca.us.dal.net 003 apresas :This server was created Wed Oct 12 2022 at 17:21:47 EDT
>> :bifrost.ca.us.dal.net 004 apresas bifrost.ca.us.dal.net bahamut-2.2.2 aAbcCdefFghHiIjkKmnoOPrRsSwxXy AbceiIjklLmMnoOpPrRsStv beIjklov
>> :bifrost.ca.us.dal.net 005 apresas NETWORK=DALnet SAFELIST MAXBANS=200 MAXCHANNELS=30 CHANNELLEN=32 KICKLEN=307 NICKLEN=30 TOPICLEN=307 MODES=6 CHANTYPES=# CHANLIMIT=#:30 PREFIX=(ohv)@%+ STATUSMSG=@%+ :are available on this server
>> :bifrost.ca.us.dal.net 005 apresas CASEMAPPING=ascii WATCH=128 SILENCE=10 ELIST=cmntu EXCEPTS INVEX CHANMODES=beI,k,jl,ciPAmMnOprRsSt MAXLIST=b:200,e:100,I:100 TARGMAX=DCCALLOW:,JOIN:,KICK:4,KILL:20,NOTICE:20,PART:,PRIVMSG:20,WHOIS:,WHOWAS: :are available on this server
>> :bifrost.ca.us.dal.net 251 apresas :There are 50 users and 6691 invisible on 39 servers
>> :bifrost.ca.us.dal.net 252 apresas 77 :IRC Operators online
>> :bifrost.ca.us.dal.net 254 apresas 3555 :channels formed
>> :bifrost.ca.us.dal.net 255 apresas :I have 218 clients and 1 servers
>> :bifrost.ca.us.dal.net 265 apresas :Current local users: 218 Max: 601
>> :bifrost.ca.us.dal.net 266 apresas :Current global users: 6741 Max: 12060
>> :bifrost.ca.us.dal.net NOTICE apresas :*** Notice -- motd was last changed at 7/10/2024 22:36
>> :bifrost.ca.us.dal.net NOTICE apresas :*** Notice -- Please read the motd if you haven't read it
>> :bifrost.ca.us.dal.net 375 apresas :- bifrost.ca.us.dal.net Message of the Day - 
>> :bifrost.ca.us.dal.net 372 apresas :-   
>> :bifrost.ca.us.dal.net 372 apresas :-            *
>> :bifrost.ca.us.dal.net 372 apresas :- *  /\     The rainbow bridge
>> :bifrost.ca.us.dal.net 372 apresas :-       (())  leading from Asgard to Midgard.
>> :bifrost.ca.us.dal.net 372 apresas :-      ((OO))*    
>> :bifrost.ca.us.dal.net 372 apresas :-       (())  _     _  __               _
>> :bifrost.ca.us.dal.net 372 apresas :-    00      | |__ (_)/ _|_ __ ___  ___| |_
>> :bifrost.ca.us.dal.net 372 apresas :-    ||)     | '_ \| | |_| '__/ _ \/ __| __|
>> :bifrost.ca.us.dal.net 372 apresas :-    |/      | |_) | |  _| | | (_) \__ \ |_
>> :bifrost.ca.us.dal.net 372 apresas :-   (||      |_.__/|_|_| |_|  \___/|___/\__|
>> :bifrost.ca.us.dal.net 372 apresas :-    ||                bifrost.ca.us.dal.net
>> :bifrost.ca.us.dal.net 372 apresas :-    ||)   
>> :bifrost.ca.us.dal.net 372 apresas :-    |/   .__Administrators___________________.
>> :bifrost.ca.us.dal.net 372 apresas :-   (||   | * heimdall   [heimdall@dal.net]   |
>> :bifrost.ca.us.dal.net 372 apresas :-    ||   | * tau        [tau@dal.net]        |
>> :bifrost.ca.us.dal.net 372 apresas :-    ||)  |                                   |
>> :bifrost.ca.us.dal.net 372 apresas :-    |/   .__Operators________________________.
>> :bifrost.ca.us.dal.net 372 apresas :-   (||   | * adam       [adam@dal.net]       |
>> :bifrost.ca.us.dal.net 372 apresas :-    ||   | * chalcedony [chalcedony@dal.net] |
>> :bifrost.ca.us.dal.net 372 apresas :-    ||)  | * Estella    [estella@dal.net]    |
>> :bifrost.ca.us.dal.net 372 apresas :-    |/   | * jeian      [jeian@dal.net]      |
>> :bifrost.ca.us.dal.net 372 apresas :-   (||   | * knas       [knas@dal.net]       |
>> :bifrost.ca.us.dal.net 372 apresas :-    ||   | * phil       [phil@dal.net]       |
>> :bifrost.ca.us.dal.net 372 apresas :-    ||)  | * Mobscene   [mobscene@dal.net]   |
>> :bifrost.ca.us.dal.net 372 apresas :-    |/   |                                   |
>> :bifrost.ca.us.dal.net 372 apresas :-   (||   .__Rules____________________________.
>> :bifrost.ca.us.dal.net 372 apresas :-    ||   | * No malicious bots.              |
>> :bifrost.ca.us.dal.net 372 apresas :-    ||)  | * No channel fillers of any kind. |
>> :bifrost.ca.us.dal.net 372 apresas :-    |/   | * No user/operator impersonators. |
>> :bifrost.ca.us.dal.net 372 apresas :-   (|/   |                                   |
>> :bifrost.ca.us.dal.net 372 apresas :-    ||   .__Channels_________________________.
>> :bifrost.ca.us.dal.net 372 apresas :-    ||   | * #OperHelp -> IRC Operator help  |
>> :bifrost.ca.us.dal.net 372 apresas :-    ||   | * #Help -> IRC/services help      |
>> :bifrost.ca.us.dal.net 372 apresas :-    ||   | * #Dragonrealm -> Network base    |
>> :bifrost.ca.us.dal.net 372 apresas :-   (OO)   ~~~~~~~~~~~~~~~~~~~~~~~~~~~~~~~~~~~
>> :bifrost.ca.us.dal.net 372 apresas :-    ()
>> :bifrost.ca.us.dal.net 372 apresas :- 
>> :bifrost.ca.us.dal.net 372 apresas :-        In loving memory of Carlos Anibarro.
>> :bifrost.ca.us.dal.net 372 apresas :- 
>> :bifrost.ca.us.dal.net 372 apresas :-    By connecting to this network, you agree to
>> :bifrost.ca.us.dal.net 372 apresas :-    abide by its acceptable use policy (AUP), 
>> :bifrost.ca.us.dal.net 372 apresas :-    available on our website: 
>> :bifrost.ca.us.dal.net 372 apresas :-                      https://www.dal.net/aup 
>> :bifrost.ca.us.dal.net 376 apresas :End of /MOTD command.
>> :apresas MODE apresas :+iH
>> :NickServ!service@dal.net NOTICE apresas :Bienvenido(a) a DALnet! Sabías que nuestros servicios apoyan su idioma? Escriba: /NickServ LANG ES para probarlo.
<< PING bifrost.ca.us.dal.net
>> :bifrost.ca.us.dal.net PONG bifrost.ca.us.dal.net :apresas
--> lag pong
<< PING bifrost.ca.us.dal.net
>> :bifrost.ca.us.dal.net PONG bifrost.ca.us.dal.net :apresas
--> lag pong
<< PING bifrost.ca.us.dal.net
>> :bifrost.ca.us.dal.net PONG bifrost.ca.us.dal.net :apresas
--> lag pong
<< PING bifrost.ca.us.dal.net
>> :bifrost.ca.us.dal.net PONG bifrost.ca.us.dal.net :apresas
--> lag pong
<< PING bifrost.ca.us.dal.net
>> :bifrost.ca.us.dal.net PONG bifrost.ca.us.dal.net :apresas
--> lag pong
<< PING bifrost.ca.us.dal.net
>> :bifrost.ca.us.dal.net PONG bifrost.ca.us.dal.net :apresas
--> lag pong
<< PING bifrost.ca.us.dal.net
>> :bifrost.ca.us.dal.net PONG bifrost.ca.us.dal.net :apresas
--> lag pong
<< PING bifrost.ca.us.dal.net
>> :bifrost.ca.us.dal.net PONG bifrost.ca.us.dal.net :apresas
--> lag pong
<< PING bifrost.ca.us.dal.net
>> :bifrost.ca.us.dal.net PONG bifrost.ca.us.dal.net :apresas
--> lag pong
<< PING bifrost.ca.us.dal.net
>> :bifrost.ca.us.dal.net PONG bifrost.ca.us.dal.net :apresas
--> lag pong
<< PING bifrost.ca.us.dal.net
>> :bifrost.ca.us.dal.net PONG bifrost.ca.us.dal.net :apresas
--> lag pong
<< PING bifrost.ca.us.dal.net
>> :bifrost.ca.us.dal.net PONG bifrost.ca.us.dal.net :apresas
--> lag pong
<< PING bifrost.ca.us.dal.net
>> :bifrost.ca.us.dal.net PONG bifrost.ca.us.dal.net :apresas
--> lag pong
<< PING bifrost.ca.us.dal.net
>> :bifrost.ca.us.dal.net PONG bifrost.ca.us.dal.net :apresas
--> lag pong
<< JOIN #ft_irc_test
>> :apresas!~apresas@c944-dde9-1a92-6fdd-8511.dynamic.jazztel.es JOIN :#ft_irc_test
>> :bifrost.ca.us.dal.net 353 apresas = #ft_irc_test :@apresas 
>> :bifrost.ca.us.dal.net 366 apresas #ft_irc_test :End of /NAMES list.
<< MODE #ft_irc_test
>> :bifrost.ca.us.dal.net 324 apresas #ft_irc_test + 
--> chanquery mode
>> :bifrost.ca.us.dal.net 329 apresas #ft_irc_test 1734122524
--> event 329
<< WHO #ft_irc_test
>> :bifrost.ca.us.dal.net 352 apresas #ft_irc_test ~apresas c944-dde9-1a92-6fdd-8511.dynamic.jazztel.es bifrost.ca.us.dal.net apresas H@ :0 albert
--> silent event who
>> :bifrost.ca.us.dal.net 315 apresas #ft_irc_test :End of /WHO list.
--> chanquery who end
<< MODE #ft_irc_test b
>> :bifrost.ca.us.dal.net 368 apresas #ft_irc_test :End of Channel Ban List
--> chanquery ban end
>> :Wawagate!~apresas@c944-dde9-1a92-6fdd-8511.dynamic.jazztel.es JOIN :#ft_irc_test
<< PING bifrost.ca.us.dal.net
>> :bifrost.ca.us.dal.net PONG bifrost.ca.us.dal.net :apresas
--> lag pong
>> :Wawagate!~apresas@c944-dde9-1a92-6fdd-8511.dynamic.jazztel.es PRIVMSG #ft_irc_test :hi
<< PRIVMSG #ft_irc_test :hello
>> :Wawagate!~apresas@c944-dde9-1a92-6fdd-8511.dynamic.jazztel.es PRIVMSG #ft_irc_test :I'm gonna leave now
<< PRIVMSG #ft_irc_test :Okay, I'm the operator now, let's see how you leave, leave a message
>> :Wawagate!~apresas@c944-dde9-1a92-6fdd-8511.dynamic.jazztel.es PRIVMSG #ft_irc_test :Ok
<< PING bifrost.ca.us.dal.net
>> :bifrost.ca.us.dal.net PONG bifrost.ca.us.dal.net :apresas
--> lag pong
>> :Wawagate!~apresas@c944-dde9-1a92-6fdd-8511.dynamic.jazztel.es QUIT :Quit: This is my quitting message
<< PING bifrost.ca.us.dal.net
>> :bifrost.ca.us.dal.net PONG bifrost.ca.us.dal.net :apresas
--> lag pong
<< PING bifrost.ca.us.dal.net
>> :bifrost.ca.us.dal.net PONG bifrost.ca.us.dal.net :apresas
--> lag pong
<< PING bifrost.ca.us.dal.net
>> :bifrost.ca.us.dal.net PONG bifrost.ca.us.dal.net :apresas
--> lag pong
<< PING bifrost.ca.us.dal.net
>> :bifrost.ca.us.dal.net PONG bifrost.ca.us.dal.net :apresas
--> lag pong
<< PING bifrost.ca.us.dal.net
>> :bifrost.ca.us.dal.net PONG bifrost.ca.us.dal.net :apresas
--> lag pong
<< PING bifrost.ca.us.dal.net
>> :bifrost.ca.us.dal.net PONG bifrost.ca.us.dal.net :apresas
--> lag pong
<< PING bifrost.ca.us.dal.net
>> :bifrost.ca.us.dal.net PONG bifrost.ca.us.dal.net :apresas
--> lag pong
<< PING bifrost.ca.us.dal.net
>> :bifrost.ca.us.dal.net PONG bifrost.ca.us.dal.net :apresas
--> lag pong
<< PING bifrost.ca.us.dal.net
>> :bifrost.ca.us.dal.net PONG bifrost.ca.us.dal.net :apresas
--> lag pong
<< PING bifrost.ca.us.dal.net
>> :bifrost.ca.us.dal.net PONG bifrost.ca.us.dal.net :apresas
--> lag pong
>> :apresas_!~apresas@c944-dde9-1a92-6fdd-8511.dynamic.jazztel.es JOIN :#ft_irc_test
<< PING bifrost.ca.us.dal.net
>> :bifrost.ca.us.dal.net PONG bifrost.ca.us.dal.net :apresas
--> lag pong
<< PING bifrost.ca.us.dal.net
>> :bifrost.ca.us.dal.net PONG bifrost.ca.us.dal.net :apresas
--> lag pong
<< PING bifrost.ca.us.dal.net
>> :bifrost.ca.us.dal.net PONG bifrost.ca.us.dal.net :apresas
--> lag pong
<< PING bifrost.ca.us.dal.net
>> :bifrost.ca.us.dal.net PONG bifrost.ca.us.dal.net :apresas
--> lag pong
<< PING bifrost.ca.us.dal.net
>> :bifrost.ca.us.dal.net PONG bifrost.ca.us.dal.net :apresas
--> lag pong
<< PING bifrost.ca.us.dal.net
>> :bifrost.ca.us.dal.net PONG bifrost.ca.us.dal.net :apresas
--> lag pong
<< PING bifrost.ca.us.dal.net
>> :bifrost.ca.us.dal.net PONG bifrost.ca.us.dal.net :apresas
--> lag pong
<< PING bifrost.ca.us.dal.net
>> :bifrost.ca.us.dal.net PONG bifrost.ca.us.dal.net :apresas
--> lag pong
<< PING bifrost.ca.us.dal.net
>> :bifrost.ca.us.dal.net PONG bifrost.ca.us.dal.net :apresas
--> lag pong
<< PING bifrost.ca.us.dal.net
>> :bifrost.ca.us.dal.net PONG bifrost.ca.us.dal.net :apresas
--> lag pong
<< PING bifrost.ca.us.dal.net
>> :bifrost.ca.us.dal.net PONG bifrost.ca.us.dal.net :apresas
--> lag pong
<< PING bifrost.ca.us.dal.net
>> :bifrost.ca.us.dal.net PONG bifrost.ca.us.dal.net :apresas
--> lag pong
<< PING bifrost.ca.us.dal.net
>> :bifrost.ca.us.dal.net PONG bifrost.ca.us.dal.net :apresas
--> lag pong
<< PING bifrost.ca.us.dal.net
>> :bifrost.ca.us.dal.net PONG bifrost.ca.us.dal.net :apresas
--> lag pong
<< PING bifrost.ca.us.dal.net
>> :bifrost.ca.us.dal.net PONG bifrost.ca.us.dal.net :apresas
--> lag pong
<< PING bifrost.ca.us.dal.net
>> :bifrost.ca.us.dal.net PONG bifrost.ca.us.dal.net :apresas
--> lag pong
<< PING bifrost.ca.us.dal.net
>> :bifrost.ca.us.dal.net PONG bifrost.ca.us.dal.net :apresas
--> lag pong
<< PING bifrost.ca.us.dal.net
>> :bifrost.ca.us.dal.net PONG bifrost.ca.us.dal.net :apresas
--> lag pong
<< PING bifrost.ca.us.dal.net
>> :bifrost.ca.us.dal.net PONG bifrost.ca.us.dal.net :apresas
--> lag pong
<< PING bifrost.ca.us.dal.net
>> :bifrost.ca.us.dal.net PONG bifrost.ca.us.dal.net :apresas
--> lag pong
<< PING bifrost.ca.us.dal.net
>> :bifrost.ca.us.dal.net PONG bifrost.ca.us.dal.net :apresas
--> lag pong
<< PING bifrost.ca.us.dal.net
>> :bifrost.ca.us.dal.net PONG bifrost.ca.us.dal.net :apresas
--> lag pong
<< PING bifrost.ca.us.dal.net
>> :bifrost.ca.us.dal.net PONG bifrost.ca.us.dal.net :apresas
--> lag pong
<< PING bifrost.ca.us.dal.net
>> :bifrost.ca.us.dal.net PONG bifrost.ca.us.dal.net :apresas
--> lag pong
<< PING bifrost.ca.us.dal.net
>> :bifrost.ca.us.dal.net PONG bifrost.ca.us.dal.net :apresas
--> lag pong
<< PING bifrost.ca.us.dal.net
>> :bifrost.ca.us.dal.net PONG bifrost.ca.us.dal.net :apresas
--> lag pong
<< PING bifrost.ca.us.dal.net
>> :bifrost.ca.us.dal.net PONG bifrost.ca.us.dal.net :apresas
--> lag pong
<< PING bifrost.ca.us.dal.net
>> :bifrost.ca.us.dal.net PONG bifrost.ca.us.dal.net :apresas
--> lag pong
<< PING bifrost.ca.us.dal.net
>> :bifrost.ca.us.dal.net PONG bifrost.ca.us.dal.net :apresas
--> lag pong
>> :apresas_!~apresas@c944-dde9-1a92-6fdd-8511.dynamic.jazztel.es QUIT :Quit: leaving
<< QUIT :leaving
