<< CAP LS 302
<< JOIN :
>> :punch.wa.us.dal.net NOTICE AUTH :*** Looking up your hostname...
>> :punch.wa.us.dal.net NOTICE AUTH :*** Found your hostname
>> :punch.wa.us.dal.net 451 * JOIN :You must finish connecting with another nickname first.
<< NICK apresas
<< USER apresas apresas irc.dal.net :albert
>> :punch.wa.us.dal.net 001 apresas :Welcome to the DALnet IRC Network apresas!~apresas@173.36.135.37.dynamic.jazztel.es
<< MODE apresas +i
>> :punch.wa.us.dal.net 002 apresas :Your host is punch.wa.us.dal.net, running version bahamut-2.2.3
>> :punch.wa.us.dal.net 003 apresas :This server was created Mon Dec 11 2023 at 20:33:25 UTC
>> :punch.wa.us.dal.net 004 apresas punch.wa.us.dal.net bahamut-2.2.3 aAbcCdefFghHiIjkKmnoOPrRsSwxXy AbceiIjklLmMnoOpPrRsStv beIjklov
>> :punch.wa.us.dal.net 005 apresas NETWORK=DALnet SAFELIST MAXBANS=200 MAXCHANNELS=50 CHANNELLEN=32 KICKLEN=307 NICKLEN=30 TOPICLEN=307 MODES=6 CHANTYPES=# CHANLIMIT=#:50 PREFIX=(ohv)@%+ STATUSMSG=@%+ :are available on this server
>> :punch.wa.us.dal.net 005 apresas CASEMAPPING=ascii WATCH=128 SILENCE=10 ELIST=cmntu EXCEPTS INVEX CHANMODES=beI,k,jl,ciPAmMnOprRsSt MAXLIST=b:200,e:100,I:100 TARGMAX=DCCALLOW:,JOIN:,KICK:4,KILL:20,NOTICE:20,PART:,PRIVMSG:20,WHOIS:,WHOWAS: :are available on this server
>> :punch.wa.us.dal.net 251 apresas :There are 49 users and 6377 invisible on 39 servers
>> :punch.wa.us.dal.net 252 apresas 81 :IRC Operators online
>> :punch.wa.us.dal.net 254 apresas 3431 :channels formed
>> :punch.wa.us.dal.net 255 apresas :I have 250 clients and 1 servers
>> :punch.wa.us.dal.net 265 apresas :Current local users: 250 Max: 2105
>> :punch.wa.us.dal.net 266 apresas :Current global users: 6426 Max: 12060
>> :punch.wa.us.dal.net NOTICE apresas :*** Notice -- motd was last changed at 14/8/2020 11:15
>> :punch.wa.us.dal.net NOTICE apresas :*** Notice -- Please read the motd if you haven't read it
>> :punch.wa.us.dal.net 375 apresas :- punch.wa.us.dal.net Message of the Day - 
>> :punch.wa.us.dal.net 372 apresas :- 
>> :punch.wa.us.dal.net 372 apresas :- Welcome to DALnet!  This is punch.wa.us.dal.net, and YOU are
>> :punch.wa.us.dal.net 372 apresas :- the reason punch.* is here!
>> :punch.wa.us.dal.net 372 apresas :- 
>> :punch.wa.us.dal.net 372 apresas :-                     SERVER RULES:                   
>> :punch.wa.us.dal.net 372 apresas :-                                                      
>> :punch.wa.us.dal.net 372 apresas :-       IMPERSONATION, CLONING, SPAMMING, FLOODING,    
>> :punch.wa.us.dal.net 372 apresas :-             OR ANY OTHER KIND OF ABUSE CAN             
>> :punch.wa.us.dal.net 372 apresas :-        AND WILL CAUSE YOU TO BE BANNED FROM THIS      
>> :punch.wa.us.dal.net 372 apresas :-                SERVER AT ANY GIVEN TIME               
>> :punch.wa.us.dal.net 372 apresas :- 
>> :punch.wa.us.dal.net 372 apresas :- We reserve the right to deny access to this server without
>> :punch.wa.us.dal.net 372 apresas :- warning or explanation.  Usage is governed by the DALnet
>> :punch.wa.us.dal.net 372 apresas :- AUP at <http://www.dal.net/aup/>.
>> :punch.wa.us.dal.net 372 apresas :- 
>> :punch.wa.us.dal.net 372 apresas :-   * For help:                      /join #help              *
>> :punch.wa.us.dal.net 372 apresas :-   * For IRCop/CSop assistance:     /join #OperHelp          *
>> :punch.wa.us.dal.net 372 apresas :-   * For multilingual information:  <http://docs.dal.net/>   *
>> :punch.wa.us.dal.net 372 apresas :-   * For server related problems:   punch-staff@dal.net      *
>> :punch.wa.us.dal.net 372 apresas :- 
>> :punch.wa.us.dal.net 372 apresas :- For assistance with trojan or virus removal please /join #NoHack
>> :punch.wa.us.dal.net 372 apresas :- 
>> :punch.wa.us.dal.net 372 apresas :- This server does not check for ident, and does not support ident.
>> :punch.wa.us.dal.net 372 apresas :- To help prevent abuse, this server will check your PC for open proxy
>> :punch.wa.us.dal.net 372 apresas :- servers when you connect. If you do not want this test performed,
>> :punch.wa.us.dal.net 372 apresas :- do not connect.
>> :punch.wa.us.dal.net 372 apresas :- 
>> :punch.wa.us.dal.net 372 apresas :- Please feel free to visit the only official punch.* server channel,
>> :punch.wa.us.dal.net 372 apresas :- #punch.
>> :punch.wa.us.dal.net 372 apresas :- 
>> :punch.wa.us.dal.net 372 apresas :- Are you using SSL?  If not, why not?  Point your IRC client to
>> :punch.wa.us.dal.net 372 apresas :- TCP 6697 on punch.dal.net for encrypted chatting!
>> :punch.wa.us.dal.net 372 apresas :- 
>> :punch.wa.us.dal.net 372 apresas :- More useful:
>> :punch.wa.us.dal.net 372 apresas :- 
>> :punch.wa.us.dal.net 372 apresas :- Some children saw Nasreddin coming from the vineyard with two
>> :punch.wa.us.dal.net 372 apresas :- baskets full of grapes loaded on his donkey. They gathered around
>> :punch.wa.us.dal.net 372 apresas :- him and asked him to give them a taste.  Nasreddin picked up a
>> :punch.wa.us.dal.net 372 apresas :- bunch of grapes and gave each child a grape.  "You have so much,
>> :punch.wa.us.dal.net 372 apresas :- but you gave us so little," the children whined.  "There is no
>> :punch.wa.us.dal.net 372 apresas :- difference whether you have a basketful or a small piece. They
>> :punch.wa.us.dal.net 372 apresas :- all taste the same," Nasreddin answered, and continued on his way.
>> :punch.wa.us.dal.net 372 apresas :- 
>> :punch.wa.us.dal.net 372 apresas :- Your hosts are:
>> :punch.wa.us.dal.net 372 apresas :- 
>> :punch.wa.us.dal.net 372 apresas :-    robt@DAL.net     - Administrator
>> :punch.wa.us.dal.net 372 apresas :-    visigoth@DAL.net - IRC Operator, Services Administrator
>> :punch.wa.us.dal.net 372 apresas :-    key@DAL.net      - IRC Operator
>> :punch.wa.us.dal.net 372 apresas :- 
>> :punch.wa.us.dal.net 372 apresas :- Please enjoy your stay and thank you for being part of DALnet!
>> :punch.wa.us.dal.net 372 apresas :- 
>> :punch.wa.us.dal.net 376 apresas :End of /MOTD command.
>> :punch.wa.us.dal.net NOTICE apresas :*** Notice -- This server runs an open proxy monitor to prevent abuse.
>> :punch.wa.us.dal.net NOTICE apresas :*** Notice -- If you see connections on various ports from irc.dal.net
>> :punch.wa.us.dal.net NOTICE apresas :*** Notice -- please disregard them, as they are the monitor in action.
>> :punch.wa.us.dal.net NOTICE apresas :*** Notice -- For more information please visit http://kline.dal.net/proxy/
>> :apresas MODE apresas :+iH
>> :NickServ!service@dal.net NOTICE apresas :Bienvenido(a) a DALnet! Sabías que nuestros servicios apoyan su idioma? Escriba: /NickServ LANG ES para probarlo.
<< PING punch.wa.us.dal.net
>> :punch.wa.us.dal.net PONG punch.wa.us.dal.net :apresas
--> lag pong
<< PASS
>> :punch.wa.us.dal.net 461 apresas PASS :Not enough parameters
<< PASS yea
>> :punch.wa.us.dal.net 462 apresas :You may not reregister
<< PASS asds
>> :punch.wa.us.dal.net 462 apresas :You may not reregister
<< PING punch.wa.us.dal.net
>> :punch.wa.us.dal.net PONG punch.wa.us.dal.net :apresas
--> lag pong
<< PING punch.wa.us.dal.net
>> :punch.wa.us.dal.net PONG punch.wa.us.dal.net :apresas
--> lag pong
<< PING punch.wa.us.dal.net
>> :punch.wa.us.dal.net PONG punch.wa.us.dal.net :apresas
--> lag pong
<< PING punch.wa.us.dal.net
>> :punch.wa.us.dal.net PONG punch.wa.us.dal.net :apresas
--> lag pong
<< PING punch.wa.us.dal.net
>> :punch.wa.us.dal.net PONG punch.wa.us.dal.net :apresas
--> lag pong
<< PING punch.wa.us.dal.net
>> :punch.wa.us.dal.net PONG punch.wa.us.dal.net :apresas
--> lag pong
<< PING punch.wa.us.dal.net
>> :punch.wa.us.dal.net PONG punch.wa.us.dal.net :apresas
--> lag pong
<< PING punch.wa.us.dal.net
>> :punch.wa.us.dal.net PONG punch.wa.us.dal.net :apresas
--> lag pong
<< PING punch.wa.us.dal.net
>> :punch.wa.us.dal.net PONG punch.wa.us.dal.net :apresas
--> lag pong
<< PING punch.wa.us.dal.net
>> :punch.wa.us.dal.net PONG punch.wa.us.dal.net :apresas
--> lag pong
<< PING punch.wa.us.dal.net
>> :punch.wa.us.dal.net PONG punch.wa.us.dal.net :apresas
--> lag pong
<< QUIT :leaving
