<< CAP LS 302
<< JOIN :
>> :bifrost.ca.us.dal.net NOTICE AUTH :*** Looking up your hostname...
>> :bifrost.ca.us.dal.net NOTICE AUTH :*** Found your hostname, cached
>> :bifrost.ca.us.dal.net NOTICE AUTH :*** Checking Ident
>> :bifrost.ca.us.dal.net NOTICE AUTH :*** No Ident response
>> :bifrost.ca.us.dal.net 451 * JOIN :You must finish connecting with another nickname first.
<< NICK apresas
<< USER apresas apresas irc.dal.net :albert
>> :bifrost.ca.us.dal.net 433 * apresas :Nickname is already in use.
<< NICK apresas_
>> :bifrost.ca.us.dal.net 001 apresas_ :Welcome to the DALnet IRC Network apresas_!~apresas@231.97.133.37.dynamic.jazztel.es
<< MODE apresas_ +i
<< WHOIS apresas
>> :bifrost.ca.us.dal.net 002 apresas_ :Your host is bifrost.ca.us.dal.net, running version bahamut-2.2.2
>> :bifrost.ca.us.dal.net 003 apresas_ :This server was created Wed Oct 12 2022 at 17:21:47 EDT
>> :bifrost.ca.us.dal.net 004 apresas_ bifrost.ca.us.dal.net bahamut-2.2.2 aAbcCdefFghHiIjkKmnoOPrRsSwxXy AbceiIjklLmMnoOpPrRsStv beIjklov
>> :bifrost.ca.us.dal.net 005 apresas_ NETWORK=DALnet SAFELIST MAXBANS=200 MAXCHANNELS=30 CHANNELLEN=32 KICKLEN=307 NICKLEN=30 TOPICLEN=307 MODES=6 CHANTYPES=# CHANLIMIT=#:30 PREFIX=(ohv)@%+ STATUSMSG=@%+ :are available on this server
>> :bifrost.ca.us.dal.net 005 apresas_ CASEMAPPING=ascii WATCH=128 SILENCE=10 ELIST=cmntu EXCEPTS INVEX CHANMODES=beI,k,jl,ciPAmMnOprRsSt MAXLIST=b:200,e:100,I:100 TARGMAX=DCCALLOW:,JOIN:,KICK:4,KILL:20,NOTICE:20,PART:,PRIVMSG:20,WHOIS:,WHOWAS: :are available on this server
>> :bifrost.ca.us.dal.net 251 apresas_ :There are 50 users and 6985 invisible on 39 servers
>> :bifrost.ca.us.dal.net 252 apresas_ 77 :IRC Operators online
>> :bifrost.ca.us.dal.net 254 apresas_ 3595 :channels formed
>> :bifrost.ca.us.dal.net 255 apresas_ :I have 220 clients and 1 servers
>> :bifrost.ca.us.dal.net 265 apresas_ :Current local users: 220 Max: 601
>> :bifrost.ca.us.dal.net 266 apresas_ :Current global users: 7035 Max: 12060
>> :bifrost.ca.us.dal.net NOTICE apresas_ :*** Notice -- motd was last changed at 7/10/2024 22:36
>> :bifrost.ca.us.dal.net NOTICE apresas_ :*** Notice -- Please read the motd if you haven't read it
>> :bifrost.ca.us.dal.net 375 apresas_ :- bifrost.ca.us.dal.net Message of the Day - 
>> :bifrost.ca.us.dal.net 372 apresas_ :-   
>> :bifrost.ca.us.dal.net 372 apresas_ :-            *
>> :bifrost.ca.us.dal.net 372 apresas_ :- *  /\     The rainbow bridge
>> :bifrost.ca.us.dal.net 372 apresas_ :-       (())  leading from Asgard to Midgard.
>> :bifrost.ca.us.dal.net 372 apresas_ :-      ((OO))*    
>> :bifrost.ca.us.dal.net 372 apresas_ :-       (())  _     _  __               _
>> :bifrost.ca.us.dal.net 372 apresas_ :-    00      | |__ (_)/ _|_ __ ___  ___| |_
>> :bifrost.ca.us.dal.net 372 apresas_ :-    ||)     | '_ \| | |_| '__/ _ \/ __| __|
>> :bifrost.ca.us.dal.net 372 apresas_ :-    |/      | |_) | |  _| | | (_) \__ \ |_
>> :bifrost.ca.us.dal.net 372 apresas_ :-   (||      |_.__/|_|_| |_|  \___/|___/\__|
>> :bifrost.ca.us.dal.net 372 apresas_ :-    ||                bifrost.ca.us.dal.net
>> :bifrost.ca.us.dal.net 372 apresas_ :-    ||)   
>> :bifrost.ca.us.dal.net 372 apresas_ :-    |/   .__Administrators___________________.
>> :bifrost.ca.us.dal.net 372 apresas_ :-   (||   | * heimdall   [heimdall@dal.net]   |
>> :bifrost.ca.us.dal.net 372 apresas_ :-    ||   | * tau        [tau@dal.net]        |
>> :bifrost.ca.us.dal.net 372 apresas_ :-    ||)  |                                   |
>> :bifrost.ca.us.dal.net 372 apresas_ :-    |/   .__Operators________________________.
>> :bifrost.ca.us.dal.net 372 apresas_ :-   (||   | * adam       [adam@dal.net]       |
>> :bifrost.ca.us.dal.net 372 apresas_ :-    ||   | * chalcedony [chalcedony@dal.net] |
>> :bifrost.ca.us.dal.net 372 apresas_ :-    ||)  | * Estella    [estella@dal.net]    |
>> :bifrost.ca.us.dal.net 372 apresas_ :-    |/   | * jeian      [jeian@dal.net]      |
>> :bifrost.ca.us.dal.net 372 apresas_ :-   (||   | * knas       [knas@dal.net]       |
>> :bifrost.ca.us.dal.net 372 apresas_ :-    ||   | * phil       [phil@dal.net]       |
>> :bifrost.ca.us.dal.net 372 apresas_ :-    ||)  | * Mobscene   [mobscene@dal.net]   |
>> :bifrost.ca.us.dal.net 372 apresas_ :-    |/   |                                   |
>> :bifrost.ca.us.dal.net 372 apresas_ :-   (||   .__Rules____________________________.
>> :bifrost.ca.us.dal.net 372 apresas_ :-    ||   | * No malicious bots.              |
>> :bifrost.ca.us.dal.net 372 apresas_ :-    ||)  | * No channel fillers of any kind. |
>> :bifrost.ca.us.dal.net 372 apresas_ :-    |/   | * No user/operator impersonators. |
>> :bifrost.ca.us.dal.net 372 apresas_ :-   (|/   |                                   |
>> :bifrost.ca.us.dal.net 372 apresas_ :-    ||   .__Channels_________________________.
>> :bifrost.ca.us.dal.net 372 apresas_ :-    ||   | * #OperHelp -> IRC Operator help  |
>> :bifrost.ca.us.dal.net 372 apresas_ :-    ||   | * #Help -> IRC/services help      |
>> :bifrost.ca.us.dal.net 372 apresas_ :-    ||   | * #Dragonrealm -> Network base    |
>> :bifrost.ca.us.dal.net 372 apresas_ :-   (OO)   ~~~~~~~~~~~~~~~~~~~~~~~~~~~~~~~~~~~
>> :bifrost.ca.us.dal.net 372 apresas_ :-    ()
>> :bifrost.ca.us.dal.net 372 apresas_ :- 
>> :bifrost.ca.us.dal.net 372 apresas_ :-        In loving memory of Carlos Anibarro.
>> :bifrost.ca.us.dal.net 372 apresas_ :- 
>> :bifrost.ca.us.dal.net 372 apresas_ :-    By connecting to this network, you agree to
>> :bifrost.ca.us.dal.net 372 apresas_ :-    abide by its acceptable use policy (AUP), 
>> :bifrost.ca.us.dal.net 372 apresas_ :-    available on our website: 
>> :bifrost.ca.us.dal.net 372 apresas_ :-                      https://www.dal.net/aup 
>> :bifrost.ca.us.dal.net 376 apresas_ :End of /MOTD command.
>> :apresas_ MODE apresas_ :+iH
>> :NickServ!service@dal.net NOTICE apresas_ :Bienvenido(a) a DALnet! Sabías que nuestros servicios apoyan su idioma? Escriba: /NickServ LANG ES para probarlo.
>> :bifrost.ca.us.dal.net 311 apresas_ apresas ~apresas c944-dde9-1a92-6fdd-8511.dynamic.jazztel.es * :albert
--> nickfind event whois
>> :bifrost.ca.us.dal.net 312 apresas_ apresas bifrost.ca.us.dal.net :IRC is just multiplayer notepad
--> event empty
>> :bifrost.ca.us.dal.net 317 apresas_ apresas 541 1734121660 :seconds idle, signon time
--> event empty
>> :bifrost.ca.us.dal.net 318 apresas_ apresas :End of /WHOIS list.
--> event empty
<< PING bifrost.ca.us.dal.net
>> :bifrost.ca.us.dal.net PONG bifrost.ca.us.dal.net :apresas_
--> lag pong
<< PING bifrost.ca.us.dal.net
>> :bifrost.ca.us.dal.net PONG bifrost.ca.us.dal.net :apresas_
--> lag pong
<< PING bifrost.ca.us.dal.net
>> :bifrost.ca.us.dal.net PONG bifrost.ca.us.dal.net :apresas_
--> lag pong
<< PING bifrost.ca.us.dal.net
>> :bifrost.ca.us.dal.net PONG bifrost.ca.us.dal.net :apresas_
--> lag pong
<< PING bifrost.ca.us.dal.net
>> :bifrost.ca.us.dal.net PONG bifrost.ca.us.dal.net :apresas_
--> lag pong
<< NICK Wawagate
>> :apresas_!~apresas@c944-dde9-1a92-6fdd-8511.dynamic.jazztel.es NICK :Wawagate
<< JOIN #ft_irc_test
>> :Wawagate!~apresas@c944-dde9-1a92-6fdd-8511.dynamic.jazztel.es JOIN :#ft_irc_test
>> :bifrost.ca.us.dal.net 353 Wawagate = #ft_irc_test :Wawagate @apresas 
>> :bifrost.ca.us.dal.net 366 Wawagate #ft_irc_test :End of /NAMES list.
<< MODE #ft_irc_test
>> :bifrost.ca.us.dal.net 324 Wawagate #ft_irc_test + 
--> chanquery mode
>> :bifrost.ca.us.dal.net 329 Wawagate #ft_irc_test 1734122524
--> event 329
<< WHO #ft_irc_test
>> :bifrost.ca.us.dal.net 352 Wawagate #ft_irc_test ~apresas c944-dde9-1a92-6fdd-8511.dynamic.jazztel.es bifrost.ca.us.dal.net Wawagate H :0 albert
--> silent event who
>> :bifrost.ca.us.dal.net 352 Wawagate #ft_irc_test ~apresas c944-dde9-1a92-6fdd-8511.dynamic.jazztel.es bifrost.ca.us.dal.net apresas H@ :0 albert
--> silent event who
>> :bifrost.ca.us.dal.net 315 Wawagate #ft_irc_test :End of /WHO list.
--> chanquery who end
<< MODE #ft_irc_test b
>> :bifrost.ca.us.dal.net 368 Wawagate #ft_irc_test :End of Channel Ban List
--> chanquery ban end
<< PING bifrost.ca.us.dal.net
>> :bifrost.ca.us.dal.net PONG bifrost.ca.us.dal.net :Wawagate
--> lag pong
<< PRIVMSG #ft_irc_test :hi
>> :apresas!~apresas@c944-dde9-1a92-6fdd-8511.dynamic.jazztel.es PRIVMSG #ft_irc_test :hello
<< PRIVMSG #ft_irc_test :I'm gonna leave now
>> :apresas!~apresas@c944-dde9-1a92-6fdd-8511.dynamic.jazztel.es PRIVMSG #ft_irc_test :Okay, I'm the operator now, let's see how you leave, leave a message
<< PRIVMSG #ft_irc_test :Ok
<< QUIT :This is my quitting message
>> ERROR :Closing Link: 231.97.133.37.dynamic.jazztel.es (Quit: This is my quitting message)
