<< CAP LS 302
<< JOIN :
>> :ft_irc.42.fr NOTICE AUTH :*** Looking up your hostname
>> :ft_irc.42.fr NOTICE AUTH :*** Couldn't resolve your hostname; using a placeholder instead
>> :ft_irc.42.fr 451  * :You have not registered
<< PASS wawagate.com
<< NICK apresas
<< USER apresas apresas 192.168.1.129 :albert
>> :!@placeholder.42.fr NICK :apresas <<< BUG HERE I THINK
// There should be no reply to the NICK command if its the fisrt time setting the nickname

// Also next CMD to implement, NOTICE

////////////////////////////////////////////////////////////////////////////////////////
////////////////////////////////////////////////////////////////////////////////////////
////////////////////////////////////////////////////////////////////////////////////////
////////////////////////////////////////////////////////////////////////////////////////

<< CAP LS 302
<< JOIN :
>> :ft_irc.42.fr NOTICE AUTH :*** Looking up your hostname
>> :ft_irc.42.fr NOTICE AUTH :*** Couldn't resolve your hostname; using a placeholder instead
>> :ft_irc.42.fr 451  * :You have not registered
<< PASS wawagate.com
<< NICK apresas
<< USER apresas apresas 192.168.1.129 :albert
>> :ft_irc.42.fr 433  apresas :Nickname is already in use
<< NICK Nickname1is already in use
>> :ft_irc.42.fr 432  Nickname1is :Erroneous nickname

// Crazy bug right here
If the nickname with which you join is already in use, some weird things happen.

I think I solved it. It was trying to put the nickname in the first parameter, but since it was
empty, there was no first param and that caused the bug.
Now, I made it so if the nickname is empty, it should set that first parameter to "*" like other
servers do.

Results:

<< CAP LS 302
<< JOIN :
>> :ft_irc.42.fr NOTICE AUTH :*** Looking up your hostname
>> :ft_irc.42.fr NOTICE AUTH :*** Couldn't resolve your hostname; using a placeholder instead
>> :ft_irc.42.fr 451 * :You have not registered
<< PASS wawagate.com
<< NICK apresas
<< USER apresas apresas 192.168.1.129 :albert
>> :ft_irc.42.fr 433 * apresas :Nickname is already in use
<< NICK apresas_

It works perfectly now, yessir yessir

//////// VERSION TESTING

<< CAP LS 302
<< JOIN :
>> :ft_irc.42.fr NOTICE AUTH :*** Looking up your hostname
>> :ft_irc.42.fr NOTICE AUTH :*** Couldn't resolve your hostname; using a placeholder instead
>> :ft_irc.42.fr 451 * :You have not registered
<< PASS wawagate.com
<< NICK apresas
<< USER apresas apresas 192.168.1.129 :albert
>> :ft_irc.42.fr 001 apresas :Welcome to the Internet Relay Network apresas!apresas@placeholder.42.fr
>> :ft_irc.42.fr 002 apresas :Your host is ft_irc.42.fr, running version 1.0
>> :ft_irc.42.fr 003 apresas :This server was created Fri, Jan 10 at 19:39:38 UTC
>> :ft_irc.42.fr 004 apresas ft_irc.42.fr 1.0 aiwroOs itkol
<< MODE apresas +i
>> :apresas MODE apresas +i
<< PING ft_irc.42.fr
>> :ft_irc.42.fr 421 apresas PING :Unknown command
<< VERSION
>> :ft_irc.42.fr 351 apresas 1.0. ft_irc.42.fr :aiwroOs itkol
<< VERSION ft_irc.42.fr
>> :ft_irc.42.fr 351 apresas 1.0. ft_irc.42.fr :aiwroOs itkol
<< VERSION ft_irc.42.f
>> :ft_irc.42.fr 402 apresas ft_irc.42.f :No such server
<< NOTICE yessir
<< CAP LS 302
<< JOIN :
>> :ft_irc.42.fr NOTICE AUTH :*** Looking up your hostname
>> :ft_irc.42.fr NOTICE AUTH :*** Couldn't resolve your hostname; using a placeholder instead
>> :ft_irc.42.fr 451 * :You have not registered
<< PASS wawagate.com
<< NICK apresas
<< USER apresas apresas 192.168.1.129 :albert
>> :ft_irc.42.fr 001 apresas :Welcome to the Internet Relay Network apresas!apresas@placeholder.42.fr
>> :ft_irc.42.fr 002 apresas :Your host is ft_irc.42.fr, running version 1.0
>> :ft_irc.42.fr 003 apresas :This server was created Fri, Jan 10 at 20:08:36 UTC
>> :ft_irc.42.fr 004 apresas ft_irc.42.fr 1.0 aiwroOs itkol
<< MODE apresas +i
>> :apresas MODE apresas +i
<< TIME
>> :ft_irc.42.fr 421 apresas TIME :Unknown command
<< PING ft_irc.42.fr
>> :ft_irc.42.fr 421 apresas PING :Unknown command
<< CAP LS 302
<< JOIN :
>> :ft_irc.42.fr NOTICE AUTH :*** Looking up your hostname
>> :ft_irc.42.fr NOTICE AUTH :*** Couldn't resolve your hostname; using a placeholder instead
>> :ft_irc.42.fr 451 * :You have not registered
<< PASS wawagate.com
<< NICK apresas
<< USER apresas apresas 192.168.1.129 :albert
>> :ft_irc.42.fr 001 apresas :Welcome to the Internet Relay Network apresas!apresas@placeholder.42.fr
>> :ft_irc.42.fr 002 apresas :Your host is ft_irc.42.fr, running version 1.0
>> :ft_irc.42.fr 003 apresas :This server was created Fri, Jan 10 at 20:09:27 UTC
>> :ft_irc.42.fr 004 apresas ft_irc.42.fr 1.0 aiwroOs itkol
<< MODE apresas +i
>> :apresas MODE apresas +i
<< TIME
>> :ft_irc.42.fr 391 apresas ft_irc.42.fr :Fri, Jan 10 at 20:09:38 UTC
<< TIME ft_irc.42.fr
>> :ft_irc.42.fr 391 apresas ft_irc.42.fr :Fri, Jan 10 at 20:09:44 UTC
<< TIME ft_irc.42.f
>> :ft_irc.42.fr 402 apresas ft_irc.42.f :No such server

////////////////////////////////////////////////////////

// TIME TESTING

<< TIME
>> :ft_irc.42.fr 391 apresas ft_irc.42.fr :Friday January 10 2025 -- 19:31:10 +01:00
<< TIME misco
>> :ft_irc.42.fr 402 apresas misco :No such server
<< TIME ft_irc.42.fr
>> :ft_irc.42.fr 391 apresas ft_irc.42.fr :Friday January 10 2025 -- 19:31:14 +01:00
