<< CAP LS 302
<< JOIN :
>> :punch.wa.us.dal.net NOTICE AUTH :*** Looking up your hostname...
>> :punch.wa.us.dal.net NOTICE AUTH :*** Found your hostname, cached
>> :punch.wa.us.dal.net 451 * JOIN :You must finish connecting with another nickname first.
<< NICK apresas
<< USER apresas apresas irc.dal.net :albert
>> :punch.wa.us.dal.net 433 * apresas :Nickname is already in use.
<< NICK apresas_
>> :punch.wa.us.dal.net 433 * apresas_ :Nickname is already in use.
<< NICK apresas__
>> :punch.wa.us.dal.net 001 apresas__ :Welcome to the DALnet IRC Network apresas__!~apresas@231.97.133.37.dynamic.jazztel.es
>> :punch.wa.us.dal.net 002 apresas__ :Your host is punch.wa.us.dal.net, running version bahamut-2.2.3
>> :punch.wa.us.dal.net 003 apresas__ :This server was created Mon Dec 11 2023 at 20:33:25 UTC
>> :punch.wa.us.dal.net 004 apresas__ punch.wa.us.dal.net bahamut-2.2.3 aAbcCdefFghHiIjkKmnoOPrRsSwxXy AbceiIjklLmMnoOpPrRsStv beIjklov
>> :punch.wa.us.dal.net 005 apresas__ NETWORK=DALnet SAFELIST MAXBANS=200 MAXCHANNELS=50 CHANNELLEN=32 KICKLEN=307 NICKLEN=30 TOPICLEN=307 MODES=6 CHANTYPES=# CHANLIMIT=#:50 PREFIX=(ohv)@%+ STATUSMSG=@%+ :are available on this server
>> :punch.wa.us.dal.net 005 apresas__ CASEMAPPING=ascii WATCH=128 SILENCE=10 ELIST=cmntu EXCEPTS INVEX CHANMODES=beI,k,jl,ciPAmMnOprRsSt MAXLIST=b:200,e:100,I:100 TARGMAX=DCCALLOW:,JOIN:,KICK:4,KILL:20,NOTICE:20,PART:,PRIVMSG:20,WHOIS:,WHOWAS: :are available on this server
>> :punch.wa.us.dal.net 251 apresas__ :There are 50 users and 6724 invisible on 39 servers
>> :punch.wa.us.dal.net 252 apresas__ 79 :IRC Operators online
>> :punch.wa.us.dal.net 254 apresas__ 3560 :channels formed
>> :punch.wa.us.dal.net 255 apresas__ :I have 239 clients and 1 servers
>> :punch.wa.us.dal.net 265 apresas__ :Current local users: 239 Max: 2105
>> :punch.wa.us.dal.net 266 apresas__ :Current global users: 6774 Max: 12060
>> :punch.wa.us.dal.net NOTICE apresas__ :*** Notice -- motd was last changed at 14/8/2020 11:15
>> :punch.wa.us.dal.net NOTICE apresas__ :*** Notice -- Please read the motd if you haven't read it
>> :punch.wa.us.dal.net 375 apresas__ :- punch.wa.us.dal.net Message of the Day - 
>> :punch.wa.us.dal.net 372 apresas__ :- 
>> :punch.wa.us.dal.net 372 apresas__ :- Welcome to DALnet!  This is punch.wa.us.dal.net, and YOU are
>> :punch.wa.us.dal.net 372 apresas__ :- the reason punch.* is here!
>> :punch.wa.us.dal.net 372 apresas__ :- 
>> :punch.wa.us.dal.net 372 apresas__ :-                     SERVER RULES:                   
>> :punch.wa.us.dal.net 372 apresas__ :-                                                      
>> :punch.wa.us.dal.net 372 apresas__ :-       IMPERSONATION, CLONING, SPAMMING, FLOODING,    
>> :punch.wa.us.dal.net 372 apresas__ :-             OR ANY OTHER KIND OF ABUSE CAN             
>> :punch.wa.us.dal.net 372 apresas__ :-        AND WILL CAUSE YOU TO BE BANNED FROM THIS      
>> :punch.wa.us.dal.net 372 apresas__ :-                SERVER AT ANY GIVEN TIME               
>> :punch.wa.us.dal.net 372 apresas__ :- 
>> :punch.wa.us.dal.net 372 apresas__ :- We reserve the right to deny access to this server without
>> :punch.wa.us.dal.net 372 apresas__ :- warning or explanation.  Usage is governed by the DALnet
>> :punch.wa.us.dal.net 372 apresas__ :- AUP at <http://www.dal.net/aup/>.
>> :punch.wa.us.dal.net 372 apresas__ :- 
>> :punch.wa.us.dal.net 372 apresas__ :-   * For help:                      /join #help              *
>> :punch.wa.us.dal.net 372 apresas__ :-   * For IRCop/CSop assistance:     /join #OperHelp          *
>> :punch.wa.us.dal.net 372 apresas__ :-   * For multilingual information:  <http://docs.dal.net/>   *
>> :punch.wa.us.dal.net 372 apresas__ :-   * For server related problems:   punch-staff@dal.net      *
>> :punch.wa.us.dal.net 372 apresas__ :- 
>> :punch.wa.us.dal.net 372 apresas__ :- For assistance with trojan or virus removal please /join #NoHack
>> :punch.wa.us.dal.net 372 apresas__ :- 
>> :punch.wa.us.dal.net 372 apresas__ :- This server does not check for ident, and does not support ident.
>> :punch.wa.us.dal.net 372 apresas__ :- To help prevent abuse, this server will check your PC for open proxy
>> :punch.wa.us.dal.net 372 apresas__ :- servers when you connect. If you do not want this test performed,
>> :punch.wa.us.dal.net 372 apresas__ :- do not connect.
>> :punch.wa.us.dal.net 372 apresas__ :- 
>> :punch.wa.us.dal.net 372 apresas__ :- Please feel free to visit the only official punch.* server channel,
>> :punch.wa.us.dal.net 372 apresas__ :- #punch.
>> :punch.wa.us.dal.net 372 apresas__ :- 
>> :punch.wa.us.dal.net 372 apresas__ :- Are you using SSL?  If not, why not?  Point your IRC client to
>> :punch.wa.us.dal.net 372 apresas__ :- TCP 6697 on punch.dal.net for encrypted chatting!
>> :punch.wa.us.dal.net 372 apresas__ :- 
>> :punch.wa.us.dal.net 372 apresas__ :- More useful:
>> :punch.wa.us.dal.net 372 apresas__ :- 
>> :punch.wa.us.dal.net 372 apresas__ :- Some children saw Nasreddin coming from the vineyard with two
>> :punch.wa.us.dal.net 372 apresas__ :- baskets full of grapes loaded on his donkey. They gathered around
>> :punch.wa.us.dal.net 372 apresas__ :- him and asked him to give them a taste.  Nasreddin picked up a
>> :punch.wa.us.dal.net 372 apresas__ :- bunch of grapes and gave each child a grape.  "You have so much,
>> :punch.wa.us.dal.net 372 apresas__ :- but you gave us so little," the children whined.  "There is no
>> :punch.wa.us.dal.net 372 apresas__ :- difference whether you have a basketful or a small piece. They
>> :punch.wa.us.dal.net 372 apresas__ :- all taste the same," Nasreddin answered, and continued on his way.
>> :punch.wa.us.dal.net 372 apresas__ :- 
>> :punch.wa.us.dal.net 372 apresas__ :- Your hosts are:
>> :punch.wa.us.dal.net 372 apresas__ :- 
>> :punch.wa.us.dal.net 372 apresas__ :-    robt@DAL.net     - Administrator
>> :punch.wa.us.dal.net 372 apresas__ :-    visigoth@DAL.net - IRC Operator, Services Administrator
>> :punch.wa.us.dal.net 372 apresas__ :-    key@DAL.net      - IRC Operator
>> :punch.wa.us.dal.net 372 apresas__ :- 
>> :punch.wa.us.dal.net 372 apresas__ :- Please enjoy your stay and thank you for being part of DALnet!
>> :punch.wa.us.dal.net 372 apresas__ :- 
>> :punch.wa.us.dal.net 376 apresas__ :End of /MOTD command.
>> :punch.wa.us.dal.net NOTICE apresas__ :*** Notice -- This server runs an open proxy monitor to prevent abuse.
>> :punch.wa.us.dal.net NOTICE apresas__ :*** Notice -- If you see connections on various ports from irc.dal.net
>> :punch.wa.us.dal.net NOTICE apresas__ :*** Notice -- please disregard them, as they are the monitor in action.
>> :punch.wa.us.dal.net NOTICE apresas__ :*** Notice -- For more information please visit http://kline.dal.net/proxy/
>> :apresas__ MODE apresas__ :+iH
>> :NickServ!service@dal.net NOTICE apresas__ :Bienvenido(a) a DALnet! Sabías que nuestros servicios apoyan su idioma? Escriba: /NickServ LANG ES para probarlo.
<< MODE apresas__ +i
<< WHOIS apresas
>> :punch.wa.us.dal.net 311 apresas__ apresas ~apresas c944-dde9-1a92-6fdd-8511.dynamic.jazztel.es * :albert
--> nickfind event whois
>> :punch.wa.us.dal.net 319 apresas__ apresas :#ft_irc_test 
--> event empty
>> :punch.wa.us.dal.net 312 apresas__ apresas punch.wa.us.dal.net : Shovel ready since 1998! 
--> event empty
>> :punch.wa.us.dal.net 317 apresas__ apresas 282 1734119172 :seconds idle, signon time
--> event empty
>> :punch.wa.us.dal.net 318 apresas__ apresas :End of /WHOIS list.
--> event empty
<< PING punch.wa.us.dal.net
>> :punch.wa.us.dal.net PONG punch.wa.us.dal.net :apresas__
--> lag pong
<< JOIN #ft_irc_test
>> :apresas__!~apresas@c944-dde9-1a92-6fdd-8511.dynamic.jazztel.es JOIN :#ft_irc_test
>> :punch.wa.us.dal.net 353 apresas__ = #ft_irc_test :apresas__ apresas wawagate 
>> :punch.wa.us.dal.net 366 apresas__ #ft_irc_test :End of /NAMES list.
<< MODE #ft_irc_test
>> :punch.wa.us.dal.net 324 apresas__ #ft_irc_test + 
--> chanquery mode
>> :punch.wa.us.dal.net 329 apresas__ #ft_irc_test 1734118708
--> event 329
<< WHO #ft_irc_test
>> :punch.wa.us.dal.net 352 apresas__ #ft_irc_test ~apresas c944-dde9-1a92-6fdd-8511.dynamic.jazztel.es punch.wa.us.dal.net apresas__ H :0 albert
--> silent event who
>> :punch.wa.us.dal.net 352 apresas__ #ft_irc_test ~apresas c944-dde9-1a92-6fdd-8511.dynamic.jazztel.es punch.wa.us.dal.net apresas H :0 albert
--> silent event who
>> :punch.wa.us.dal.net 352 apresas__ #ft_irc_test ~apresas c944-dde9-1a92-6fdd-8511.dynamic.jazztel.es serenity.fl.us.dal.net wawagate H :6 albert
--> silent event who
>> :punch.wa.us.dal.net 315 apresas__ #ft_irc_test :End of /WHO list.
--> chanquery who end
<< MODE #ft_irc_test b
>> :punch.wa.us.dal.net 368 apresas__ #ft_irc_test :End of Channel Ban List
--> chanquery ban end
<< PING punch.wa.us.dal.net
>> :punch.wa.us.dal.net PONG punch.wa.us.dal.net :apresas__
--> lag pong
<< QUIT
>> ERROR :Closing Link: 231.97.133.37.dynamic.jazztel.es (Quit: apresas__)
