--> lag pong
<< PING lion.tx.us.dal.net
>> :lion.tx.us.dal.net PONG lion.tx.us.dal.net :apresas
--> lag pong
<< PING lion.tx.us.dal.net
>> :lion.tx.us.dal.net PONG lion.tx.us.dal.net :apresas
--> lag pong
<< PING lion.tx.us.dal.net
>> :lion.tx.us.dal.net PONG lion.tx.us.dal.net :apresas
--> lag pong
<< PING lion.tx.us.dal.net
>> :lion.tx.us.dal.net PONG lion.tx.us.dal.net :apresas
--> lag pong
<< PING lion.tx.us.dal.net
>> :lion.tx.us.dal.net PONG lion.tx.us.dal.net :apresas
--> lag pong
<< PING lion.tx.us.dal.net
>> :lion.tx.us.dal.net PONG lion.tx.us.dal.net :apresas
--> lag pong
<< PING lion.tx.us.dal.net
>> :lion.tx.us.dal.net PONG lion.tx.us.dal.net :apresas
--> lag pong
<< PING lion.tx.us.dal.net
>> :lion.tx.us.dal.net PONG lion.tx.us.dal.net :apresas
--> lag pong
<< PING lion.tx.us.dal.net
>> :lion.tx.us.dal.net PONG lion.tx.us.dal.net :apresas
--> lag pong
<< PING lion.tx.us.dal.net
>> :lion.tx.us.dal.net PONG lion.tx.us.dal.net :apresas
--> lag pong
<< PING lion.tx.us.dal.net
>> :lion.tx.us.dal.net PONG lion.tx.us.dal.net :apresas
--> lag pong
<< PING lion.tx.us.dal.net
>> :lion.tx.us.dal.net PONG lion.tx.us.dal.net :apresas
--> lag pong
<< PING lion.tx.us.dal.net
>> :lion.tx.us.dal.net PONG lion.tx.us.dal.net :apresas
--> lag pong
<< PING lion.tx.us.dal.net
>> :lion.tx.us.dal.net PONG lion.tx.us.dal.net :apresas
--> lag pong
<< PING lion.tx.us.dal.net
>> :lion.tx.us.dal.net PONG lion.tx.us.dal.net :apresas
--> lag pong
<< PING lion.tx.us.dal.net
>> :lion.tx.us.dal.net PONG lion.tx.us.dal.net :apresas
--> lag pong
<< PING lion.tx.us.dal.net
>> :lion.tx.us.dal.net PONG lion.tx.us.dal.net :apresas
--> lag pong
<< PING lion.tx.us.dal.net
>> :lion.tx.us.dal.net PONG lion.tx.us.dal.net :apresas
--> lag pong
<< PING lion.tx.us.dal.net
>> :lion.tx.us.dal.net PONG lion.tx.us.dal.net :apresas
--> lag pong
<< PING lion.tx.us.dal.net
>> :lion.tx.us.dal.net PONG lion.tx.us.dal.net :apresas
--> lag pong
<< PING lion.tx.us.dal.net
>> :lion.tx.us.dal.net PONG lion.tx.us.dal.net :apresas
--> lag pong
<< PING lion.tx.us.dal.net
>> :lion.tx.us.dal.net PONG lion.tx.us.dal.net :apresas
--> lag pong
<< PING lion.tx.us.dal.net
>> :lion.tx.us.dal.net PONG lion.tx.us.dal.net :apresas
--> lag pong
<< PING lion.tx.us.dal.net
>> :lion.tx.us.dal.net PONG lion.tx.us.dal.net :apresas
--> lag pong
<< PING lion.tx.us.dal.net
>> :lion.tx.us.dal.net PONG lion.tx.us.dal.net :apresas
--> lag pong
<< PING lion.tx.us.dal.net
>> :lion.tx.us.dal.net PONG lion.tx.us.dal.net :apresas
--> lag pong
<< PING lion.tx.us.dal.net
>> :lion.tx.us.dal.net PONG lion.tx.us.dal.net :apresas
--> lag pong
<< PING lion.tx.us.dal.net
>> :lion.tx.us.dal.net PONG lion.tx.us.dal.net :apresas
--> lag pong
<< PING lion.tx.us.dal.net
>> :lion.tx.us.dal.net PONG lion.tx.us.dal.net :apresas
--> lag pong
<< PING lion.tx.us.dal.net
>> :lion.tx.us.dal.net PONG lion.tx.us.dal.net :apresas
--> lag pong
<< PING lion.tx.us.dal.net
>> :lion.tx.us.dal.net PONG lion.tx.us.dal.net :apresas
--> lag pong
<< PING lion.tx.us.dal.net
>> :lion.tx.us.dal.net PONG lion.tx.us.dal.net :apresas
--> lag pong
<< PING lion.tx.us.dal.net
>> :lion.tx.us.dal.net PONG lion.tx.us.dal.net :apresas
--> lag pong
<< PING lion.tx.us.dal.net
>> :lion.tx.us.dal.net PONG lion.tx.us.dal.net :apresas
--> lag pong
<< PING lion.tx.us.dal.net
>> :lion.tx.us.dal.net PONG lion.tx.us.dal.net :apresas
--> lag pong
<< PING lion.tx.us.dal.net
>> :lion.tx.us.dal.net PONG lion.tx.us.dal.net :apresas
--> lag pong
<< PING lion.tx.us.dal.net
>> :lion.tx.us.dal.net PONG lion.tx.us.dal.net :apresas
--> lag pong
<< PING lion.tx.us.dal.net
>> :lion.tx.us.dal.net PONG lion.tx.us.dal.net :apresas
--> lag pong
<< PING lion.tx.us.dal.net
>> :lion.tx.us.dal.net PONG lion.tx.us.dal.net :apresas
--> lag pong
<< PING lion.tx.us.dal.net
>> :lion.tx.us.dal.net PONG lion.tx.us.dal.net :apresas
--> lag pong
<< PING lion.tx.us.dal.net
>> :lion.tx.us.dal.net PONG lion.tx.us.dal.net :apresas
--> lag pong
<< PING lion.tx.us.dal.net
>> :lion.tx.us.dal.net PONG lion.tx.us.dal.net :apresas
--> lag pong
<< PING lion.tx.us.dal.net
>> :lion.tx.us.dal.net PONG lion.tx.us.dal.net :apresas
--> lag pong
<< PING lion.tx.us.dal.net
>> :lion.tx.us.dal.net PONG lion.tx.us.dal.net :apresas
--> lag pong
<< PING lion.tx.us.dal.net
>> :lion.tx.us.dal.net PONG lion.tx.us.dal.net :apresas
--> lag pong
<< PING lion.tx.us.dal.net
>> :lion.tx.us.dal.net PONG lion.tx.us.dal.net :apresas
--> lag pong
<< PING lion.tx.us.dal.net
>> :lion.tx.us.dal.net PONG lion.tx.us.dal.net :apresas
--> lag pong
<< PING lion.tx.us.dal.net
>> :lion.tx.us.dal.net PONG lion.tx.us.dal.net :apresas
--> lag pong
<< PING lion.tx.us.dal.net
>> :lion.tx.us.dal.net PONG lion.tx.us.dal.net :apresas
--> lag pong
<< PING lion.tx.us.dal.net
>> :lion.tx.us.dal.net PONG lion.tx.us.dal.net :apresas
--> lag pong
<< PING lion.tx.us.dal.net
>> :lion.tx.us.dal.net PONG lion.tx.us.dal.net :apresas
--> lag pong
<< PING lion.tx.us.dal.net
>> :lion.tx.us.dal.net PONG lion.tx.us.dal.net :apresas
--> lag pong
<< PING lion.tx.us.dal.net
>> :lion.tx.us.dal.net PONG lion.tx.us.dal.net :apresas
--> lag pong
<< PING lion.tx.us.dal.net
>> :lion.tx.us.dal.net PONG lion.tx.us.dal.net :apresas
--> lag pong
<< WHOIS apresas
>> :lion.tx.us.dal.net 311 apresas apresas ~apresas c944-dde9-1a92-6fdd-8511.dynamic.jazztel.es * :albert
>> :lion.tx.us.dal.net 338 apresas apresas :is actually ~apresas@231.97.133.37.dynamic.jazztel.es [37.133.97.231]
>> :lion.tx.us.dal.net 312 apresas apresas lion.tx.us.dal.net :bliss
>> :lion.tx.us.dal.net 317 apresas apresas 12614 1734106038 :seconds idle, signon time
>> :lion.tx.us.dal.net 318 apresas apresas :End of /WHOIS list.
<< PING lion.tx.us.dal.net
>> :lion.tx.us.dal.net PONG lion.tx.us.dal.net :apresas
--> lag pong
<< JOIN #ft_irc_test
>> :apresas!~apresas@c944-dde9-1a92-6fdd-8511.dynamic.jazztel.es JOIN :#ft_irc_test
>> :lion.tx.us.dal.net 353 apresas = #ft_irc_test :@apresas 
>> :lion.tx.us.dal.net 366 apresas #ft_irc_test :End of /NAMES list.
<< MODE #ft_irc_test
>> :lion.tx.us.dal.net 324 apresas #ft_irc_test + 
--> chanquery mode
>> :lion.tx.us.dal.net 329 apresas #ft_irc_test 1734118708
--> event 329
<< WHOIS apresas
>> :lion.tx.us.dal.net 311 apresas apresas ~apresas c944-dde9-1a92-6fdd-8511.dynamic.jazztel.es * :albert
>> :lion.tx.us.dal.net 338 apresas apresas :is actually ~apresas@231.97.133.37.dynamic.jazztel.es [37.133.97.231]
>> :lion.tx.us.dal.net 319 apresas apresas :@#ft_irc_test 
>> :lion.tx.us.dal.net 312 apresas apresas lion.tx.us.dal.net :bliss
>> :lion.tx.us.dal.net 317 apresas apresas 12635 1734106038 :seconds idle, signon time
>> :lion.tx.us.dal.net 318 apresas apresas :End of /WHOIS list.
<< WHO #ft_irc_test
>> :lion.tx.us.dal.net 352 apresas #ft_irc_test ~apresas c944-dde9-1a92-6fdd-8511.dynamic.jazztel.es lion.tx.us.dal.net apresas H@ :0 albert
--> silent event who
>> :lion.tx.us.dal.net 315 apresas #ft_irc_test :End of /WHO list.
--> chanquery who end
<< MODE #ft_irc_test b
>> :lion.tx.us.dal.net 368 apresas #ft_irc_test :End of Channel Ban List
--> chanquery ban end
>> :wawagate!~apresas@c944-dde9-1a92-6fdd-8511.dynamic.jazztel.es JOIN :#ft_irc_test
<< PING lion.tx.us.dal.net
>> :lion.tx.us.dal.net PONG lion.tx.us.dal.net :apresas
--> lag pong
>> :wawagate!~apresas@c944-dde9-1a92-6fdd-8511.dynamic.jazztel.es QUIT :Quit: Bye bye!
<< PING lion.tx.us.dal.net
>> :lion.tx.us.dal.net PONG lion.tx.us.dal.net :apresas
--> lag pong
<< PING lion.tx.us.dal.net
>> :lion.tx.us.dal.net PONG lion.tx.us.dal.net :apresas
--> lag pong
<< PING lion.tx.us.dal.net
>> :lion.tx.us.dal.net PONG lion.tx.us.dal.net :apresas
--> lag pong
<< PING lion.tx.us.dal.net
>> :lion.tx.us.dal.net PONG lion.tx.us.dal.net :apresas
--> lag pong
>> :apresas__!~apresas@c944-dde9-1a92-6fdd-8511.dynamic.jazztel.es JOIN :#ft_irc_test
>> :apresas__!~apresas@c944-dde9-1a92-6fdd-8511.dynamic.jazztel.es NICK :wawagate
<< PING lion.tx.us.dal.net
>> :lion.tx.us.dal.net PONG lion.tx.us.dal.net :apresas
--> lag pong
<< WHOIS
>> :lion.tx.us.dal.net 431 apresas :No nickname given
<< WHOIS apresas
>> :lion.tx.us.dal.net 311 apresas apresas ~apresas c944-dde9-1a92-6fdd-8511.dynamic.jazztel.es * :albert
>> :lion.tx.us.dal.net 338 apresas apresas :is actually ~apresas@231.97.133.37.dynamic.jazztel.es [37.133.97.231]
>> :lion.tx.us.dal.net 319 apresas apresas :@#ft_irc_test 
>> :lion.tx.us.dal.net 312 apresas apresas lion.tx.us.dal.net :bliss
>> :lion.tx.us.dal.net 317 apresas apresas 13018 1734106038 :seconds idle, signon time
>> :lion.tx.us.dal.net 318 apresas apresas :End of /WHOIS list.
<< PING lion.tx.us.dal.net
>> :lion.tx.us.dal.net PONG lion.tx.us.dal.net :apresas
--> lag pong
<< QUIT :I'm leaving
>> ERROR :Closing Link: 231.97.133.37.dynamic.jazztel.es (Quit: I'm leaving)
