<< CAP LS 302
<< JOIN :
>> :irc.psychz.net 020 * :Please wait while we process your connection.
>> :irc.psychz.net 451 * :You have not registered
<< NICK apresas
<< USER apresas apresas ssl.ircnet.ovh :albert
>> :irc.psychz.net 001 apresas :Welcome to the Internet Relay Network apresas!~apresas@57.190.79.188.dynamic.jazztel.es
<< MODE apresas +i
>> :irc.psychz.net 002 apresas :Your host is irc.psychz.net, running version 2.11.2p3+0PNv1.06
>> :irc.psychz.net 003 apresas :This server was created Sun May 23 2021 at 19:07:21 UTC
>> :irc.psychz.net 004 apresas irc.psychz.net 2.11.2p3+0PNv1.06 aoOirw abeiIklmnoOpqrRstv
>> :irc.psychz.net 005 apresas RFC2812 PREFIX=(ov)@+ CHANTYPES=#&!+ MODES=3 CHANLIMIT=#&!+:42 NICKLEN=15 TOPICLEN=255 KICKLEN=255 MAXLIST=beIR:64 CHANNELLEN=50 IDCHAN=!:5 CHANMODES=beIR,k,l,imnpstaqrzZ :are supported by this server
>> :irc.psychz.net 005 apresas PENALTY FNC EXCEPTS=e INVEX=I CASEMAPPING=ascii NETWORK=IRCnet :are supported by this server
>> :irc.psychz.net 042 apresas 0PNPADVTF :your unique ID
>> :irc.psychz.net 251 apresas :There are 17364 users and 1 services on 29 servers
>> :irc.psychz.net 252 apresas 69 :operators online
>> :irc.psychz.net 253 apresas 8 :unknown connections
>> :irc.psychz.net 254 apresas 9759 :channels formed
>> :irc.psychz.net 255 apresas :I have 658 users, 0 services and 1 servers
>> :irc.psychz.net 265 apresas 658 801 :Current local users 658, max 801
>> :irc.psychz.net 266 apresas 17364 20758 :Current global users 17364, max 20758
>> :irc.psychz.net 375 apresas :- irc.psychz.net Message of the Day - 
>> :irc.psychz.net 372 apresas :- 11/12/2024 10:33
>> :irc.psychz.net 372 apresas :- This open IRCnet server is provided by:
>> :irc.psychz.net 372 apresas :- 8888888b.   .d8888b. Y88b   d88P  .d8888b.  888    888 8888888888P
>> :irc.psychz.net 372 apresas :- 888   Y88b d88P  Y88b Y88b d88P  d88P  Y88b 888    888       d88P
>> :irc.psychz.net 372 apresas :- 888    888 Y88b.       Y88o88P   888    888 888    888      d88P
>> :irc.psychz.net 372 apresas :- 888   d88P  "Y888b.     Y888P    888        8888888888     d88P
>> :irc.psychz.net 372 apresas :- 8888888P"      "Y88b.    888     888        888    888    d88P
>> :irc.psychz.net 372 apresas :- 888              "888    888     888    888 888    888   d88P
>> :irc.psychz.net 372 apresas :- 888        Y88b  d88P    888     Y88b  d88P 888    888  d88P
>> :irc.psychz.net 372 apresas :- 888         "Y8888P"     888      "Y8888P"  888    888 d8888888888
>> :irc.psychz.net 372 apresas :-     Dedicated / Colocation Solutions / Private Cloud and MORE
>> :irc.psychz.net 372 apresas :-                  Website: https://www.psychz.net/
>> :irc.psychz.net 372 apresas :-                        Channel: #psychz
>> :irc.psychz.net 372 apresas :- 
>> :irc.psychz.net 372 apresas :-                        irc.psychz.net
>> :irc.psychz.net 372 apresas :-        Open to all users on IPv4/IPv6 ports 6665-6669,7000
>> :irc.psychz.net 372 apresas :-              SSL/TLS available on ports 6679 and 6697
>> :irc.psychz.net 372 apresas :- ------------------------------------------------------------------
>> :irc.psychz.net 372 apresas :- ] We scan for open proxies on connect. If you do not wish to be
>> :irc.psychz.net 372 apresas :-   scanned, please do not connect to this server.
>> :irc.psychz.net 372 apresas :- 
>> :irc.psychz.net 372 apresas :- ] IRCnet provides no nick/channel registration services.
>> :irc.psychz.net 372 apresas :- 
>> :irc.psychz.net 372 apresas :- ] This server provides SSL/TLS encryption for some of its clients.
>> :irc.psychz.net 372 apresas :-   However end parties you communicate with may or may not also
>> :irc.psychz.net 372 apresas :-   have SSL/TLS enabled. The entire route is unlikely to be
>> :irc.psychz.net 372 apresas :-   encrypted the entire path!
>> :irc.psychz.net 372 apresas :- 
>> :irc.psychz.net 372 apresas :- ] This server provides EXPERIMENTAL local +z channel flag
>> :irc.psychz.net 372 apresas :-   (&channels only) allowing only SSL/TLS enabled clients to join.
>> :irc.psychz.net 372 apresas :- 
>> :irc.psychz.net 372 apresas :- ] This server provides EXPERIMENTAL ip cloaks for users. Read more
>> :irc.psychz.net 372 apresas :-   and sign up at https://www.cloak.ircnet.io
>> :irc.psychz.net 372 apresas :- 
>> :irc.psychz.net 372 apresas :- ] To avoid opless channels, you are encouraged to use the channel
>> :irc.psychz.net 372 apresas :-   reop mode +R (otherwise unfixable).
>> :irc.psychz.net 372 apresas :- 
>> :irc.psychz.net 372 apresas :- ] Usage of /list for listing all channels is deprecated.
>> :irc.psychz.net 372 apresas :-   Please use "/squery alis help" instead. You can also use
>> :irc.psychz.net 372 apresas :-   http://www.ircnet.info to list and search channels.
>> :irc.psychz.net 372 apresas :- 
>> :irc.psychz.net 372 apresas :- ] Rules:
>> :irc.psychz.net 372 apresas :-   * We reserve the right to deny service to anyone at any
>> :irc.psychz.net 372 apresas :-     time and for any reason.
>> :irc.psychz.net 372 apresas :-   * Mass advertising/link spam is not allowed.
>> :irc.psychz.net 372 apresas :-   * Clients connected for the purpose of stealing nicks
>> :irc.psychz.net 372 apresas :-     are not allowed.
>> :irc.psychz.net 372 apresas :-   * General limits (request changes via /admin):
>> :irc.psychz.net 372 apresas :-       3 clients per host   (without ident)
>> :irc.psychz.net 372 apresas :-       3 clients per person (with ident)
>> :irc.psychz.net 372 apresas :-      20 clients per /24    (IPv4)
>> :irc.psychz.net 372 apresas :-      10 clients per /48    (IPv6)
>> :irc.psychz.net 372 apresas :-   * If your IP range offers services to other people
>> :irc.psychz.net 372 apresas :-     (e.g., shell providers) you must let us know.
>> :irc.psychz.net 372 apresas :-   * Limits and rules for shell providers:
>> :irc.psychz.net 372 apresas :-     * 3 clients per person
>> :irc.psychz.net 372 apresas :-     * identd is required and no ident spoofing, no
>> :irc.psychz.net 372 apresas :-       changing an ident after a ban, and no giving a
>> :irc.psychz.net 372 apresas :-       person multiple usernames
>> :irc.psychz.net 372 apresas :-   * Breaking these rules will result in a ban from ALL
>> :irc.psychz.net 372 apresas :-     open servers.
>> :irc.psychz.net 372 apresas :- 
>> :irc.psychz.net 372 apresas :- ] Links:
>> :irc.psychz.net 372 apresas :-   * Server and channel lists: http://www.ircnet.info
>> :irc.psychz.net 372 apresas :-   * Random open server (dns round-robins):
>> :irc.psychz.net 372 apresas :-     - open.ircnet.io       All open servers
>> :irc.psychz.net 372 apresas :-     - ssl.ircnet.io        With SSL/TLS support
>> :irc.psychz.net 372 apresas :-     - irc.cloak.ircnet.io  With cloak support
>> :irc.psychz.net 372 apresas :-     - ssl.cloak.ircnet.io  With cloak and SSL/TLS support
>> :irc.psychz.net 372 apresas :-   * Webchat available at:
>> :irc.psychz.net 372 apresas :-     - https://webchat.ircnet.net  qwebirc
>> :irc.psychz.net 372 apresas :-     - https://ircnet.chat/        The Lounge
>> :irc.psychz.net 372 apresas :- 
>> :irc.psychz.net 372 apresas :- ] If you require any further information, join #ircnet
>> :irc.psychz.net 372 apresas :- 
>> :irc.psychz.net 372 apresas :- ------------------------------------------------------------------
>> :irc.psychz.net 372 apresas :-                  IRC is a privilege, not a right!    
>> :irc.psychz.net 372 apresas :-            Respect others and enjoy your stay on IRCnet.
>> :irc.psychz.net 372 apresas :- ------------------------------------------------------------------
>> :irc.psychz.net 376 apresas :End of MOTD command.
>> :irc.psychz.net NOTICE apresas :Your connection is secure (SSL/TLS).
>> :apresas MODE apresas :+i
<< PING irc.psychz.net
>> :irc.psychz.net PONG irc.psychz.net :irc.psychz.net
--> lag pong
<< PING irc.psychz.net
>> :irc.psychz.net PONG irc.psychz.net :irc.psychz.net
--> lag pong
<< PING irc.psychz.net
>> :irc.psychz.net PONG irc.psychz.net :irc.psychz.net
--> lag pong
<< USER apresas 7 * :albert
>> :irc.psychz.net 462 apresas :Unauthorized command (already registered)
<< PING irc.psychz.net
>> :irc.psychz.net PONG irc.psychz.net :irc.psychz.net
--> lag pong
<< PING irc.psychz.net
>> :irc.psychz.net PONG irc.psychz.net :irc.psychz.net
--> lag pong
<< PING irc.psychz.net
>> :irc.psychz.net PONG irc.psychz.net :irc.psychz.net
--> lag pong
<< PING irc.psychz.net
>> :irc.psychz.net PONG irc.psychz.net :irc.psychz.net
--> lag pong
<< PING irc.psychz.net
>> :irc.psychz.net PONG irc.psychz.net :irc.psychz.net
--> lag pong
<< PING irc.psychz.net
>> :irc.psychz.net PONG irc.psychz.net :irc.psychz.net
--> lag pong
<< PING irc.psychz.net
>> :irc.psychz.net PONG irc.psychz.net :irc.psychz.net
--> lag pong
<< PING irc.psychz.net
>> :irc.psychz.net PONG irc.psychz.net :irc.psychz.net
--> lag pong
<< PING irc.psychz.net
>> :irc.psychz.net PONG irc.psychz.net :irc.psychz.net
--> lag pong
<< PING irc.psychz.net
>> :irc.psychz.net PONG irc.psychz.net :irc.psychz.net
--> lag pong
<< PING irc.psychz.net
>> :irc.psychz.net PONG irc.psychz.net :irc.psychz.net
--> lag pong
<< PING irc.psychz.net
>> :irc.psychz.net PONG irc.psychz.net :irc.psychz.net
--> lag pong
<< PING irc.psychz.net
>> :irc.psychz.net PONG irc.psychz.net :irc.psychz.net
--> lag pong
<< PING irc.psychz.net
>> :irc.psychz.net PONG irc.psychz.net :irc.psychz.net
--> lag pong
<< PING irc.psychz.net
>> :irc.psychz.net PONG irc.psychz.net :irc.psychz.net
--> lag pong
<< PING irc.psychz.net
>> :irc.psychz.net PONG irc.psychz.net :irc.psychz.net
--> lag pong
<< PING irc.psychz.net
>> :irc.psychz.net PONG irc.psychz.net :irc.psychz.net
--> lag pong
<< PING irc.psychz.net
>> :irc.psychz.net PONG irc.psychz.net :irc.psychz.net
--> lag pong
<< PING irc.psychz.net
>> :irc.psychz.net PONG irc.psychz.net :irc.psychz.net
--> lag pong
<< PING irc.psychz.net
>> :irc.psychz.net PONG irc.psychz.net :irc.psychz.net
--> lag pong
<< PING irc.psychz.net
>> :irc.psychz.net PONG irc.psychz.net :irc.psychz.net
--> lag pong
<< PING irc.psychz.net
>> :irc.psychz.net PONG irc.psychz.net :irc.psychz.net
--> lag pong
<< PING irc.psychz.net
>> :irc.psychz.net PONG irc.psychz.net :irc.psychz.net
--> lag pong
<< PING irc.psychz.net
>> :irc.psychz.net PONG irc.psychz.net :irc.psychz.net
--> lag pong
<< PING irc.psychz.net
>> :irc.psychz.net PONG irc.psychz.net :irc.psychz.net
--> lag pong
<< PING irc.psychz.net
>> :irc.psychz.net PONG irc.psychz.net :irc.psychz.net
--> lag pong
<< PING irc.psychz.net
>> :irc.psychz.net PONG irc.psychz.net :irc.psychz.net
--> lag pong
<< PING irc.psychz.net
>> :irc.psychz.net PONG irc.psychz.net :irc.psychz.net
--> lag pong
<< PING irc.psychz.net
>> :irc.psychz.net PONG irc.psychz.net :irc.psychz.net
--> lag pong
<< PING irc.psychz.net
>> :irc.psychz.net PONG irc.psychz.net :irc.psychz.net
--> lag pong
<< PING irc.psychz.net
>> :irc.psychz.net PONG irc.psychz.net :irc.psychz.net
--> lag pong
<< PING irc.psychz.net
>> :irc.psychz.net PONG irc.psychz.net :irc.psychz.net
--> lag pong
<< PING irc.psychz.net
>> :irc.psychz.net PONG irc.psychz.net :irc.psychz.net
--> lag pong
<< PING irc.psychz.net
>> :irc.psychz.net PONG irc.psychz.net :irc.psychz.net
--> lag pong
<< PING irc.psychz.net
>> :irc.psychz.net PONG irc.psychz.net :irc.psychz.net
--> lag pong
<< PING irc.psychz.net
>> :irc.psychz.net PONG irc.psychz.net :irc.psychz.net
--> lag pong
<< PING irc.psychz.net
>> :irc.psychz.net PONG irc.psychz.net :irc.psychz.net
--> lag pong
<< PING irc.psychz.net
>> :irc.psychz.net PONG irc.psychz.net :irc.psychz.net
--> lag pong
<< PING irc.psychz.net
>> :irc.psychz.net PONG irc.psychz.net :irc.psychz.net
--> lag pong
<< PING irc.psychz.net
>> :irc.psychz.net PONG irc.psychz.net :irc.psychz.net
--> lag pong
<< PING irc.psychz.net
>> :irc.psychz.net PONG irc.psychz.net :irc.psychz.net
--> lag pong
<< PING irc.psychz.net
>> :irc.psychz.net PONG irc.psychz.net :irc.psychz.net
--> lag pong
<< PING irc.psychz.net
>> :irc.psychz.net PONG irc.psychz.net :irc.psychz.net
--> lag pong
<< PING irc.psychz.net
>> :irc.psychz.net PONG irc.psychz.net :irc.psychz.net
--> lag pong
<< PING irc.psychz.net
>> :irc.psychz.net PONG irc.psychz.net :irc.psychz.net
--> lag pong
<< PING irc.psychz.net
>> :irc.psychz.net PONG irc.psychz.net :irc.psychz.net
--> lag pong
<< PING irc.psychz.net
>> :irc.psychz.net PONG irc.psychz.net :irc.psychz.net
--> lag pong
<< PING irc.psychz.net
>> :irc.psychz.net PONG irc.psychz.net :irc.psychz.net
--> lag pong
<< PING irc.psychz.net
>> :irc.psychz.net PONG irc.psychz.net :irc.psychz.net
--> lag pong
<< PING irc.psychz.net
>> :irc.psychz.net PONG irc.psychz.net :irc.psychz.net
--> lag pong
<< PING irc.psychz.net
>> :irc.psychz.net PONG irc.psychz.net :irc.psychz.net
--> lag pong
<< PING irc.psychz.net
>> :irc.psychz.net PONG irc.psychz.net :irc.psychz.net
--> lag pong
<< PING irc.psychz.net
>> :irc.psychz.net PONG irc.psychz.net :irc.psychz.net
--> lag pong
<< PING irc.psychz.net
>> :irc.psychz.net PONG irc.psychz.net :irc.psychz.net
--> lag pong
<< PING irc.psychz.net
>> :irc.psychz.net PONG irc.psychz.net :irc.psychz.net
--> lag pong
<< PING irc.psychz.net
>> :irc.psychz.net PONG irc.psychz.net :irc.psychz.net
--> lag pong
<< PING irc.psychz.net
>> :irc.psychz.net PONG irc.psychz.net :irc.psychz.net
--> lag pong
<< PING irc.psychz.net
>> :irc.psychz.net PONG irc.psychz.net :irc.psychz.net
--> lag pong
<< PING irc.psychz.net
>> :irc.psychz.net PONG irc.psychz.net :irc.psychz.net
--> lag pong
<< PING irc.psychz.net
>> :irc.psychz.net PONG irc.psychz.net :irc.psychz.net
--> lag pong
<< PING irc.psychz.net
>> :irc.psychz.net PONG irc.psychz.net :irc.psychz.net
--> lag pong
<< PING irc.psychz.net
>> :irc.psychz.net PONG irc.psychz.net :irc.psychz.net
--> lag pong
<< PING irc.psychz.net
>> :irc.psychz.net PONG irc.psychz.net :irc.psychz.net
--> lag pong
<< PING irc.psychz.net
>> :irc.psychz.net PONG irc.psychz.net :irc.psychz.net
--> lag pong
<< PING irc.psychz.net
>> :irc.psychz.net PONG irc.psychz.net :irc.psychz.net
--> lag pong
<< PING irc.psychz.net
>> :irc.psychz.net PONG irc.psychz.net :irc.psychz.net
--> lag pong
<< PING irc.psychz.net
>> :irc.psychz.net PONG irc.psychz.net :irc.psychz.net
--> lag pong
<< PING irc.psychz.net
>> :irc.psychz.net PONG irc.psychz.net :irc.psychz.net
--> lag pong
<< PING irc.psychz.net
>> :irc.psychz.net PONG irc.psychz.net :irc.psychz.net
--> lag pong
<< PING irc.psychz.net
>> :irc.psychz.net PONG irc.psychz.net :irc.psychz.net
--> lag pong
<< PING irc.psychz.net
>> :irc.psychz.net PONG irc.psychz.net :irc.psychz.net
--> lag pong
<< PING irc.psychz.net
>> :irc.psychz.net PONG irc.psychz.net :irc.psychz.net
--> lag pong
<< PING irc.psychz.net
>> :irc.psychz.net PONG irc.psychz.net :irc.psychz.net
--> lag pong
<< PING irc.psychz.net
>> :irc.psychz.net PONG irc.psychz.net :irc.psychz.net
--> lag pong
<< PING irc.psychz.net
>> :irc.psychz.net PONG irc.psychz.net :irc.psychz.net
--> lag pong
<< PING irc.psychz.net
>> :irc.psychz.net PONG irc.psychz.net :irc.psychz.net
--> lag pong
<< PING irc.psychz.net
>> :irc.psychz.net PONG irc.psychz.net :irc.psychz.net
--> lag pong
<< PING irc.psychz.net
>> :irc.psychz.net PONG irc.psychz.net :irc.psychz.net
--> lag pong
<< PING irc.psychz.net
>> :irc.psychz.net PONG irc.psychz.net :irc.psychz.net
--> lag pong
<< PING irc.psychz.net
>> :irc.psychz.net PONG irc.psychz.net :irc.psychz.net
--> lag pong
<< PING irc.psychz.net
>> :irc.psychz.net PONG irc.psychz.net :irc.psychz.net
--> lag pong
<< PING irc.psychz.net
>> :irc.psychz.net PONG irc.psychz.net :irc.psychz.net
--> lag pong
<< PING irc.psychz.net
>> :irc.psychz.net PONG irc.psychz.net :irc.psychz.net
--> lag pong
<< PING irc.psychz.net
>> :irc.psychz.net PONG irc.psychz.net :irc.psychz.net
--> lag pong
<< PING irc.psychz.net
>> :irc.psychz.net PONG irc.psychz.net :irc.psychz.net
--> lag pong
<< PING irc.psychz.net
>> :irc.psychz.net PONG irc.psychz.net :irc.psychz.net
--> lag pong
<< PING irc.psychz.net
>> :irc.psychz.net PONG irc.psychz.net :irc.psychz.net
--> lag pong
<< PING irc.psychz.net
>> :irc.psychz.net PONG irc.psychz.net :irc.psychz.net
--> lag pong
<< PING irc.psychz.net
>> :irc.psychz.net PONG irc.psychz.net :irc.psychz.net
--> lag pong
<< PING irc.psychz.net
>> :irc.psychz.net PONG irc.psychz.net :irc.psychz.net
--> lag pong
<< PING irc.psychz.net
>> :irc.psychz.net PONG irc.psychz.net :irc.psychz.net
--> lag pong
<< PING irc.psychz.net
>> :irc.psychz.net PONG irc.psychz.net :irc.psychz.net
--> lag pong
<< PING irc.psychz.net
>> :irc.psychz.net PONG irc.psychz.net :irc.psychz.net
--> lag pong
<< PING irc.psychz.net
>> :irc.psychz.net PONG irc.psychz.net :irc.psychz.net
--> lag pong
<< PING irc.psychz.net
>> :irc.psychz.net PONG irc.psychz.net :irc.psychz.net
--> lag pong
<< PING irc.psychz.net
>> :irc.psychz.net PONG irc.psychz.net :irc.psychz.net
--> lag pong
<< PING irc.psychz.net
>> :irc.psychz.net PONG irc.psychz.net :irc.psychz.net
--> lag pong
<< PING irc.psychz.net
>> :irc.psychz.net PONG irc.psychz.net :irc.psychz.net
--> lag pong
<< PING irc.psychz.net
>> :irc.psychz.net PONG irc.psychz.net :irc.psychz.net
--> lag pong
<< PING irc.psychz.net
>> :irc.psychz.net PONG irc.psychz.net :irc.psychz.net
--> lag pong
<< PING irc.psychz.net
>> :irc.psychz.net PONG irc.psychz.net :irc.psychz.net
--> lag pong
<< PING irc.psychz.net
>> :irc.psychz.net PONG irc.psychz.net :irc.psychz.net
--> lag pong
<< PING irc.psychz.net
>> :irc.psychz.net PONG irc.psychz.net :irc.psychz.net
--> lag pong
<< PING irc.psychz.net
>> :irc.psychz.net PONG irc.psychz.net :irc.psychz.net
--> lag pong
<< PING irc.psychz.net
>> :irc.psychz.net PONG irc.psychz.net :irc.psychz.net
--> lag pong
<< PING irc.psychz.net
>> :irc.psychz.net PONG irc.psychz.net :irc.psychz.net
--> lag pong
<< PING irc.psychz.net
>> :irc.psychz.net PONG irc.psychz.net :irc.psychz.net
--> lag pong
<< PING irc.psychz.net
>> :irc.psychz.net PONG irc.psychz.net :irc.psychz.net
--> lag pong
<< PING irc.psychz.net
>> :irc.psychz.net PONG irc.psychz.net :irc.psychz.net
--> lag pong
<< PING irc.psychz.net
>> :irc.psychz.net PONG irc.psychz.net :irc.psychz.net
--> lag pong
<< PING irc.psychz.net
>> :irc.psychz.net PONG irc.psychz.net :irc.psychz.net
--> lag pong
<< PING irc.psychz.net
>> :irc.psychz.net PONG irc.psychz.net :irc.psychz.net
--> lag pong
<< PING irc.psychz.net
>> :irc.psychz.net PONG irc.psychz.net :irc.psychz.net
--> lag pong
<< PING irc.psychz.net
>> :irc.psychz.net PONG irc.psychz.net :irc.psychz.net
--> lag pong
<< PING irc.psychz.net
>> :irc.psychz.net PONG irc.psychz.net :irc.psychz.net
--> lag pong
<< PING irc.psychz.net
>> :irc.psychz.net PONG irc.psychz.net :irc.psychz.net
--> lag pong
<< PING irc.psychz.net
>> :irc.psychz.net PONG irc.psychz.net :irc.psychz.net
--> lag pong
<< PING irc.psychz.net
>> :irc.psychz.net PONG irc.psychz.net :irc.psychz.net
--> lag pong
<< PING irc.psychz.net
>> :irc.psychz.net PONG irc.psychz.net :irc.psychz.net
--> lag pong
<< PING irc.psychz.net
>> :irc.psychz.net PONG irc.psychz.net :irc.psychz.net
--> lag pong
<< PING irc.psychz.net
>> :irc.psychz.net PONG irc.psychz.net :irc.psychz.net
--> lag pong
<< PING irc.psychz.net
>> :irc.psychz.net PONG irc.psychz.net :irc.psychz.net
--> lag pong
<< PING irc.psychz.net
>> :irc.psychz.net PONG irc.psychz.net :irc.psychz.net
--> lag pong
<< PING irc.psychz.net
>> :irc.psychz.net PONG irc.psychz.net :irc.psychz.net
--> lag pong
<< PING irc.psychz.net
>> :irc.psychz.net PONG irc.psychz.net :irc.psychz.net
--> lag pong
<< PING irc.psychz.net
>> :irc.psychz.net PONG irc.psychz.net :irc.psychz.net
--> lag pong
<< PING irc.psychz.net
>> :irc.psychz.net PONG irc.psychz.net :irc.psychz.net
--> lag pong
<< PING irc.psychz.net
>> :irc.psychz.net PONG irc.psychz.net :irc.psychz.net
--> lag pong
<< PING irc.psychz.net
>> :irc.psychz.net PONG irc.psychz.net :irc.psychz.net
--> lag pong
<< PING irc.psychz.net
>> :irc.psychz.net PONG irc.psychz.net :irc.psychz.net
--> lag pong
<< PING irc.psychz.net
>> :irc.psychz.net PONG irc.psychz.net :irc.psychz.net
--> lag pong
<< PING irc.psychz.net
>> :irc.psychz.net PONG irc.psychz.net :irc.psychz.net
--> lag pong
<< PING irc.psychz.net
>> :irc.psychz.net PONG irc.psychz.net :irc.psychz.net
--> lag pong
<< PING irc.psychz.net
>> :irc.psychz.net PONG irc.psychz.net :irc.psychz.net
--> lag pong
<< PING irc.psychz.net
>> :irc.psychz.net PONG irc.psychz.net :irc.psychz.net
--> lag pong
<< PING irc.psychz.net
>> :irc.psychz.net PONG irc.psychz.net :irc.psychz.net
--> lag pong
<< PING irc.psychz.net
>> :irc.psychz.net PONG irc.psychz.net :irc.psychz.net
--> lag pong
<< PING irc.psychz.net
>> :irc.psychz.net PONG irc.psychz.net :irc.psychz.net
--> lag pong
<< PING irc.psychz.net
>> :irc.psychz.net PONG irc.psychz.net :irc.psychz.net
--> lag pong
<< PING irc.psychz.net
>> :irc.psychz.net PONG irc.psychz.net :irc.psychz.net
--> lag pong
<< PING irc.psychz.net
>> :irc.psychz.net PONG irc.psychz.net :irc.psychz.net
--> lag pong
<< PING irc.psychz.net
>> :irc.psychz.net PONG irc.psychz.net :irc.psychz.net
--> lag pong
<< PING irc.psychz.net
>> :irc.psychz.net PONG irc.psychz.net :irc.psychz.net
--> lag pong
<< PING irc.psychz.net
>> :irc.psychz.net PONG irc.psychz.net :irc.psychz.net
--> lag pong
<< PING irc.psychz.net
>> :irc.psychz.net PONG irc.psychz.net :irc.psychz.net
--> lag pong
<< PING irc.psychz.net
>> :irc.psychz.net PONG irc.psychz.net :irc.psychz.net
--> lag pong
<< PING irc.psychz.net
>> :irc.psychz.net PONG irc.psychz.net :irc.psychz.net
--> lag pong
<< PING irc.psychz.net
>> :irc.psychz.net PONG irc.psychz.net :irc.psychz.net
--> lag pong
<< PING irc.psychz.net
>> :irc.psychz.net PONG irc.psychz.net :irc.psychz.net
--> lag pong
<< PING irc.psychz.net
>> :irc.psychz.net PONG irc.psychz.net :irc.psychz.net
--> lag pong
<< PING irc.psychz.net
>> :irc.psychz.net PONG irc.psychz.net :irc.psychz.net
--> lag pong
<< PING irc.psychz.net
>> :irc.psychz.net PONG irc.psychz.net :irc.psychz.net
--> lag pong
<< PING irc.psychz.net
>> :irc.psychz.net PONG irc.psychz.net :irc.psychz.net
--> lag pong
<< PING irc.psychz.net
>> :irc.psychz.net PONG irc.psychz.net :irc.psychz.net
--> lag pong
<< PING irc.psychz.net
>> :irc.psychz.net PONG irc.psychz.net :irc.psychz.net
--> lag pong
<< PING irc.psychz.net
>> :irc.psychz.net PONG irc.psychz.net :irc.psychz.net
--> lag pong
<< PING irc.psychz.net
>> :irc.psychz.net PONG irc.psychz.net :irc.psychz.net
--> lag pong
<< PING irc.psychz.net
>> :irc.psychz.net PONG irc.psychz.net :irc.psychz.net
--> lag pong
<< PING irc.psychz.net
>> :irc.psychz.net PONG irc.psychz.net :irc.psychz.net
--> lag pong
<< PING irc.psychz.net
>> :irc.psychz.net PONG irc.psychz.net :irc.psychz.net
--> lag pong
<< PING irc.psychz.net
>> :irc.psychz.net PONG irc.psychz.net :irc.psychz.net
--> lag pong
<< PING irc.psychz.net
>> :irc.psychz.net PONG irc.psychz.net :irc.psychz.net
--> lag pong
<< PING irc.psychz.net
>> :irc.psychz.net PONG irc.psychz.net :irc.psychz.net
--> lag pong
<< PING irc.psychz.net
>> :irc.psychz.net PONG irc.psychz.net :irc.psychz.net
--> lag pong
<< PING irc.psychz.net
>> :irc.psychz.net PONG irc.psychz.net :irc.psychz.net
--> lag pong
<< PING irc.psychz.net
>> :irc.psychz.net PONG irc.psychz.net :irc.psychz.net
--> lag pong
<< PING irc.psychz.net
>> :irc.psychz.net PONG irc.psychz.net :irc.psychz.net
--> lag pong
<< PING irc.psychz.net
>> :irc.psychz.net PONG irc.psychz.net :irc.psychz.net
--> lag pong
<< PING irc.psychz.net
>> :irc.psychz.net PONG irc.psychz.net :irc.psychz.net
--> lag pong
<< PING irc.psychz.net
>> :irc.psychz.net PONG irc.psychz.net :irc.psychz.net
--> lag pong
<< PING irc.psychz.net
>> :irc.psychz.net PONG irc.psychz.net :irc.psychz.net
--> lag pong
<< PING irc.psychz.net
>> :irc.psychz.net PONG irc.psychz.net :irc.psychz.net
--> lag pong
<< PING irc.psychz.net
>> :irc.psychz.net PONG irc.psychz.net :irc.psychz.net
--> lag pong
<< PING irc.psychz.net
>> :irc.psychz.net PONG irc.psychz.net :irc.psychz.net
--> lag pong
<< PING irc.psychz.net
>> :irc.psychz.net PONG irc.psychz.net :irc.psychz.net
--> lag pong
<< PING irc.psychz.net
>> :irc.psychz.net PONG irc.psychz.net :irc.psychz.net
--> lag pong
<< PING irc.psychz.net
>> :irc.psychz.net PONG irc.psychz.net :irc.psychz.net
--> lag pong
<< PING irc.psychz.net
>> :irc.psychz.net PONG irc.psychz.net :irc.psychz.net
--> lag pong
<< PING irc.psychz.net
>> :irc.psychz.net PONG irc.psychz.net :irc.psychz.net
--> lag pong
<< PING irc.psychz.net
>> :irc.psychz.net PONG irc.psychz.net :irc.psychz.net
--> lag pong
<< PING irc.psychz.net
>> :irc.psychz.net PONG irc.psychz.net :irc.psychz.net
--> lag pong
<< PING irc.psychz.net
>> :irc.psychz.net PONG irc.psychz.net :irc.psychz.net
--> lag pong
<< PING irc.psychz.net
>> :irc.psychz.net PONG irc.psychz.net :irc.psychz.net
--> lag pong
<< PING irc.psychz.net
>> :irc.psychz.net PONG irc.psychz.net :irc.psychz.net
--> lag pong
<< PING irc.psychz.net
>> :irc.psychz.net PONG irc.psychz.net :irc.psychz.net
--> lag pong
<< PING irc.psychz.net
>> :irc.psychz.net PONG irc.psychz.net :irc.psychz.net
--> lag pong
<< PING irc.psychz.net
>> :irc.psychz.net PONG irc.psychz.net :irc.psychz.net
--> lag pong
<< PING irc.psychz.net
>> :irc.psychz.net PONG irc.psychz.net :irc.psychz.net
--> lag pong
<< PING irc.psychz.net
>> :irc.psychz.net PONG irc.psychz.net :irc.psychz.net
--> lag pong
<< PING irc.psychz.net
>> :irc.psychz.net PONG irc.psychz.net :irc.psychz.net
--> lag pong
<< PING irc.psychz.net
>> :irc.psychz.net PONG irc.psychz.net :irc.psychz.net
--> lag pong
<< PING irc.psychz.net
>> :irc.psychz.net PONG irc.psychz.net :irc.psychz.net
--> lag pong
<< PING irc.psychz.net
>> :irc.psychz.net PONG irc.psychz.net :irc.psychz.net
--> lag pong
<< PING irc.psychz.net
>> :irc.psychz.net PONG irc.psychz.net :irc.psychz.net
--> lag pong
<< PING irc.psychz.net
>> :irc.psychz.net PONG irc.psychz.net :irc.psychz.net
--> lag pong
<< PING irc.psychz.net
>> :irc.psychz.net PONG irc.psychz.net :irc.psychz.net
--> lag pong
<< PING irc.psychz.net
>> :irc.psychz.net PONG irc.psychz.net :irc.psychz.net
--> lag pong
<< PING irc.psychz.net
>> :irc.psychz.net PONG irc.psychz.net :irc.psychz.net
--> lag pong
<< PING irc.psychz.net
>> :irc.psychz.net PONG irc.psychz.net :irc.psychz.net
--> lag pong
<< PING irc.psychz.net
>> :irc.psychz.net PONG irc.psychz.net :irc.psychz.net
--> lag pong
<< PING irc.psychz.net
>> :irc.psychz.net PONG irc.psychz.net :irc.psychz.net
--> lag pong
<< PING irc.psychz.net
>> :irc.psychz.net PONG irc.psychz.net :irc.psychz.net
--> lag pong
<< PING irc.psychz.net
>> :irc.psychz.net PONG irc.psychz.net :irc.psychz.net
--> lag pong
<< PING irc.psychz.net
>> :irc.psychz.net PONG irc.psychz.net :irc.psychz.net
--> lag pong
<< PING irc.psychz.net
>> :irc.psychz.net PONG irc.psychz.net :irc.psychz.net
--> lag pong
<< QUIT :leaving
