<< CAP LS 302
<< JOIN :
>> :irc.spadhausen.com 020 * :Please wait while we process your connection.
>> :irc.spadhausen.com 451 * :You have not registered
<< NICK apresas
<< USER apresas apresas ssl.ircnet.ovh :albert
>> :irc.spadhausen.com 433 * apresas :Nickname is already in use.
<< NICK apresas_
>> :irc.spadhausen.com 001 apresas_ :Welcome to the Internet Relay Network apresas_!~apresas@231.97.133.37.dynamic.jazztel.es
<< MODE apresas_ +i
<< WHOIS apresas
>> :irc.spadhausen.com 002 apresas_ :Your host is irc.spadhausen.com, running version 2.11.2p3+0PNv1.06
>> :irc.spadhausen.com 003 apresas_ :This server was created Sun Jan 14 2024 at 22:52:03 CET
>> :irc.spadhausen.com 004 apresas_ irc.spadhausen.com 2.11.2p3+0PNv1.06 aoOirw abeiIklmnoOpqrRstv
>> :irc.spadhausen.com 005 apresas_ RFC2812 PREFIX=(ov)@+ CHANTYPES=#&!+ MODES=3 CHANLIMIT=#&!+:42 NICKLEN=15 TOPICLEN=255 KICKLEN=255 MAXLIST=beIR:64 CHANNELLEN=50 IDCHAN=!:5 CHANMODES=beIR,k,l,imnpstaqrzZ :are supported by this server
>> :irc.spadhausen.com 005 apresas_ PENALTY FNC EXCEPTS=e INVEX=I CASEMAPPING=ascii NETWORK=IRCnet :are supported by this server
>> :irc.spadhausen.com 042 apresas_ 0PNIAAKX9 :your unique ID
>> :irc.spadhausen.com 251 apresas_ :There are 17658 users and 1 services on 29 servers
>> :irc.spadhausen.com 252 apresas_ 70 :operators online
>> :irc.spadhausen.com 253 apresas_ 1 :unknown connections
>> :irc.spadhausen.com 254 apresas_ 9876 :channels formed
>> :irc.spadhausen.com 255 apresas_ :I have 306 users, 0 services and 1 servers
>> :irc.spadhausen.com 265 apresas_ 306 318 :Current local users 306, max 318
>> :irc.spadhausen.com 266 apresas_ 17658 21238 :Current global users 17658, max 21238
>> :irc.spadhausen.com 375 apresas_ :- irc.spadhausen.com Message of the Day - 
>> :irc.spadhausen.com 372 apresas_ :- 13/12/2024 15:35
>> :irc.spadhausen.com 372 apresas_ :- This open IRCnet server is provided by:
>> :irc.spadhausen.com 372 apresas_ :- ------------------------------------------------------------------
>> :irc.spadhausen.com 372 apresas_ :-       _____                 ____                                 
>> :irc.spadhausen.com 372 apresas_ :-      / ___/____  ____ _____/ / /_  ____ ___  __________  ____    
>> :irc.spadhausen.com 372 apresas_ :-      \__ \/ __ \/ __ `/ __  / __ \/ __ `/ / / / ___/ _ \/ __ \   
>> :irc.spadhausen.com 372 apresas_ :-     ___/ / /_/ / /_/ / /_/ / / / / /_/ / /_/ (__  )  __/ / / /   
>> :irc.spadhausen.com 372 apresas_ :-    /____/ .___/\__,_/\__,_/_/ /_/\__,_/\__,_/____/\___/_/ /_/    
>> :irc.spadhausen.com 372 apresas_ :-        /_/                                                       
>> :irc.spadhausen.com 372 apresas_ :-                         Italian Open Server 
>> :irc.spadhausen.com 372 apresas_ :-                      Hosted in Ravenna, Italy       
>> :irc.spadhausen.com 372 apresas_ :-                Website: https://www.spadhausen.com
>> :irc.spadhausen.com 372 apresas_ :-                   IRC Italia: https://www.irc.it
>> :irc.spadhausen.com 372 apresas_ :-                      Support Channel: #irc.it 
>> :irc.spadhausen.com 372 apresas_ :- 
>> :irc.spadhausen.com 372 apresas_ :-                         irc.spadhausen.com
>> :irc.spadhausen.com 372 apresas_ :-        Open to all users on IPv4/IPv6 ports 6665-6669,7000
>> :irc.spadhausen.com 372 apresas_ :-             SSL/TLS available on ports 6679 and 6697
>> :irc.spadhausen.com 372 apresas_ :- ------------------------------------------------------------------
>> :irc.spadhausen.com 372 apresas_ :- ] We scan for open proxies on connect. If you do not wish to be
>> :irc.spadhausen.com 372 apresas_ :-   scanned, please do not connect to this server.
>> :irc.spadhausen.com 372 apresas_ :- 
>> :irc.spadhausen.com 372 apresas_ :- ] IRCnet provides no nick/channel registration services.
>> :irc.spadhausen.com 372 apresas_ :- 
>> :irc.spadhausen.com 372 apresas_ :- ] This server provides SSL/TLS encryption for some of its clients.
>> :irc.spadhausen.com 372 apresas_ :-   However end parties you communicate with may or may not also
>> :irc.spadhausen.com 372 apresas_ :-   have SSL/TLS enabled. The entire route is unlikely to be
>> :irc.spadhausen.com 372 apresas_ :-   encrypted the entire path!
>> :irc.spadhausen.com 372 apresas_ :- 
>> :irc.spadhausen.com 372 apresas_ :- ] This server provides EXPERIMENTAL local +z channel flag
>> :irc.spadhausen.com 372 apresas_ :-   (&channels only) allowing only SSL/TLS enabled clients to join.
>> :irc.spadhausen.com 372 apresas_ :- 
>> :irc.spadhausen.com 372 apresas_ :- ] This server provides EXPERIMENTAL ip cloaks for users. Read more
>> :irc.spadhausen.com 372 apresas_ :-   and sign up at https://www.cloak.ircnet.io
>> :irc.spadhausen.com 372 apresas_ :- 
>> :irc.spadhausen.com 372 apresas_ :- ] To avoid opless channels, you are encouraged to use the channel
>> :irc.spadhausen.com 372 apresas_ :-   reop mode +R (otherwise unfixable).
>> :irc.spadhausen.com 372 apresas_ :- 
>> :irc.spadhausen.com 372 apresas_ :- ] Usage of /list for listing all channels is deprecated.
>> :irc.spadhausen.com 372 apresas_ :-   Please use "/squery alis help" instead. You can also use
>> :irc.spadhausen.com 372 apresas_ :-   http://www.ircnet.info to list and search channels.
>> :irc.spadhausen.com 372 apresas_ :- 
>> :irc.spadhausen.com 372 apresas_ :- ] Rules:
>> :irc.spadhausen.com 372 apresas_ :-   * We reserve the right to deny service to anyone at any
>> :irc.spadhausen.com 372 apresas_ :-     time and for any reason.
>> :irc.spadhausen.com 372 apresas_ :-   * Mass advertising/link spam is not allowed.
>> :irc.spadhausen.com 372 apresas_ :-   * Clients connected for the purpose of stealing nicks
>> :irc.spadhausen.com 372 apresas_ :-     are not allowed.
>> :irc.spadhausen.com 372 apresas_ :-   * General limits (request changes via /admin):
>> :irc.spadhausen.com 372 apresas_ :-       3 clients per host   (without ident)
>> :irc.spadhausen.com 372 apresas_ :-       3 clients per person (with ident)
>> :irc.spadhausen.com 372 apresas_ :-      20 clients per /24    (IPv4)
>> :irc.spadhausen.com 372 apresas_ :-      10 clients per /48    (IPv6)
>> :irc.spadhausen.com 372 apresas_ :-   * If your IP range offers services to other people
>> :irc.spadhausen.com 372 apresas_ :-     (e.g., shell providers) you must let us know.
>> :irc.spadhausen.com 372 apresas_ :-   * Limits and rules for shell providers:
>> :irc.spadhausen.com 372 apresas_ :-     * 3 clients per person
>> :irc.spadhausen.com 372 apresas_ :-     * identd is required and no ident spoofing, no
>> :irc.spadhausen.com 372 apresas_ :-       changing an ident after a ban, and no giving a
>> :irc.spadhausen.com 372 apresas_ :-       person multiple usernames
>> :irc.spadhausen.com 372 apresas_ :-   * Breaking these rules will result in a ban from ALL
>> :irc.spadhausen.com 372 apresas_ :-     open servers.
>> :irc.spadhausen.com 372 apresas_ :- 
>> :irc.spadhausen.com 372 apresas_ :- ] Links:
>> :irc.spadhausen.com 372 apresas_ :-   * Server and channel lists: http://www.ircnet.info
>> :irc.spadhausen.com 372 apresas_ :-   * Random open server (dns round-robins):
>> :irc.spadhausen.com 372 apresas_ :-     - open.ircnet.io       All open servers
>> :irc.spadhausen.com 372 apresas_ :-     - ssl.ircnet.io        With SSL/TLS support
>> :irc.spadhausen.com 372 apresas_ :-     - irc.cloak.ircnet.io  With cloak support
>> :irc.spadhausen.com 372 apresas_ :-     - ssl.cloak.ircnet.io  With cloak and SSL/TLS support
>> :irc.spadhausen.com 372 apresas_ :-   * Webchat available at:
>> :irc.spadhausen.com 372 apresas_ :-     - https://webchat.ircnet.net  qwebirc
>> :irc.spadhausen.com 372 apresas_ :-     - https://ircnet.chat/        The Lounge
>> :irc.spadhausen.com 372 apresas_ :- 
>> :irc.spadhausen.com 372 apresas_ :- ] If you require any further information, join #ircnet
>> :irc.spadhausen.com 372 apresas_ :- 
>> :irc.spadhausen.com 372 apresas_ :- ------------------------------------------------------------------
>> :irc.spadhausen.com 372 apresas_ :-                  IRC is a privilege, not a right!    
>> :irc.spadhausen.com 372 apresas_ :-            Respect others and enjoy your stay on IRCnet.
>> :irc.spadhausen.com 372 apresas_ :- ------------------------------------------------------------------
>> :irc.spadhausen.com 376 apresas_ :End of MOTD command.
>> :irc.spadhausen.com NOTICE apresas_ :Your connection is secure (SSL/TLS).
>> :apresas_ MODE apresas_ :+i
>> :irc.spadhausen.com 311 apresas_ apresas ~apresas 231.97.133.37.dynamic.jazztel.es * :albert
--> nickfind event whois
>> :irc.spadhausen.com 312 apresas_ apresas ircnet.hostsailor.com :EU Open Server, Provided by HostSailor
--> event empty
>> :irc.spadhausen.com 318 apresas_ apresas :End of WHOIS list.
--> event empty
<< PING irc.spadhausen.com
>> :irc.spadhausen.com PONG irc.spadhausen.com :irc.spadhausen.com
--> lag pong
<< JOIN !ft_irc_test
>> :irc.spadhausen.com 403 apresas_ !ft_irc_test :No such channel
<< PING irc.spadhausen.com
>> :irc.spadhausen.com PONG irc.spadhausen.com :irc.spadhausen.com
--> lag pong
<< PING irc.spadhausen.com
>> :irc.spadhausen.com PONG irc.spadhausen.com :irc.spadhausen.com
--> lag pong
<< PING irc.spadhausen.com
>> :irc.spadhausen.com PONG irc.spadhausen.com :irc.spadhausen.com
--> lag pong
<< PING irc.spadhausen.com
>> :irc.spadhausen.com PONG irc.spadhausen.com :irc.spadhausen.com
--> lag pong
<< PING irc.spadhausen.com
>> :irc.spadhausen.com PONG irc.spadhausen.com :irc.spadhausen.com
--> lag pong
<< PING irc.spadhausen.com
>> :irc.spadhausen.com PONG irc.spadhausen.com :irc.spadhausen.com
--> lag pong
<< PING irc.spadhausen.com
>> :irc.spadhausen.com PONG irc.spadhausen.com :irc.spadhausen.com
--> lag pong
<< PING irc.spadhausen.com
>> :irc.spadhausen.com PONG irc.spadhausen.com :irc.spadhausen.com
--> lag pong
<< PING irc.spadhausen.com
>> :irc.spadhausen.com PONG irc.spadhausen.com :irc.spadhausen.com
--> lag pong
<< PING irc.spadhausen.com
>> :irc.spadhausen.com PONG irc.spadhausen.com :irc.spadhausen.com
--> lag pong
<< PING irc.spadhausen.com
>> :irc.spadhausen.com PONG irc.spadhausen.com :irc.spadhausen.com
--> lag pong
<< PING irc.spadhausen.com
>> :irc.spadhausen.com PONG irc.spadhausen.com :irc.spadhausen.com
--> lag pong
<< PING irc.spadhausen.com
>> :irc.spadhausen.com PONG irc.spadhausen.com :irc.spadhausen.com
--> lag pong
<< PING irc.spadhausen.com
>> :irc.spadhausen.com PONG irc.spadhausen.com :irc.spadhausen.com
--> lag pong
<< PING irc.spadhausen.com
>> :irc.spadhausen.com PONG irc.spadhausen.com :irc.spadhausen.com
--> lag pong
<< PING irc.spadhausen.com
>> :irc.spadhausen.com PONG irc.spadhausen.com :irc.spadhausen.com
--> lag pong
<< PING irc.spadhausen.com
>> :irc.spadhausen.com PONG irc.spadhausen.com :irc.spadhausen.com
--> lag pong
<< PING irc.spadhausen.com
>> :irc.spadhausen.com PONG irc.spadhausen.com :irc.spadhausen.com
--> lag pong
<< PING irc.spadhausen.com
>> :irc.spadhausen.com PONG irc.spadhausen.com :irc.spadhausen.com
--> lag pong
<< PING irc.spadhausen.com
>> :irc.spadhausen.com PONG irc.spadhausen.com :irc.spadhausen.com
--> lag pong
<< PING irc.spadhausen.com
>> :irc.spadhausen.com PONG irc.spadhausen.com :irc.spadhausen.com
--> lag pong
<< PING irc.spadhausen.com
>> :irc.spadhausen.com PONG irc.spadhausen.com :irc.spadhausen.com
--> lag pong
<< PING irc.spadhausen.com
>> :irc.spadhausen.com PONG irc.spadhausen.com :irc.spadhausen.com
--> lag pong
<< PING irc.spadhausen.com
>> :irc.spadhausen.com PONG irc.spadhausen.com :irc.spadhausen.com
--> lag pong
<< PING irc.spadhausen.com
>> :irc.spadhausen.com PONG irc.spadhausen.com :irc.spadhausen.com
--> lag pong
<< PING irc.spadhausen.com
>> :irc.spadhausen.com PONG irc.spadhausen.com :irc.spadhausen.com
--> lag pong
<< PING irc.spadhausen.com
>> :irc.spadhausen.com PONG irc.spadhausen.com :irc.spadhausen.com
--> lag pong
<< PING irc.spadhausen.com
>> :irc.spadhausen.com PONG irc.spadhausen.com :irc.spadhausen.com
--> lag pong
<< PING irc.spadhausen.com
>> :irc.spadhausen.com PONG irc.spadhausen.com :irc.spadhausen.com
--> lag pong
<< PING irc.spadhausen.com
>> :irc.spadhausen.com PONG irc.spadhausen.com :irc.spadhausen.com
--> lag pong
<< PING irc.spadhausen.com
>> :irc.spadhausen.com PONG irc.spadhausen.com :irc.spadhausen.com
--> lag pong
<< PING irc.spadhausen.com
>> :irc.spadhausen.com PONG irc.spadhausen.com :irc.spadhausen.com
--> lag pong
<< PING irc.spadhausen.com
>> :irc.spadhausen.com PONG irc.spadhausen.com :irc.spadhausen.com
--> lag pong
<< PING irc.spadhausen.com
>> :irc.spadhausen.com PONG irc.spadhausen.com :irc.spadhausen.com
--> lag pong
<< PING irc.spadhausen.com
>> :irc.spadhausen.com PONG irc.spadhausen.com :irc.spadhausen.com
--> lag pong
<< PING irc.spadhausen.com
>> :irc.spadhausen.com PONG irc.spadhausen.com :irc.spadhausen.com
--> lag pong
<< PING irc.spadhausen.com
>> :irc.spadhausen.com PONG irc.spadhausen.com :irc.spadhausen.com
--> lag pong
<< PING irc.spadhausen.com
>> :irc.spadhausen.com PONG irc.spadhausen.com :irc.spadhausen.com
--> lag pong
<< PING irc.spadhausen.com
>> :irc.spadhausen.com PONG irc.spadhausen.com :irc.spadhausen.com
--> lag pong
<< PING irc.spadhausen.com
>> :irc.spadhausen.com PONG irc.spadhausen.com :irc.spadhausen.com
--> lag pong
<< PING irc.spadhausen.com
>> :irc.spadhausen.com PONG irc.spadhausen.com :irc.spadhausen.com
--> lag pong
<< PING irc.spadhausen.com
>> :irc.spadhausen.com PONG irc.spadhausen.com :irc.spadhausen.com
--> lag pong
<< PING irc.spadhausen.com
>> :irc.spadhausen.com PONG irc.spadhausen.com :irc.spadhausen.com
--> lag pong
<< PING irc.spadhausen.com
>> :irc.spadhausen.com PONG irc.spadhausen.com :irc.spadhausen.com
--> lag pong
<< PING irc.spadhausen.com
>> :irc.spadhausen.com PONG irc.spadhausen.com :irc.spadhausen.com
--> lag pong
<< PING irc.spadhausen.com
>> :irc.spadhausen.com PONG irc.spadhausen.com :irc.spadhausen.com
--> lag pong
<< PING irc.spadhausen.com
>> :irc.spadhausen.com PONG irc.spadhausen.com :irc.spadhausen.com
--> lag pong
<< PING irc.spadhausen.com
>> :irc.spadhausen.com PONG irc.spadhausen.com :irc.spadhausen.com
--> lag pong
<< PING irc.spadhausen.com
>> :irc.spadhausen.com PONG irc.spadhausen.com :irc.spadhausen.com
--> lag pong
<< PING irc.spadhausen.com
>> :irc.spadhausen.com PONG irc.spadhausen.com :irc.spadhausen.com
--> lag pong
<< PING irc.spadhausen.com
>> :irc.spadhausen.com PONG irc.spadhausen.com :irc.spadhausen.com
--> lag pong
<< PING irc.spadhausen.com
>> :irc.spadhausen.com PONG irc.spadhausen.com :irc.spadhausen.com
--> lag pong
<< PING irc.spadhausen.com
>> :irc.spadhausen.com PONG irc.spadhausen.com :irc.spadhausen.com
--> lag pong
<< PING irc.spadhausen.com
>> :irc.spadhausen.com PONG irc.spadhausen.com :irc.spadhausen.com
--> lag pong
<< PING irc.spadhausen.com
>> :irc.spadhausen.com PONG irc.spadhausen.com :irc.spadhausen.com
--> lag pong
<< PING irc.spadhausen.com
>> :irc.spadhausen.com PONG irc.spadhausen.com :irc.spadhausen.com
--> lag pong
<< PING irc.spadhausen.com
>> :irc.spadhausen.com PONG irc.spadhausen.com :irc.spadhausen.com
--> lag pong
<< PING irc.spadhausen.com
>> :irc.spadhausen.com PONG irc.spadhausen.com :irc.spadhausen.com
--> lag pong
<< PING irc.spadhausen.com
>> :irc.spadhausen.com PONG irc.spadhausen.com :irc.spadhausen.com
--> lag pong
<< PING irc.spadhausen.com
>> :irc.spadhausen.com PONG irc.spadhausen.com :irc.spadhausen.com
--> lag pong
<< PING irc.spadhausen.com
>> :irc.spadhausen.com PONG irc.spadhausen.com :irc.spadhausen.com
--> lag pong
<< PING irc.spadhausen.com
>> :irc.spadhausen.com PONG irc.spadhausen.com :irc.spadhausen.com
--> lag pong
<< PING irc.spadhausen.com
>> :irc.spadhausen.com PONG irc.spadhausen.com :irc.spadhausen.com
--> lag pong
<< PING irc.spadhausen.com
>> :irc.spadhausen.com PONG irc.spadhausen.com :irc.spadhausen.com
--> lag pong
<< PING irc.spadhausen.com
>> :irc.spadhausen.com PONG irc.spadhausen.com :irc.spadhausen.com
--> lag pong
<< PING irc.spadhausen.com
>> :irc.spadhausen.com PONG irc.spadhausen.com :irc.spadhausen.com
--> lag pong
<< PING irc.spadhausen.com
>> :irc.spadhausen.com PONG irc.spadhausen.com :irc.spadhausen.com
--> lag pong
<< PING irc.spadhausen.com
>> :irc.spadhausen.com PONG irc.spadhausen.com :irc.spadhausen.com
--> lag pong
<< PING irc.spadhausen.com
>> :irc.spadhausen.com PONG irc.spadhausen.com :irc.spadhausen.com
--> lag pong
<< PING irc.spadhausen.com
>> :irc.spadhausen.com PONG irc.spadhausen.com :irc.spadhausen.com
--> lag pong
<< PING irc.spadhausen.com
>> :irc.spadhausen.com PONG irc.spadhausen.com :irc.spadhausen.com
--> lag pong
<< PING irc.spadhausen.com
>> :irc.spadhausen.com PONG irc.spadhausen.com :irc.spadhausen.com
--> lag pong
<< PING irc.spadhausen.com
>> :irc.spadhausen.com PONG irc.spadhausen.com :irc.spadhausen.com
--> lag pong
<< PING irc.spadhausen.com
>> :irc.spadhausen.com PONG irc.spadhausen.com :irc.spadhausen.com
--> lag pong
<< PING irc.spadhausen.com
>> :irc.spadhausen.com PONG irc.spadhausen.com :irc.spadhausen.com
--> lag pong
<< PING irc.spadhausen.com
>> :irc.spadhausen.com PONG irc.spadhausen.com :irc.spadhausen.com
--> lag pong
<< PING irc.spadhausen.com
>> :irc.spadhausen.com PONG irc.spadhausen.com :irc.spadhausen.com
--> lag pong
<< PING irc.spadhausen.com
>> :irc.spadhausen.com PONG irc.spadhausen.com :irc.spadhausen.com
--> lag pong
<< JOIN #ft_irc_test
>> :apresas_!~apresas@231.97.133.37.dynamic.jazztel.es JOIN :#ft_irc_test
>> :irc.spadhausen.com 353 apresas_ = #ft_irc_test :@apresas_ 
>> :irc.spadhausen.com 366 apresas_ #ft_irc_test :End of NAMES list.
<< MODE #ft_irc_test
>> :irc.spadhausen.com 324 apresas_ #ft_irc_test + 
--> chanquery mode
<< WHO #ft_irc_test
>> :irc.spadhausen.com 352 apresas_ #ft_irc_test ~apresas 231.97.133.37.dynamic.jazztel.es irc.spadhausen.com apresas_ H@ :0 0PNI albert
--> silent event who
>> :irc.spadhausen.com 315 apresas_ #ft_irc_test :End of WHO list.
--> chanquery who end
<< MODE #ft_irc_test b
>> :irc.spadhausen.com 368 apresas_ #ft_irc_test :End of Channel Ban List
--> chanquery ban end
<< JOIN #ft_irc_test
<< PING irc.spadhausen.com
>> :irc.spadhausen.com PONG irc.spadhausen.com :irc.spadhausen.com
--> lag pong
<< JOIN #ft_irc_teste
>> :apresas_!~apresas@231.97.133.37.dynamic.jazztel.es JOIN :#ft_irc_teste
>> :irc.spadhausen.com 353 apresas_ = #ft_irc_teste :@apresas_ 
>> :irc.spadhausen.com 366 apresas_ #ft_irc_teste :End of NAMES list.
<< MODE #ft_irc_teste
>> :irc.spadhausen.com 324 apresas_ #ft_irc_teste + 
--> chanquery mode
<< WHO #ft_irc_teste
>> :irc.spadhausen.com 352 apresas_ #ft_irc_teste ~apresas 231.97.133.37.dynamic.jazztel.es irc.spadhausen.com apresas_ H@ :0 0PNI albert
--> silent event who
>> :irc.spadhausen.com 315 apresas_ #ft_irc_teste :End of WHO list.
--> chanquery who end
<< MODE #ft_irc_teste b
>> :irc.spadhausen.com 368 apresas_ #ft_irc_teste :End of Channel Ban List
--> chanquery ban end
<< PING irc.spadhausen.com
>> :irc.spadhausen.com PONG irc.spadhausen.com :irc.spadhausen.com
--> lag pong
<< PART #ft_irc_test 0
>> :apresas_!~apresas@231.97.133.37.dynamic.jazztel.es PART #ft_irc_test :0
<< JOIN #ft_irc_test 0
>> :apresas_!~apresas@231.97.133.37.dynamic.jazztel.es JOIN :#ft_irc_test
>> :irc.spadhausen.com 353 apresas_ = #ft_irc_test :@apresas_ 
>> :irc.spadhausen.com 366 apresas_ #ft_irc_test :End of NAMES list.
<< MODE #ft_irc_test
>> :irc.spadhausen.com 324 apresas_ #ft_irc_test + 
--> chanquery mode
<< WHO #ft_irc_test
>> :irc.spadhausen.com 352 apresas_ #ft_irc_test ~apresas 231.97.133.37.dynamic.jazztel.es irc.spadhausen.com apresas_ H@ :0 0PNI albert
--> silent event who
>> :irc.spadhausen.com 315 apresas_ #ft_irc_test :End of WHO list.
--> chanquery who end
<< MODE #ft_irc_test b
>> :irc.spadhausen.com 368 apresas_ #ft_irc_test :End of Channel Ban List
--> chanquery ban end
<< PING irc.spadhausen.com
>> :irc.spadhausen.com PONG irc.spadhausen.com :irc.spadhausen.com
--> lag pong
<< QUIT :leaving
