<< CAP LS 302
<< JOIN :
>> :ircnet.hostsailor.com 020 * :Please wait while we process your connection.
>> :ircnet.hostsailor.com 451 * :You have not registered
<< NICK apresas
<< USER apresas apresas ssl.ircnet.ovh :albert
>> :ircnet.hostsailor.com 001 apresas :Welcome to the Internet Relay Network apresas!~apresas@57.190.79.188.dynamic.jazztel.es
<< MODE apresas +i
>> :ircnet.hostsailor.com 002 apresas :Your host is ircnet.hostsailor.com, running version 2.11.2p3+0PNv1.06
>> :ircnet.hostsailor.com 003 apresas :This server was created Thu May 20 2021 at 17:13:24 EDT
>> :ircnet.hostsailor.com 004 apresas ircnet.hostsailor.com 2.11.2p3+0PNv1.06 aoOirw abeiIklmnoOpqrRstv
>> :ircnet.hostsailor.com 005 apresas RFC2812 PREFIX=(ov)@+ CHANTYPES=#&!+ MODES=3 CHANLIMIT=#&!+:42 NICKLEN=15 TOPICLEN=255 KICKLEN=255 MAXLIST=beIR:64 CHANNELLEN=50 IDCHAN=!:5 CHANMODES=beIR,k,l,imnpstaqrzZ :are supported by this server
>> :ircnet.hostsailor.com 005 apresas PENALTY FNC EXCEPTS=e INVEX=I CASEMAPPING=ascii NETWORK=IRCnet :are supported by this server
>> :ircnet.hostsailor.com 042 apresas 0PNHAADYD :your unique ID
>> :ircnet.hostsailor.com 251 apresas :There are 17447 users and 1 services on 29 servers
>> :ircnet.hostsailor.com 252 apresas 72 :operators online
>> :ircnet.hostsailor.com 253 apresas 8 :unknown connections
>> :ircnet.hostsailor.com 254 apresas 9802 :channels formed
>> :ircnet.hostsailor.com 255 apresas :I have 289 users, 0 services and 1 servers
>> :ircnet.hostsailor.com 265 apresas 289 295 :Current local users 289, max 295
>> :ircnet.hostsailor.com 266 apresas 17447 17752 :Current global users 17447, max 17752
>> :ircnet.hostsailor.com 375 apresas :- ircnet.hostsailor.com Message of the Day - 
>> :ircnet.hostsailor.com 372 apresas :- 11/12/2024 10:15
>> :ircnet.hostsailor.com 372 apresas :- This open IRCnet server is provided by:
>> :ircnet.hostsailor.com 372 apresas :-      |   |            |    ___|       _) |
>> :ircnet.hostsailor.com 372 apresas :-      |   |  _ \   __| __|\___ \   _` | | |  _ \   __|
>> :ircnet.hostsailor.com 372 apresas :-      ___ | (   |\__ \ |        | (   | | | (   | |
>> :ircnet.hostsailor.com 372 apresas :-     _|  _|\___/ ____/\__|_____/ \__,_|_|_|\___/ _|
>> :ircnet.hostsailor.com 372 apresas :-                   ircnet.hostsailor.com
>> :ircnet.hostsailor.com 372 apresas :-    Open to all users on IPv4/IPv6 ports 6665-6669,7000
>> :ircnet.hostsailor.com 372 apresas :-          SSL/TLS available on ports 6679 and 6697
>> :ircnet.hostsailor.com 372 apresas :- ----------------------------------------------------------
>> :ircnet.hostsailor.com 372 apresas :- ] We scan for open proxies on connect. If you do not wish
>> :ircnet.hostsailor.com 372 apresas :-   to be scanned, please do not connect to this server.
>> :ircnet.hostsailor.com 372 apresas :- 
>> :ircnet.hostsailor.com 372 apresas :- ] IRCnet provides no nick/channel registration services.
>> :ircnet.hostsailor.com 372 apresas :- 
>> :ircnet.hostsailor.com 372 apresas :- ] This server provides SSL/TLS encryption for some of its
>> :ircnet.hostsailor.com 372 apresas :-   clients. However end parties you communicate with may
>> :ircnet.hostsailor.com 372 apresas :-   or may not also have SSL/TLS enabled. The entire route
>> :ircnet.hostsailor.com 372 apresas :-   is unlikely to be encrypted the entire path!
>> :ircnet.hostsailor.com 372 apresas :- 
>> :ircnet.hostsailor.com 372 apresas :- ] This server provides EXPERIMENTAL local +z channel flag
>> :ircnet.hostsailor.com 372 apresas :-   (&channels only) allowing only SSL/TLS enabled clients to
>> :ircnet.hostsailor.com 372 apresas :-   join.
>> :ircnet.hostsailor.com 372 apresas :- 
>> :ircnet.hostsailor.com 372 apresas :- ] This server provides EXPERIMENTAL ip cloaks for users.
>> :ircnet.hostsailor.com 372 apresas :-   Read more and sign up at https://www.cloak.ircnet.io
>> :ircnet.hostsailor.com 372 apresas :- 
>> :ircnet.hostsailor.com 372 apresas :- ] To avoid opless channels, you are encouraged to use the
>> :ircnet.hostsailor.com 372 apresas :-   channel reop mode +R (otherwise unfixable).
>> :ircnet.hostsailor.com 372 apresas :- 
>> :ircnet.hostsailor.com 372 apresas :- ] Usage of /list for listing all channels is deprecated.
>> :ircnet.hostsailor.com 372 apresas :-   Please use "/squery alis help" instead. You can also
>> :ircnet.hostsailor.com 372 apresas :-   use http://www.ircnet.info to list and search channels.
>> :ircnet.hostsailor.com 372 apresas :- 
>> :ircnet.hostsailor.com 372 apresas :- ] Rules:
>> :ircnet.hostsailor.com 372 apresas :-   * We reserve the right to deny service to anyone at any
>> :ircnet.hostsailor.com 372 apresas :-     time and for any reason.
>> :ircnet.hostsailor.com 372 apresas :-   * Mass advertising/link spam is not allowed.
>> :ircnet.hostsailor.com 372 apresas :-   * Clients connected for the purpose of stealing nicks
>> :ircnet.hostsailor.com 372 apresas :-     are not allowed.
>> :ircnet.hostsailor.com 372 apresas :-   * General limits (request changes via /admin):
>> :ircnet.hostsailor.com 372 apresas :-       3 clients per host   (without ident)
>> :ircnet.hostsailor.com 372 apresas :-       3 clients per person (with ident)
>> :ircnet.hostsailor.com 372 apresas :-      20 clients per /24    (IPv4)
>> :ircnet.hostsailor.com 372 apresas :-      10 clients per /48    (IPv6)
>> :ircnet.hostsailor.com 372 apresas :-   * If your IP range offers services to other people
>> :ircnet.hostsailor.com 372 apresas :-     (e.g., shell providers) you must let us know.
>> :ircnet.hostsailor.com 372 apresas :-   * Limits and rules for shell providers:
>> :ircnet.hostsailor.com 372 apresas :-     * 3 clients per person
>> :ircnet.hostsailor.com 372 apresas :-     * identd is required and no ident spoofing, no
>> :ircnet.hostsailor.com 372 apresas :-       changing an ident after a ban, and no giving a
>> :ircnet.hostsailor.com 372 apresas :-       person multiple usernames
>> :ircnet.hostsailor.com 372 apresas :-   * Breaking these rules will result in a ban from ALL
>> :ircnet.hostsailor.com 372 apresas :-     open servers.
>> :ircnet.hostsailor.com 372 apresas :- 
>> :ircnet.hostsailor.com 372 apresas :- ] Links:
>> :ircnet.hostsailor.com 372 apresas :-   * Server and channel lists: http://www.ircnet.info
>> :ircnet.hostsailor.com 372 apresas :-   * Random open server (dns round-robins):
>> :ircnet.hostsailor.com 372 apresas :-     - open.ircnet.io       All open servers
>> :ircnet.hostsailor.com 372 apresas :-     - ssl.ircnet.io        With SSL/TLS support
>> :ircnet.hostsailor.com 372 apresas :-     - irc.cloak.ircnet.io  With cloak support
>> :ircnet.hostsailor.com 372 apresas :-     - ssl.cloak.ircnet.io  With cloak and SSL/TLS support
>> :ircnet.hostsailor.com 372 apresas :-   * Webchat available at:
>> :ircnet.hostsailor.com 372 apresas :-     - https://webchat.ircnet.net  qwebirc
>> :ircnet.hostsailor.com 372 apresas :-     - https://ircnet.chat/        The Lounge
>> :ircnet.hostsailor.com 372 apresas :- 
>> :ircnet.hostsailor.com 372 apresas :- ] If you require any further information, join #ircnet
>> :ircnet.hostsailor.com 372 apresas :- 
>> :ircnet.hostsailor.com 372 apresas :- ----------------------------------------------------------
>> :ircnet.hostsailor.com 372 apresas :-              IRC is a privilege, not a right!
>> :ircnet.hostsailor.com 372 apresas :-        Respect others and enjoy your stay on IRCnet.
>> :ircnet.hostsailor.com 372 apresas :-      This server is sponsored and hosted by HostSailor
>> :ircnet.hostsailor.com 372 apresas :-       WebHosting Solutions https://www.hostsailor.com
>> :ircnet.hostsailor.com 372 apresas :- ----------------------------------------------------------
>> :ircnet.hostsailor.com 376 apresas :End of MOTD command.
>> :ircnet.hostsailor.com NOTICE apresas :Your connection is secure (SSL/TLS).
>> :apresas MODE apresas :+i
<< PING ircnet.hostsailor.com
>> :ircnet.hostsailor.com PONG ircnet.hostsailor.com :ircnet.hostsailor.com
--> lag pong
<< JOIN +ft_irc_tests
>> :apresas!~apresas@57.190.79.188.dynamic.jazztel.es JOIN :+ft_irc_tests
>> :ircnet.hostsailor.com 353 apresas = +ft_irc_tests :apresas 
>> :ircnet.hostsailor.com 366 apresas +ft_irc_tests :End of NAMES list.
<< WHO +ft_irc_tests
>> :ircnet.hostsailor.com 352 apresas +ft_irc_tests ~apresas 57.190.79.188.dynamic.jazztel.es ircnet.hostsailor.com apresas H :0 0PNH albert
--> silent event who
>> :ircnet.hostsailor.com 315 apresas +ft_irc_tests :End of WHO list.
--> chanquery who end
<< MODE +ft_irc_tests
>> :ircnet.hostsailor.com 477 apresas +ft_irc_tests :Channel doesn't support modes
<< PING ircnet.hostsailor.com
>> :ircnet.hostsailor.com PONG ircnet.hostsailor.com :ircnet.hostsailor.com
--> lag pong
<< PING ircnet.hostsailor.com
>> :ircnet.hostsailor.com PONG ircnet.hostsailor.com :ircnet.hostsailor.com
--> lag pong
<< PING ircnet.hostsailor.com
>> :ircnet.hostsailor.com PONG ircnet.hostsailor.com :ircnet.hostsailor.com
--> lag pong
<< PING ircnet.hostsailor.com
>> :ircnet.hostsailor.com PONG ircnet.hostsailor.com :ircnet.hostsailor.com
--> lag pong
<< PING ircnet.hostsailor.com
>> :ircnet.hostsailor.com PONG ircnet.hostsailor.com :ircnet.hostsailor.com
--> lag pong
<< PING ircnet.hostsailor.com
>> :ircnet.hostsailor.com PONG ircnet.hostsailor.com :ircnet.hostsailor.com
--> lag pong
<< PING ircnet.hostsailor.com
>> :ircnet.hostsailor.com PONG ircnet.hostsailor.com :ircnet.hostsailor.com
--> lag pong
<< PING ircnet.hostsailor.com
>> :ircnet.hostsailor.com PONG ircnet.hostsailor.com :ircnet.hostsailor.com
--> lag pong
<< PING ircnet.hostsailor.com
>> :ircnet.hostsailor.com PONG ircnet.hostsailor.com :ircnet.hostsailor.com
--> lag pong
<< PING ircnet.hostsailor.com
>> :ircnet.hostsailor.com PONG ircnet.hostsailor.com :ircnet.hostsailor.com
--> lag pong
<< PING ircnet.hostsailor.com
>> :ircnet.hostsailor.com PONG ircnet.hostsailor.com :ircnet.hostsailor.com
--> lag pong
<< PING ircnet.hostsailor.com
>> :ircnet.hostsailor.com PONG ircnet.hostsailor.com :ircnet.hostsailor.com
--> lag pong
<< PING ircnet.hostsailor.com
>> :ircnet.hostsailor.com PONG ircnet.hostsailor.com :ircnet.hostsailor.com
--> lag pong
<< PING ircnet.hostsailor.com
>> :ircnet.hostsailor.com PONG ircnet.hostsailor.com :ircnet.hostsailor.com
--> lag pong
<< MODE +ft_irc_tests +m
>> :ircnet.hostsailor.com 477 apresas +ft_irc_tests :Channel doesn't support modes
<< MODE +ft_irc_tests +m
>> :ircnet.hostsailor.com 477 apresas +ft_irc_tests :Channel doesn't support modes
<< PING ircnet.hostsailor.com
>> :ircnet.hostsailor.com PONG ircnet.hostsailor.com :ircnet.hostsailor.com
--> lag pong
<< PING ircnet.hostsailor.com
>> :ircnet.hostsailor.com PONG ircnet.hostsailor.com :ircnet.hostsailor.com
--> lag pong
<< PING ircnet.hostsailor.com
>> :ircnet.hostsailor.com PONG ircnet.hostsailor.com :ircnet.hostsailor.com
--> lag pong
<< PING ircnet.hostsailor.com
>> :ircnet.hostsailor.com PONG ircnet.hostsailor.com :ircnet.hostsailor.com
--> lag pong
<< PING ircnet.hostsailor.com
>> :ircnet.hostsailor.com PONG ircnet.hostsailor.com :ircnet.hostsailor.com
--> lag pong
<< PING ircnet.hostsailor.com
>> :ircnet.hostsailor.com PONG ircnet.hostsailor.com :ircnet.hostsailor.com
--> lag pong
<< PING ircnet.hostsailor.com
>> :ircnet.hostsailor.com PONG ircnet.hostsailor.com :ircnet.hostsailor.com
--> lag pong
<< PING ircnet.hostsailor.com
>> :ircnet.hostsailor.com PONG ircnet.hostsailor.com :ircnet.hostsailor.com
--> lag pong
<< PART leaving
>> :ircnet.hostsailor.com 403 apresas leaving :No such channel
<< PING ircnet.hostsailor.com
>> :ircnet.hostsailor.com PONG ircnet.hostsailor.com :ircnet.hostsailor.com
--> lag pong
<< QUIT :leaving
