>> :LAN-Team.DE.EU.GameSurge.net 371 apresas :Based on the original code written by Jarkko Oikarinen, version 2.6:
>> :LAN-Team.DE.EU.GameSurge.net 371 apresas :Wiz          Jarkko Oikarinen         <jto@tolsun.oulu.fi>
>> :LAN-Team.DE.EU.GameSurge.net 371 apresas :
>> :LAN-Team.DE.EU.GameSurge.net 371 apresas :The main developer of version u2.9 and u2.10 was:
>> :LAN-Team.DE.EU.GameSurge.net 371 apresas :Run          Carlo Wood               <carlo@runaway.xs4all.nl>
>> :LAN-Team.DE.EU.GameSurge.net 371 apresas :
>> :LAN-Team.DE.EU.GameSurge.net 371 apresas :The head developer of the u2.10 source tree was:
>> :LAN-Team.DE.EU.GameSurge.net 371 apresas :Bleep        Thomas Helvey            <tomh@inxpress.net>
>> :LAN-Team.DE.EU.GameSurge.net 371 apresas :
>> :LAN-Team.DE.EU.GameSurge.net 371 apresas :The current maintainors of the u2.10 source tree are:
>> :LAN-Team.DE.EU.GameSurge.net 371 apresas :Isomer       Perry Lorier             <perry@coders.net>
>> :LAN-Team.DE.EU.GameSurge.net 371 apresas :Kev          Kevin Mitchell           <klmitch@mit.edu>
>> :LAN-Team.DE.EU.GameSurge.net 371 apresas :
>> :LAN-Team.DE.EU.GameSurge.net 371 apresas :Contributors to this release:
>> :LAN-Team.DE.EU.GameSurge.net 371 apresas :Kev, Isomer, Gte, Ghostwolf, Bleep
>> :LAN-Team.DE.EU.GameSurge.net 371 apresas :Debugging and support:
>> :LAN-Team.DE.EU.GameSurge.net 371 apresas :SeKs, Maniac-, HeKTik, OmniDynmc, Liandrin, Dianora
>> :LAN-Team.DE.EU.GameSurge.net 371 apresas :Special thanks to Angel and Buff for believing in us and puttingup with frantic late night phone calls
>> :LAN-Team.DE.EU.GameSurge.net 371 apresas :Thanks goes to all other people who contributed to any version.
>> :LAN-Team.DE.EU.GameSurge.net 371 apresas :A full listing of all coders can be found in doc/Authors in the
>> :LAN-Team.DE.EU.GameSurge.net 371 apresas :source.
>> :LAN-Team.DE.EU.GameSurge.net 371 apresas :
>> :LAN-Team.DE.EU.GameSurge.net 371 apresas :Sources:
>> :LAN-Team.DE.EU.GameSurge.net 371 apresas :[ IPcheck.c: f1d68061ec31d464a6f824bb606fe0a8  ]
>> :LAN-Team.DE.EU.GameSurge.net 371 apresas :[ channel.c: 749ceae522b6ca5d3e9f376414bcd971  ]
>> :LAN-Team.DE.EU.GameSurge.net 371 apresas :[ class.c: 9e11dac4b4717fe4b8ebf7c451c20650  ]
>> :LAN-Team.DE.EU.GameSurge.net 371 apresas :[ client.c: a7727af8b78e279244416c651e7f4f21  ]
>> :LAN-Team.DE.EU.GameSurge.net 371 apresas :[ convert-conf.c: a4fbbce0362d7aad72676fac328f7435  ]
>> :LAN-Team.DE.EU.GameSurge.net 371 apresas :Birth Date: Tue Oct 17 2023 at 07:25:21 PM UTC, compile # 4
>> :LAN-Team.DE.EU.GameSurge.net 371 apresas :On-line since Sat Aug 17 06:17:55 2024
>> :LAN-Team.DE.EU.GameSurge.net 374 apresas :End of /INFO list.
<< PING LAN-Team.DE.EU.GameSurge.net
>> :LAN-Team.DE.EU.GameSurge.net PONG LAN-Team.DE.EU.GameSurge.net :LAN-Team.DE.EU.GameSurge.net
--> lag pong
<< servlist
>> :LAN-Team.DE.EU.GameSurge.net 421 apresas servlist :Unknown command
<< servlist
>> :LAN-Team.DE.EU.GameSurge.net 421 apresas servlist :Unknown command
<< PING LAN-Team.DE.EU.GameSurge.net
>> :LAN-Team.DE.EU.GameSurge.net PONG LAN-Team.DE.EU.GameSurge.net :LAN-Team.DE.EU.GameSurge.net
--> lag pong
<< PING LAN-Team.DE.EU.GameSurge.net
>> :LAN-Team.DE.EU.GameSurge.net PONG LAN-Team.DE.EU.GameSurge.net :LAN-Team.DE.EU.GameSurge.net
--> lag pong
<< PING LAN-Team.DE.EU.GameSurge.net
>> :LAN-Team.DE.EU.GameSurge.net PONG LAN-Team.DE.EU.GameSurge.net :LAN-Team.DE.EU.GameSurge.net
--> lag pong
<< PING LAN-Team.DE.EU.GameSurge.net
>> :LAN-Team.DE.EU.GameSurge.net PONG LAN-Team.DE.EU.GameSurge.net :LAN-Team.DE.EU.GameSurge.net
--> lag pong
<< PING LAN-Team.DE.EU.GameSurge.net
>> :LAN-Team.DE.EU.GameSurge.net PONG LAN-Team.DE.EU.GameSurge.net :LAN-Team.DE.EU.GameSurge.net
--> lag pong
<< PING LAN-Team.DE.EU.GameSurge.net
>> :LAN-Team.DE.EU.GameSurge.net PONG LAN-Team.DE.EU.GameSurge.net :LAN-Team.DE.EU.GameSurge.net
--> lag pong
<< PING LAN-Team.DE.EU.GameSurge.net
>> :LAN-Team.DE.EU.GameSurge.net PONG LAN-Team.DE.EU.GameSurge.net :LAN-Team.DE.EU.GameSurge.net
--> lag pong
<< PING LAN-Team.DE.EU.GameSurge.net
>> :LAN-Team.DE.EU.GameSurge.net PONG LAN-Team.DE.EU.GameSurge.net :LAN-Team.DE.EU.GameSurge.net
--> lag pong
<< PING LAN-Team.DE.EU.GameSurge.net
>> :LAN-Team.DE.EU.GameSurge.net PONG LAN-Team.DE.EU.GameSurge.net :LAN-Team.DE.EU.GameSurge.net
--> lag pong
<< PING LAN-Team.DE.EU.GameSurge.net
>> :LAN-Team.DE.EU.GameSurge.net PONG LAN-Team.DE.EU.GameSurge.net :LAN-Team.DE.EU.GameSurge.net
--> lag pong
<< PING LAN-Team.DE.EU.GameSurge.net
>> :LAN-Team.DE.EU.GameSurge.net PONG LAN-Team.DE.EU.GameSurge.net :LAN-Team.DE.EU.GameSurge.net
--> lag pong
<< PING LAN-Team.DE.EU.GameSurge.net
>> :LAN-Team.DE.EU.GameSurge.net PONG LAN-Team.DE.EU.GameSurge.net :LAN-Team.DE.EU.GameSurge.net
--> lag pong
<< PING LAN-Team.DE.EU.GameSurge.net
>> :LAN-Team.DE.EU.GameSurge.net PONG LAN-Team.DE.EU.GameSurge.net :LAN-Team.DE.EU.GameSurge.net
--> lag pong
<< PING LAN-Team.DE.EU.GameSurge.net
>> :LAN-Team.DE.EU.GameSurge.net PONG LAN-Team.DE.EU.GameSurge.net :LAN-Team.DE.EU.GameSurge.net
--> lag pong
<< PING LAN-Team.DE.EU.GameSurge.net
>> :LAN-Team.DE.EU.GameSurge.net PONG LAN-Team.DE.EU.GameSurge.net :LAN-Team.DE.EU.GameSurge.net
--> lag pong
<< PING LAN-Team.DE.EU.GameSurge.net
>> :LAN-Team.DE.EU.GameSurge.net PONG LAN-Team.DE.EU.GameSurge.net :LAN-Team.DE.EU.GameSurge.net
--> lag pong
<< PING LAN-Team.DE.EU.GameSurge.net
>> :LAN-Team.DE.EU.GameSurge.net PONG LAN-Team.DE.EU.GameSurge.net :LAN-Team.DE.EU.GameSurge.net
--> lag pong
<< PING LAN-Team.DE.EU.GameSurge.net
>> :LAN-Team.DE.EU.GameSurge.net PONG LAN-Team.DE.EU.GameSurge.net :LAN-Team.DE.EU.GameSurge.net
--> lag pong
<< PING LAN-Team.DE.EU.GameSurge.net
>> :LAN-Team.DE.EU.GameSurge.net PONG LAN-Team.DE.EU.GameSurge.net :LAN-Team.DE.EU.GameSurge.net
--> lag pong
<< PING LAN-Team.DE.EU.GameSurge.net
>> :LAN-Team.DE.EU.GameSurge.net PONG LAN-Team.DE.EU.GameSurge.net :LAN-Team.DE.EU.GameSurge.net
--> lag pong
<< PING LAN-Team.DE.EU.GameSurge.net
>> :LAN-Team.DE.EU.GameSurge.net PONG LAN-Team.DE.EU.GameSurge.net :LAN-Team.DE.EU.GameSurge.net
--> lag pong
<< PING LAN-Team.DE.EU.GameSurge.net
>> :LAN-Team.DE.EU.GameSurge.net PONG LAN-Team.DE.EU.GameSurge.net :LAN-Team.DE.EU.GameSurge.net
--> lag pong
<< PING LAN-Team.DE.EU.GameSurge.net
>> :LAN-Team.DE.EU.GameSurge.net PONG LAN-Team.DE.EU.GameSurge.net :LAN-Team.DE.EU.GameSurge.net
--> lag pong
<< PING LAN-Team.DE.EU.GameSurge.net
>> :LAN-Team.DE.EU.GameSurge.net PONG LAN-Team.DE.EU.GameSurge.net :LAN-Team.DE.EU.GameSurge.net
--> lag pong
<< PING LAN-Team.DE.EU.GameSurge.net
>> :LAN-Team.DE.EU.GameSurge.net PONG LAN-Team.DE.EU.GameSurge.net :LAN-Team.DE.EU.GameSurge.net
--> lag pong
<< PING LAN-Team.DE.EU.GameSurge.net
>> :LAN-Team.DE.EU.GameSurge.net PONG LAN-Team.DE.EU.GameSurge.net :LAN-Team.DE.EU.GameSurge.net
--> lag pong
<< JOIN #lobby
>> :apresas!~apresas@gamesurge-e5193b3a.dynamic.jazztel.es JOIN #Lobby
>> :LAN-Team.DE.EU.GameSurge.net 332 apresas #Lobby :#Lobby General Gaming Chat and introductions.
>> :LAN-Team.DE.EU.GameSurge.net 333 apresas #Lobby *.GameSurge.net 1697484286
>> :LAN-Team.DE.EU.GameSurge.net 353 apresas @ #Lobby :apresas @enigma @enigma_ @Computer @Kusau @ChanServ
>> :LAN-Team.DE.EU.GameSurge.net 366 apresas #Lobby :End of /NAMES list.
>> :Computer!~core@ComputerCore.user.gamesurge MODE #Lobby +v apresas
<< MODE #Lobby
>> :LAN-Team.DE.EU.GameSurge.net 324 apresas #Lobby +stnz 
--> chanquery mode
>> :LAN-Team.DE.EU.GameSurge.net 329 apresas #Lobby 1697483134
--> event 329
<< WHO #Lobby %tcuhnfdar,743
>> :LAN-Team.DE.EU.GameSurge.net 354 apresas 743 #Lobby ~apresas gamesurge-e5193b3a.dynamic.jazztel.es apresas H+x 0 0 :albert
--> silent event whox
>> :LAN-Team.DE.EU.GameSurge.net 354 apresas 743 #Lobby ~enigma Enigma.trainer.support enigma G@x 3 Enigma :Enigma
--> silent event whox
>> :LAN-Team.DE.EU.GameSurge.net 354 apresas 743 #Lobby ~enigma Enigma.trainer.support enigma_ G@x 3 Enigma :Enigma
--> silent event whox
>> :LAN-Team.DE.EU.GameSurge.net 354 apresas 743 #Lobby ~core ComputerCore.user.gamesurge Computer H@x 3 ComputerCore :Computer
--> silent event whox
>> :LAN-Team.DE.EU.GameSurge.net 354 apresas 743 #Lobby ~noodle Kusau.user.gamesurge Kusau G@x 3 Kusau :Eric S.
--> silent event whox
>> :LAN-Team.DE.EU.GameSurge.net 354 apresas 743 #Lobby ChanServ Services.GameSurge.net ChanServ H*@d 3 0 :Channel Services
--> silent event whox
>> :LAN-Team.DE.EU.GameSurge.net 315 apresas #Lobby :End of /WHO list.
--> chanquery who end
<< MODE #Lobby b
>> :LAN-Team.DE.EU.GameSurge.net 368 apresas #Lobby :End of Channel Ban List
--> chanquery ban end
<< PING LAN-Team.DE.EU.GameSurge.net
>> :LAN-Team.DE.EU.GameSurge.net PONG LAN-Team.DE.EU.GameSurge.net :LAN-Team.DE.EU.GameSurge.net
--> lag pong
<< PING LAN-Team.DE.EU.GameSurge.net
>> :LAN-Team.DE.EU.GameSurge.net PONG LAN-Team.DE.EU.GameSurge.net :LAN-Team.DE.EU.GameSurge.net
--> lag pong
<< PING LAN-Team.DE.EU.GameSurge.net
>> :LAN-Team.DE.EU.GameSurge.net PONG LAN-Team.DE.EU.GameSurge.net :LAN-Team.DE.EU.GameSurge.net
--> lag pong
<< PING LAN-Team.DE.EU.GameSurge.net
>> :LAN-Team.DE.EU.GameSurge.net PONG LAN-Team.DE.EU.GameSurge.net :LAN-Team.DE.EU.GameSurge.net
--> lag pong
<< PING LAN-Team.DE.EU.GameSurge.net
>> :LAN-Team.DE.EU.GameSurge.net PONG LAN-Team.DE.EU.GameSurge.net :LAN-Team.DE.EU.GameSurge.net
--> lag pong
<< PING LAN-Team.DE.EU.GameSurge.net
>> :LAN-Team.DE.EU.GameSurge.net PONG LAN-Team.DE.EU.GameSurge.net :LAN-Team.DE.EU.GameSurge.net
--> lag pong
<< PING LAN-Team.DE.EU.GameSurge.net
>> :LAN-Team.DE.EU.GameSurge.net PONG LAN-Team.DE.EU.GameSurge.net :LAN-Team.DE.EU.GameSurge.net
--> lag pong
<< PING LAN-Team.DE.EU.GameSurge.net
>> :LAN-Team.DE.EU.GameSurge.net PONG LAN-Team.DE.EU.GameSurge.net :LAN-Team.DE.EU.GameSurge.net
--> lag pong
<< PING LAN-Team.DE.EU.GameSurge.net
>> :LAN-Team.DE.EU.GameSurge.net PONG LAN-Team.DE.EU.GameSurge.net :LAN-Team.DE.EU.GameSurge.net
--> lag pong
<< PING LAN-Team.DE.EU.GameSurge.net
>> :LAN-Team.DE.EU.GameSurge.net PONG LAN-Team.DE.EU.GameSurge.net :LAN-Team.DE.EU.GameSurge.net
--> lag pong
<< PING LAN-Team.DE.EU.GameSurge.net
>> :LAN-Team.DE.EU.GameSurge.net PONG LAN-Team.DE.EU.GameSurge.net :LAN-Team.DE.EU.GameSurge.net
--> lag pong
<< PING LAN-Team.DE.EU.GameSurge.net
>> :LAN-Team.DE.EU.GameSurge.net PONG LAN-Team.DE.EU.GameSurge.net :LAN-Team.DE.EU.GameSurge.net
--> lag pong
<< PING LAN-Team.DE.EU.GameSurge.net
>> :LAN-Team.DE.EU.GameSurge.net PONG LAN-Team.DE.EU.GameSurge.net :LAN-Team.DE.EU.GameSurge.net
--> lag pong
<< PING LAN-Team.DE.EU.GameSurge.net
>> :LAN-Team.DE.EU.GameSurge.net PONG LAN-Team.DE.EU.GameSurge.net :LAN-Team.DE.EU.GameSurge.net
--> lag pong
<< PING LAN-Team.DE.EU.GameSurge.net
>> :LAN-Team.DE.EU.GameSurge.net PONG LAN-Team.DE.EU.GameSurge.net :LAN-Team.DE.EU.GameSurge.net
--> lag pong
<< PING LAN-Team.DE.EU.GameSurge.net
>> :LAN-Team.DE.EU.GameSurge.net PONG LAN-Team.DE.EU.GameSurge.net :LAN-Team.DE.EU.GameSurge.net
--> lag pong
<< PING LAN-Team.DE.EU.GameSurge.net
>> :LAN-Team.DE.EU.GameSurge.net PONG LAN-Team.DE.EU.GameSurge.net :LAN-Team.DE.EU.GameSurge.net
--> lag pong
<< PING LAN-Team.DE.EU.GameSurge.net
>> :LAN-Team.DE.EU.GameSurge.net PONG LAN-Team.DE.EU.GameSurge.net :LAN-Team.DE.EU.GameSurge.net
--> lag pong
