<< CAP LS 302
<< JOIN :
>> :halcyon.il.us.dal.net NOTICE AUTH :*** Looking up your hostname...
>> :halcyon.il.us.dal.net NOTICE AUTH :*** Found your hostname
>> :halcyon.il.us.dal.net 451 * JOIN :You must finish connecting with another nickname first.
<< NICK apresas
<< USER apresas apresas irc.dal.net :albert
>> :halcyon.il.us.dal.net 001 apresas :Welcome to the DALnet IRC Network apresas!~apresas@101.190.79.188.dynamic.jazztel.es
<< MODE apresas +i
>> :halcyon.il.us.dal.net 002 apresas :Your host is halcyon.il.us.dal.net, running version bahamut-2.2.4
>> :halcyon.il.us.dal.net 003 apresas :This server was created Fri Nov 22 2024 at 14:35:51 UTC
>> :halcyon.il.us.dal.net 004 apresas halcyon.il.us.dal.net bahamut-2.2.4 aAbcCdefFghHiIjkKmnoOPrRsSwxXy AbceiIjklLmMnoOpPrRsStv beIjklov
>> :halcyon.il.us.dal.net 005 apresas NETWORK=DALnet SAFELIST MAXBANS=200 MAXCHANNELS=50 CHANNELLEN=32 KICKLEN=307 NICKLEN=30 TOPICLEN=307 MODES=6 CHANTYPES=# CHANLIMIT=#:50 PREFIX=(ohv)@%+ STATUSMSG=@%+ :are available on this server
>> :halcyon.il.us.dal.net 005 apresas CASEMAPPING=ascii WATCH=128 SILENCE=10 ELIST=cmntu EXCEPTS INVEX CHANMODES=beI,k,jl,ciPAmMnOprRsSt MAXLIST=b:200,e:100,I:100 TARGMAX=DCCALLOW:,JOIN:,KICK:4,KILL:20,NOTICE:20,PART:,PRIVMSG:20,WHOIS:,WHOWAS: :are available on this server
>> :halcyon.il.us.dal.net 251 apresas :There are 53 users and 6718 invisible on 39 servers
>> :halcyon.il.us.dal.net 252 apresas 78 :IRC Operators online
>> :halcyon.il.us.dal.net 254 apresas 3497 :channels formed
>> :halcyon.il.us.dal.net 255 apresas :I have 375 clients and 1 servers
>> :halcyon.il.us.dal.net 265 apresas :Current local users: 375 Max: 1845
>> :halcyon.il.us.dal.net 266 apresas :Current global users: 6771 Max: 8275
>> :halcyon.il.us.dal.net NOTICE apresas :*** Notice -- motd was last changed at 2/9/2024 13:45
>> :halcyon.il.us.dal.net 375 apresas :- halcyon.il.us.dal.net Message of the Day - 
>> :halcyon.il.us.dal.net 372 apresas :-2/9/2024 13:45
>> :halcyon.il.us.dal.net 372 apresas :-              _  _ ____ _    ____ _ _ ____ __ _
>> :halcyon.il.us.dal.net 372 apresas :-              |--| |--| |___ |___  Y  [__] | \|
>> :halcyon.il.us.dal.net 372 apresas :- 
>> :halcyon.il.us.dal.net 372 apresas :-                 [ halcyon.il.us.dal.net    ]
>> :halcyon.il.us.dal.net 372 apresas :- 
>> :halcyon.il.us.dal.net 372 apresas :-                 [ Accessible via...        ]
>> :halcyon.il.us.dal.net 372 apresas :-                 [ ipv4: halcyon.dal.net    ]
>> :halcyon.il.us.dal.net 372 apresas :-                 [ ipv6: halcyon-v6.dal.net ]
>> :halcyon.il.us.dal.net 372 apresas :- 
>> :halcyon.il.us.dal.net 372 apresas :- Welcome to DALnet!  By connecting to this network, you agree to abide
>> :halcyon.il.us.dal.net 372 apresas :- by its acceptable use policy, available here: http://www.dal.net/aup
>> :halcyon.il.us.dal.net 372 apresas :- 
>> :halcyon.il.us.dal.net 372 apresas :- Server Policies:
>> :halcyon.il.us.dal.net 372 apresas :- 
>> :halcyon.il.us.dal.net 372 apresas :-    *   We reserve the right to deny access to this server without
>> :halcyon.il.us.dal.net 372 apresas :-        warning or explanation
>> :halcyon.il.us.dal.net 372 apresas :-    *   No malicious bots, including flood and nick/channel chasers
>> :halcyon.il.us.dal.net 372 apresas :-    *   No channel filler bots/clients/psybncs
>> :halcyon.il.us.dal.net 372 apresas :-          - A channel filler is a client, bnc, or bot which is
>> :halcyon.il.us.dal.net 372 apresas :-            connected just to fill a channel and make it look
>> :halcyon.il.us.dal.net 372 apresas :-            bigger
>> :halcyon.il.us.dal.net 372 apresas :-    *   Operator impersonation, spamming, or any other abuse will
>> :halcyon.il.us.dal.net 372 apresas :-        cause you to be banned from this server
>> :halcyon.il.us.dal.net 372 apresas :-    *   Abide by DALnet's AUP (www.dal.net/aup)
>> :halcyon.il.us.dal.net 372 apresas :-    *   Please have fun and enjoy DALnet!
>> :halcyon.il.us.dal.net 372 apresas :- 
>> :halcyon.il.us.dal.net 372 apresas :-      ///admins////////////////////////////////////////
>> :halcyon.il.us.dal.net 372 apresas :-      //                                             //
>> :halcyon.il.us.dal.net 372 apresas :-      //  [ brandon - administrator             ]    //
>> :halcyon.il.us.dal.net 372 apresas :-      //  [ klb     - assistant administrator   ]    //
>> :halcyon.il.us.dal.net 372 apresas :-      //                                             //
>> :halcyon.il.us.dal.net 372 apresas :-      ///operators/////////////////////////////////////
>> :halcyon.il.us.dal.net 372 apresas :-      //                                             //
>> :halcyon.il.us.dal.net 372 apresas :-      //  [ guppy  ] [ oldcrow  ] [ rasengan ]       //
>> :halcyon.il.us.dal.net 372 apresas :-      //  [ s2pid  ] [ lilmiss  ] [ kiraela  ]       //
>> :halcyon.il.us.dal.net 372 apresas :-      //  [ DTC    ] [ io       ]                    //
>> :halcyon.il.us.dal.net 372 apresas :-      //                                             //
>> :halcyon.il.us.dal.net 372 apresas :-      /////////////////////////////////////////////////
>> :halcyon.il.us.dal.net 372 apresas :- 
>> :halcyon.il.us.dal.net 372 apresas :- 
>> :halcyon.il.us.dal.net 372 apresas :- For IRCop assistance, please /join #operhelp or message one of our
>> :halcyon.il.us.dal.net 372 apresas :- friendly server staff listed above.
>> :halcyon.il.us.dal.net 372 apresas :- 
>> :halcyon.il.us.dal.net 372 apresas :- For multilingual information:  <http://docs.dal.net/>
>> :halcyon.il.us.dal.net 372 apresas :- 
>> :halcyon.il.us.dal.net 372 apresas :- Thank you for using DALnet!  We hope you have a pleasant day.
>> :halcyon.il.us.dal.net 376 apresas :End of /MOTD command.
>> :apresas MODE apresas :+iH
>> :NickServ!service@dal.net NOTICE apresas :Bienvenido(a) a DALnet! Sabías que nuestros servicios apoyan su idioma? Escriba: /NickServ LANG ES para probarlo.
<< PING halcyon.il.us.dal.net
>> :halcyon.il.us.dal.net PONG halcyon.il.us.dal.net :apresas
--> lag pong
<< PING halcyon.il.us.dal.net
>> :halcyon.il.us.dal.net PONG halcyon.il.us.dal.net :apresas
--> lag pong
<< INFO apresas
>> :halcyon.il.us.dal.net 371 apresas :IRC --
>> :halcyon.il.us.dal.net 371 apresas :Based on the original code written by Jarkko Oikarinen
>> :halcyon.il.us.dal.net 371 apresas :Copyright 1988, 1989, 1990, 1991 University of Oulu, Computing Center
>> :halcyon.il.us.dal.net 371 apresas :
>> :halcyon.il.us.dal.net 371 apresas :This program is free software; you can redistribute it and/or
>> :halcyon.il.us.dal.net 371 apresas :modify it under the terms of the GNU General Public License as
>> :halcyon.il.us.dal.net 371 apresas :published by the Free Software Foundation; either version 1, or
>> :halcyon.il.us.dal.net 371 apresas :(at your option) any later version.
>> :halcyon.il.us.dal.net 371 apresas :
>> :halcyon.il.us.dal.net 371 apresas :Regular expression support is provided by the PCRE library package,
>> :halcyon.il.us.dal.net 371 apresas :which is open source software, written by Philip Hazel, and copyright
>> :halcyon.il.us.dal.net 371 apresas :by the University of Cambridge, England.
>> :halcyon.il.us.dal.net 371 apresas :
>> :halcyon.il.us.dal.net 371 apresas :If you encouter a serious security related bug, please mail coders@dal.net
>> :halcyon.il.us.dal.net 371 apresas :Send all other bug reports and inquiries to dalnet-src@dal.net
>> :halcyon.il.us.dal.net 371 apresas :
>> :halcyon.il.us.dal.net 371 apresas :The following people currently compose the bahamut team and
>> :halcyon.il.us.dal.net 371 apresas :actively maintain the bahamut codebase:
>> :halcyon.il.us.dal.net 371 apresas :Holbrook            Holbrook Bunting    holbrook@dal.net
>> :halcyon.il.us.dal.net 371 apresas :Kobi_S              Kobi Shmueli        kobi@dal.net
>> :halcyon.il.us.dal.net 371 apresas :Quension            Trevor Talbot       quension@dal.net
>> :halcyon.il.us.dal.net 371 apresas :RuneB               Ned T. Crigler      runeb@dal.net
>> :halcyon.il.us.dal.net 371 apresas :skill               Emilio A. Escobar   skill@dal.net
>> :halcyon.il.us.dal.net 371 apresas :xPsycho             Ryan Smith          xpsycho@dal.net
>> :halcyon.il.us.dal.net 371 apresas :
>> :halcyon.il.us.dal.net 371 apresas :The following people have contributed code or support
>> :halcyon.il.us.dal.net 371 apresas :to the bahamut team:
>> :halcyon.il.us.dal.net 371 apresas :aClient             Diane Bruce         db@koruna.varner.com
>> :halcyon.il.us.dal.net 371 apresas :Dakal               David Knepper       dakal@dal.net
>> :halcyon.il.us.dal.net 371 apresas :Dalvenjah           Sven Nielsen        dalvenjah@dal.net
>> :halcyon.il.us.dal.net 371 apresas :epiphani            Aaron Wiebe         epiphani@dal.net
>> :halcyon.il.us.dal.net 371 apresas :lucas               Lucas Madar         lucas@dal.net
>> :halcyon.il.us.dal.net 371 apresas :MSofty              Mark Salerno        msofty@dal.net
>> :halcyon.il.us.dal.net 371 apresas :Raistlin_Majere     Jason Slagle        raistlin@bahamut.net
>> :halcyon.il.us.dal.net 371 apresas :Rakarra             Ian Westcott        rakarra@dal.net
>> :halcyon.il.us.dal.net 371 apresas :sedition            David Parton        sedition@dal.net
>> :halcyon.il.us.dal.net 371 apresas :White_Dragon        Chip Norkus         wd@dal.net
>> :halcyon.il.us.dal.net 371 apresas :
>> :halcyon.il.us.dal.net 371 apresas :The following people have contributed ideas or testing to the
>> :halcyon.il.us.dal.net 371 apresas :bahamut project:
>> :halcyon.il.us.dal.net 371 apresas :driz                David Friedman      driz@dal.net
>> :halcyon.il.us.dal.net 371 apresas :drone               Mike Wilson         drone@dal.net
>> :halcyon.il.us.dal.net 371 apresas :habit               Melinda Thompson    habit@dal.net
>> :halcyon.il.us.dal.net 371 apresas :Kevin               Kevin Turner        kevin@dal.net
>> :halcyon.il.us.dal.net 371 apresas :
>> :halcyon.il.us.dal.net 371 apresas :
>> :halcyon.il.us.dal.net 371 apresas :Developers and Contributors for previous versions:
>> :halcyon.il.us.dal.net 371 apresas :Chris A. Bongaarts  Chris Behrens       Diane Bruce
>> :halcyon.il.us.dal.net 371 apresas :Johannes Erdfelt    Roger Espel Llima   Jon Lusky
>> :halcyon.il.us.dal.net 371 apresas :Michael Pearce      Brian Kraemer       Joan Touzet
>> :halcyon.il.us.dal.net 371 apresas :Chris Portman       Keith Fralick       Sam Noble
>> :halcyon.il.us.dal.net 371 apresas :Taner Halicioglu    Chris Behrens       Darren Reed
>> :halcyon.il.us.dal.net 371 apresas :Markku Savela       Greg Lindahl        Jarkko Oikarinen
>> :halcyon.il.us.dal.net 371 apresas :Armin Gruner        Matthew Green       Chuck Kane
>> :halcyon.il.us.dal.net 371 apresas :Matt Lyle           Vesa Ruokonen       Nicolas PIOCH
>> :halcyon.il.us.dal.net 371 apresas :Stellan Klebom      Dan Goodwin         Mike Bolotski
>> :halcyon.il.us.dal.net 371 apresas :Ian Frechette       Markku Jarvinen     Kimmo Suominen
>> :halcyon.il.us.dal.net 371 apresas :Jeff Trim           Vijay Subramaniam   Karl Kleinpaste
>> :halcyon.il.us.dal.net 371 apresas :Bill Wisner         Tom Davis           Hugo Calendar
>> :halcyon.il.us.dal.net 371 apresas :Tom Hopkins         Stephen van den Berg
>> :halcyon.il.us.dal.net 371 apresas :Bo Adler            Michael Sandrof     Jon Solomon
>> :halcyon.il.us.dal.net 371 apresas :Jan Peterson        Helen Rose          Paul Graham
>> :halcyon.il.us.dal.net 371 apresas :
>> :halcyon.il.us.dal.net 371 apresas :Thanks also goes to those persons not mentioned here who have added
>> :halcyon.il.us.dal.net 371 apresas :their advice, opinions, and code to IRC.
>> :halcyon.il.us.dal.net 371 apresas :Thanks also to those who provide the kind sys admins who let me and
>> :halcyon.il.us.dal.net 371 apresas :others continue to develop IRC.
>> :halcyon.il.us.dal.net 371 apresas :
>> :halcyon.il.us.dal.net 371 apresas :
>> :halcyon.il.us.dal.net 371 apresas :Birth Date: Fri Nov 22 2024 at 14:35:51 UTC, compile #1
>> :halcyon.il.us.dal.net 371 apresas :On-line since Fri Nov 22 14:36:20 2024
>> :halcyon.il.us.dal.net 374 apresas :End of /INFO list.
<< INFO        apresas
<< PING halcyon.il.us.dal.net
>> :halcyon.il.us.dal.net PONG halcyon.il.us.dal.net :apresas
--> lag pong
<< PING halcyon.il.us.dal.net
>> :halcyon.il.us.dal.net PONG halcyon.il.us.dal.net :apresas
--> lag pong
<< INFO  apresas
>> :halcyon.il.us.dal.net 371 apresas :IRC --
>> :halcyon.il.us.dal.net 371 apresas :Based on the original code written by Jarkko Oikarinen
>> :halcyon.il.us.dal.net 371 apresas :Copyright 1988, 1989, 1990, 1991 University of Oulu, Computing Center
>> :halcyon.il.us.dal.net 371 apresas :
>> :halcyon.il.us.dal.net 371 apresas :This program is free software; you can redistribute it and/or
>> :halcyon.il.us.dal.net 371 apresas :modify it under the terms of the GNU General Public License as
>> :halcyon.il.us.dal.net 371 apresas :published by the Free Software Foundation; either version 1, or
>> :halcyon.il.us.dal.net 371 apresas :(at your option) any later version.
>> :halcyon.il.us.dal.net 371 apresas :
>> :halcyon.il.us.dal.net 371 apresas :Regular expression support is provided by the PCRE library package,
>> :halcyon.il.us.dal.net 371 apresas :which is open source software, written by Philip Hazel, and copyright
>> :halcyon.il.us.dal.net 371 apresas :by the University of Cambridge, England.
>> :halcyon.il.us.dal.net 371 apresas :
>> :halcyon.il.us.dal.net 371 apresas :If you encouter a serious security related bug, please mail coders@dal.net
>> :halcyon.il.us.dal.net 371 apresas :Send all other bug reports and inquiries to dalnet-src@dal.net
>> :halcyon.il.us.dal.net 371 apresas :
>> :halcyon.il.us.dal.net 371 apresas :The following people currently compose the bahamut team and
>> :halcyon.il.us.dal.net 371 apresas :actively maintain the bahamut codebase:
>> :halcyon.il.us.dal.net 371 apresas :Holbrook            Holbrook Bunting    holbrook@dal.net
>> :halcyon.il.us.dal.net 371 apresas :Kobi_S              Kobi Shmueli        kobi@dal.net
>> :halcyon.il.us.dal.net 371 apresas :Quension            Trevor Talbot       quension@dal.net
>> :halcyon.il.us.dal.net 371 apresas :RuneB               Ned T. Crigler      runeb@dal.net
>> :halcyon.il.us.dal.net 371 apresas :skill               Emilio A. Escobar   skill@dal.net
>> :halcyon.il.us.dal.net 371 apresas :xPsycho             Ryan Smith          xpsycho@dal.net
>> :halcyon.il.us.dal.net 371 apresas :
>> :halcyon.il.us.dal.net 371 apresas :The following people have contributed code or support
>> :halcyon.il.us.dal.net 371 apresas :to the bahamut team:
>> :halcyon.il.us.dal.net 371 apresas :aClient             Diane Bruce         db@koruna.varner.com
>> :halcyon.il.us.dal.net 371 apresas :Dakal               David Knepper       dakal@dal.net
>> :halcyon.il.us.dal.net 371 apresas :Dalvenjah           Sven Nielsen        dalvenjah@dal.net
>> :halcyon.il.us.dal.net 371 apresas :epiphani            Aaron Wiebe         epiphani@dal.net
>> :halcyon.il.us.dal.net 371 apresas :lucas               Lucas Madar         lucas@dal.net
>> :halcyon.il.us.dal.net 371 apresas :MSofty              Mark Salerno        msofty@dal.net
>> :halcyon.il.us.dal.net 371 apresas :Raistlin_Majere     Jason Slagle        raistlin@bahamut.net
>> :halcyon.il.us.dal.net 371 apresas :Rakarra             Ian Westcott        rakarra@dal.net
>> :halcyon.il.us.dal.net 371 apresas :sedition            David Parton        sedition@dal.net
>> :halcyon.il.us.dal.net 371 apresas :White_Dragon        Chip Norkus         wd@dal.net
>> :halcyon.il.us.dal.net 371 apresas :
>> :halcyon.il.us.dal.net 371 apresas :The following people have contributed ideas or testing to the
>> :halcyon.il.us.dal.net 371 apresas :bahamut project:
>> :halcyon.il.us.dal.net 371 apresas :driz                David Friedman      driz@dal.net
>> :halcyon.il.us.dal.net 371 apresas :drone               Mike Wilson         drone@dal.net
>> :halcyon.il.us.dal.net 371 apresas :habit               Melinda Thompson    habit@dal.net
>> :halcyon.il.us.dal.net 371 apresas :Kevin               Kevin Turner        kevin@dal.net
>> :halcyon.il.us.dal.net 371 apresas :
>> :halcyon.il.us.dal.net 371 apresas :
>> :halcyon.il.us.dal.net 371 apresas :Developers and Contributors for previous versions:
>> :halcyon.il.us.dal.net 371 apresas :Chris A. Bongaarts  Chris Behrens       Diane Bruce
>> :halcyon.il.us.dal.net 371 apresas :Johannes Erdfelt    Roger Espel Llima   Jon Lusky
>> :halcyon.il.us.dal.net 371 apresas :Michael Pearce      Brian Kraemer       Joan Touzet
>> :halcyon.il.us.dal.net 371 apresas :Chris Portman       Keith Fralick       Sam Noble
>> :halcyon.il.us.dal.net 371 apresas :Taner Halicioglu    Chris Behrens       Darren Reed
>> :halcyon.il.us.dal.net 371 apresas :Markku Savela       Greg Lindahl        Jarkko Oikarinen
>> :halcyon.il.us.dal.net 371 apresas :Armin Gruner        Matthew Green       Chuck Kane
>> :halcyon.il.us.dal.net 371 apresas :Matt Lyle           Vesa Ruokonen       Nicolas PIOCH
>> :halcyon.il.us.dal.net 371 apresas :Stellan Klebom      Dan Goodwin         Mike Bolotski
>> :halcyon.il.us.dal.net 371 apresas :Ian Frechette       Markku Jarvinen     Kimmo Suominen
>> :halcyon.il.us.dal.net 371 apresas :Jeff Trim           Vijay Subramaniam   Karl Kleinpaste
>> :halcyon.il.us.dal.net 371 apresas :Bill Wisner         Tom Davis           Hugo Calendar
>> :halcyon.il.us.dal.net 371 apresas :Tom Hopkins         Stephen van den Berg
>> :halcyon.il.us.dal.net 371 apresas :Bo Adler            Michael Sandrof     Jon Solomon
>> :halcyon.il.us.dal.net 371 apresas :Jan Peterson        Helen Rose          Paul Graham
>> :halcyon.il.us.dal.net 371 apresas :
>> :halcyon.il.us.dal.net 371 apresas :Thanks also goes to those persons not mentioned here who have added
>> :halcyon.il.us.dal.net 371 apresas :their advice, opinions, and code to IRC.
>> :halcyon.il.us.dal.net 371 apresas :Thanks also to those who provide the kind sys admins who let me and
>> :halcyon.il.us.dal.net 371 apresas :others continue to develop IRC.
>> :halcyon.il.us.dal.net 371 apresas :
>> :halcyon.il.us.dal.net 371 apresas :
>> :halcyon.il.us.dal.net 371 apresas :Birth Date: Fri Nov 22 2024 at 14:35:51 UTC, compile #1
>> :halcyon.il.us.dal.net 371 apresas :On-line since Fri Nov 22 14:36:20 2024
>> :halcyon.il.us.dal.net 374 apresas :End of /INFO list.
<< PING halcyon.il.us.dal.net
>> :halcyon.il.us.dal.net PONG halcyon.il.us.dal.net :apresas
--> lag pong
<< INFO   apresas
>> :halcyon.il.us.dal.net 371 apresas :IRC --
>> :halcyon.il.us.dal.net 371 apresas :Based on the original code written by Jarkko Oikarinen
>> :halcyon.il.us.dal.net 371 apresas :Copyright 1988, 1989, 1990, 1991 University of Oulu, Computing Center
>> :halcyon.il.us.dal.net 371 apresas :
>> :halcyon.il.us.dal.net 371 apresas :This program is free software; you can redistribute it and/or
>> :halcyon.il.us.dal.net 371 apresas :modify it under the terms of the GNU General Public License as
>> :halcyon.il.us.dal.net 371 apresas :published by the Free Software Foundation; either version 1, or
>> :halcyon.il.us.dal.net 371 apresas :(at your option) any later version.
>> :halcyon.il.us.dal.net 371 apresas :
>> :halcyon.il.us.dal.net 371 apresas :Regular expression support is provided by the PCRE library package,
>> :halcyon.il.us.dal.net 371 apresas :which is open source software, written by Philip Hazel, and copyright
>> :halcyon.il.us.dal.net 371 apresas :by the University of Cambridge, England.
>> :halcyon.il.us.dal.net 371 apresas :
>> :halcyon.il.us.dal.net 371 apresas :If you encouter a serious security related bug, please mail coders@dal.net
>> :halcyon.il.us.dal.net 371 apresas :Send all other bug reports and inquiries to dalnet-src@dal.net
>> :halcyon.il.us.dal.net 371 apresas :
>> :halcyon.il.us.dal.net 371 apresas :The following people currently compose the bahamut team and
>> :halcyon.il.us.dal.net 371 apresas :actively maintain the bahamut codebase:
>> :halcyon.il.us.dal.net 371 apresas :Holbrook            Holbrook Bunting    holbrook@dal.net
>> :halcyon.il.us.dal.net 371 apresas :Kobi_S              Kobi Shmueli        kobi@dal.net
>> :halcyon.il.us.dal.net 371 apresas :Quension            Trevor Talbot       quension@dal.net
>> :halcyon.il.us.dal.net 371 apresas :RuneB               Ned T. Crigler      runeb@dal.net
>> :halcyon.il.us.dal.net 371 apresas :skill               Emilio A. Escobar   skill@dal.net
>> :halcyon.il.us.dal.net 371 apresas :xPsycho             Ryan Smith          xpsycho@dal.net
>> :halcyon.il.us.dal.net 371 apresas :
>> :halcyon.il.us.dal.net 371 apresas :The following people have contributed code or support
>> :halcyon.il.us.dal.net 371 apresas :to the bahamut team:
>> :halcyon.il.us.dal.net 371 apresas :aClient             Diane Bruce         db@koruna.varner.com
>> :halcyon.il.us.dal.net 371 apresas :Dakal               David Knepper       dakal@dal.net
>> :halcyon.il.us.dal.net 371 apresas :Dalvenjah           Sven Nielsen        dalvenjah@dal.net
>> :halcyon.il.us.dal.net 371 apresas :epiphani            Aaron Wiebe         epiphani@dal.net
>> :halcyon.il.us.dal.net 371 apresas :lucas               Lucas Madar         lucas@dal.net
>> :halcyon.il.us.dal.net 371 apresas :MSofty              Mark Salerno        msofty@dal.net
>> :halcyon.il.us.dal.net 371 apresas :Raistlin_Majere     Jason Slagle        raistlin@bahamut.net
>> :halcyon.il.us.dal.net 371 apresas :Rakarra             Ian Westcott        rakarra@dal.net
>> :halcyon.il.us.dal.net 371 apresas :sedition            David Parton        sedition@dal.net
>> :halcyon.il.us.dal.net 371 apresas :White_Dragon        Chip Norkus         wd@dal.net
>> :halcyon.il.us.dal.net 371 apresas :
>> :halcyon.il.us.dal.net 371 apresas :The following people have contributed ideas or testing to the
>> :halcyon.il.us.dal.net 371 apresas :bahamut project:
>> :halcyon.il.us.dal.net 371 apresas :driz                David Friedman      driz@dal.net
>> :halcyon.il.us.dal.net 371 apresas :drone               Mike Wilson         drone@dal.net
>> :halcyon.il.us.dal.net 371 apresas :habit               Melinda Thompson    habit@dal.net
>> :halcyon.il.us.dal.net 371 apresas :Kevin               Kevin Turner        kevin@dal.net
>> :halcyon.il.us.dal.net 371 apresas :
>> :halcyon.il.us.dal.net 371 apresas :
>> :halcyon.il.us.dal.net 371 apresas :Developers and Contributors for previous versions:
>> :halcyon.il.us.dal.net 371 apresas :Chris A. Bongaarts  Chris Behrens       Diane Bruce
>> :halcyon.il.us.dal.net 371 apresas :Johannes Erdfelt    Roger Espel Llima   Jon Lusky
>> :halcyon.il.us.dal.net 371 apresas :Michael Pearce      Brian Kraemer       Joan Touzet
>> :halcyon.il.us.dal.net 371 apresas :Chris Portman       Keith Fralick       Sam Noble
>> :halcyon.il.us.dal.net 371 apresas :Taner Halicioglu    Chris Behrens       Darren Reed
>> :halcyon.il.us.dal.net 371 apresas :Markku Savela       Greg Lindahl        Jarkko Oikarinen
>> :halcyon.il.us.dal.net 371 apresas :Armin Gruner        Matthew Green       Chuck Kane
>> :halcyon.il.us.dal.net 371 apresas :Matt Lyle           Vesa Ruokonen       Nicolas PIOCH
>> :halcyon.il.us.dal.net 371 apresas :Stellan Klebom      Dan Goodwin         Mike Bolotski
>> :halcyon.il.us.dal.net 371 apresas :Ian Frechette       Markku Jarvinen     Kimmo Suominen
>> :halcyon.il.us.dal.net 371 apresas :Jeff Trim           Vijay Subramaniam   Karl Kleinpaste
>> :halcyon.il.us.dal.net 371 apresas :Bill Wisner         Tom Davis           Hugo Calendar
>> :halcyon.il.us.dal.net 371 apresas :Tom Hopkins         Stephen van den Berg
>> :halcyon.il.us.dal.net 371 apresas :Bo Adler            Michael Sandrof     Jon Solomon
>> :halcyon.il.us.dal.net 371 apresas :Jan Peterson        Helen Rose          Paul Graham
>> :halcyon.il.us.dal.net 371 apresas :
>> :halcyon.il.us.dal.net 371 apresas :Thanks also goes to those persons not mentioned here who have added
>> :halcyon.il.us.dal.net 371 apresas :their advice, opinions, and code to IRC.
>> :halcyon.il.us.dal.net 371 apresas :Thanks also to those who provide the kind sys admins who let me and
>> :halcyon.il.us.dal.net 371 apresas :others continue to develop IRC.
>> :halcyon.il.us.dal.net 371 apresas :
>> :halcyon.il.us.dal.net 371 apresas :
>> :halcyon.il.us.dal.net 371 apresas :Birth Date: Fri Nov 22 2024 at 14:35:51 UTC, compile #1
>> :halcyon.il.us.dal.net 371 apresas :On-line since Fri Nov 22 14:36:20 2024
>> :halcyon.il.us.dal.net 374 apresas :End of /INFO list.
<< INFO     apresas
<< INFO    apresas
<< INFO    apresas
>> :halcyon.il.us.dal.net 371 apresas :IRC --
>> :halcyon.il.us.dal.net 371 apresas :Based on the original code written by Jarkko Oikarinen
>> :halcyon.il.us.dal.net 371 apresas :Copyright 1988, 1989, 1990, 1991 University of Oulu, Computing Center
>> :halcyon.il.us.dal.net 371 apresas :
>> :halcyon.il.us.dal.net 371 apresas :This program is free software; you can redistribute it and/or
>> :halcyon.il.us.dal.net 371 apresas :modify it under the terms of the GNU General Public License as
>> :halcyon.il.us.dal.net 371 apresas :published by the Free Software Foundation; either version 1, or
>> :halcyon.il.us.dal.net 371 apresas :(at your option) any later version.
>> :halcyon.il.us.dal.net 371 apresas :
>> :halcyon.il.us.dal.net 371 apresas :Regular expression support is provided by the PCRE library package,
>> :halcyon.il.us.dal.net 371 apresas :which is open source software, written by Philip Hazel, and copyright
>> :halcyon.il.us.dal.net 371 apresas :by the University of Cambridge, England.
>> :halcyon.il.us.dal.net 371 apresas :
>> :halcyon.il.us.dal.net 371 apresas :If you encouter a serious security related bug, please mail coders@dal.net
>> :halcyon.il.us.dal.net 371 apresas :Send all other bug reports and inquiries to dalnet-src@dal.net
>> :halcyon.il.us.dal.net 371 apresas :
>> :halcyon.il.us.dal.net 371 apresas :The following people currently compose the bahamut team and
>> :halcyon.il.us.dal.net 371 apresas :actively maintain the bahamut codebase:
>> :halcyon.il.us.dal.net 371 apresas :Holbrook            Holbrook Bunting    holbrook@dal.net
>> :halcyon.il.us.dal.net 371 apresas :Kobi_S              Kobi Shmueli        kobi@dal.net
>> :halcyon.il.us.dal.net 371 apresas :Quension            Trevor Talbot       quension@dal.net
>> :halcyon.il.us.dal.net 371 apresas :RuneB               Ned T. Crigler      runeb@dal.net
>> :halcyon.il.us.dal.net 371 apresas :skill               Emilio A. Escobar   skill@dal.net
>> :halcyon.il.us.dal.net 371 apresas :xPsycho             Ryan Smith          xpsycho@dal.net
>> :halcyon.il.us.dal.net 371 apresas :
>> :halcyon.il.us.dal.net 371 apresas :The following people have contributed code or support
>> :halcyon.il.us.dal.net 371 apresas :to the bahamut team:
>> :halcyon.il.us.dal.net 371 apresas :aClient             Diane Bruce         db@koruna.varner.com
>> :halcyon.il.us.dal.net 371 apresas :Dakal               David Knepper       dakal@dal.net
>> :halcyon.il.us.dal.net 371 apresas :Dalvenjah           Sven Nielsen        dalvenjah@dal.net
>> :halcyon.il.us.dal.net 371 apresas :epiphani            Aaron Wiebe         epiphani@dal.net
>> :halcyon.il.us.dal.net 371 apresas :lucas               Lucas Madar         lucas@dal.net
>> :halcyon.il.us.dal.net 371 apresas :MSofty              Mark Salerno        msofty@dal.net
>> :halcyon.il.us.dal.net 371 apresas :Raistlin_Majere     Jason Slagle        raistlin@bahamut.net
>> :halcyon.il.us.dal.net 371 apresas :Rakarra             Ian Westcott        rakarra@dal.net
>> :halcyon.il.us.dal.net 371 apresas :sedition            David Parton        sedition@dal.net
>> :halcyon.il.us.dal.net 371 apresas :White_Dragon        Chip Norkus         wd@dal.net
>> :halcyon.il.us.dal.net 371 apresas :
>> :halcyon.il.us.dal.net 371 apresas :The following people have contributed ideas or testing to the
>> :halcyon.il.us.dal.net 371 apresas :bahamut project:
>> :halcyon.il.us.dal.net 371 apresas :driz                David Friedman      driz@dal.net
>> :halcyon.il.us.dal.net 371 apresas :drone               Mike Wilson         drone@dal.net
>> :halcyon.il.us.dal.net 371 apresas :habit               Melinda Thompson    habit@dal.net
>> :halcyon.il.us.dal.net 371 apresas :Kevin               Kevin Turner        kevin@dal.net
>> :halcyon.il.us.dal.net 371 apresas :
>> :halcyon.il.us.dal.net 371 apresas :
>> :halcyon.il.us.dal.net 371 apresas :Developers and Contributors for previous versions:
>> :halcyon.il.us.dal.net 371 apresas :Chris A. Bongaarts  Chris Behrens       Diane Bruce
>> :halcyon.il.us.dal.net 371 apresas :Johannes Erdfelt    Roger Espel Llima   Jon Lusky
>> :halcyon.il.us.dal.net 371 apresas :Michael Pearce      Brian Kraemer       Joan Touzet
>> :halcyon.il.us.dal.net 371 apresas :Chris Portman       Keith Fralick       Sam Noble
>> :halcyon.il.us.dal.net 371 apresas :Taner Halicioglu    Chris Behrens       Darren Reed
>> :halcyon.il.us.dal.net 371 apresas :Markku Savela       Greg Lindahl        Jarkko Oikarinen
>> :halcyon.il.us.dal.net 371 apresas :Armin Gruner        Matthew Green       Chuck Kane
>> :halcyon.il.us.dal.net 371 apresas :Matt Lyle           Vesa Ruokonen       Nicolas PIOCH
>> :halcyon.il.us.dal.net 371 apresas :Stellan Klebom      Dan Goodwin         Mike Bolotski
>> :halcyon.il.us.dal.net 371 apresas :Ian Frechette       Markku Jarvinen     Kimmo Suominen
>> :halcyon.il.us.dal.net 371 apresas :Jeff Trim           Vijay Subramaniam   Karl Kleinpaste
>> :halcyon.il.us.dal.net 371 apresas :Bill Wisner         Tom Davis           Hugo Calendar
>> :halcyon.il.us.dal.net 371 apresas :Tom Hopkins         Stephen van den Berg
>> :halcyon.il.us.dal.net 371 apresas :Bo Adler            Michael Sandrof     Jon Solomon
>> :halcyon.il.us.dal.net 371 apresas :Jan Peterson        Helen Rose          Paul Graham
>> :halcyon.il.us.dal.net 371 apresas :
>> :halcyon.il.us.dal.net 371 apresas :Thanks also goes to those persons not mentioned here who have added
>> :halcyon.il.us.dal.net 371 apresas :their advice, opinions, and code to IRC.
>> :halcyon.il.us.dal.net 371 apresas :Thanks also to those who provide the kind sys admins who let me and
>> :halcyon.il.us.dal.net 371 apresas :others continue to develop IRC.
>> :halcyon.il.us.dal.net 371 apresas :
>> :halcyon.il.us.dal.net 371 apresas :
>> :halcyon.il.us.dal.net 371 apresas :Birth Date: Fri Nov 22 2024 at 14:35:51 UTC, compile #1
>> :halcyon.il.us.dal.net 371 apresas :On-line since Fri Nov 22 14:36:20 2024
>> :halcyon.il.us.dal.net 374 apresas :End of /INFO list.
<< PING halcyon.il.us.dal.net
>> :halcyon.il.us.dal.net PONG halcyon.il.us.dal.net :apresas
--> lag pong
<< INFO                             apresas
>> :halcyon.il.us.dal.net 371 apresas :IRC --
>> :halcyon.il.us.dal.net 371 apresas :Based on the original code written by Jarkko Oikarinen
>> :halcyon.il.us.dal.net 371 apresas :Copyright 1988, 1989, 1990, 1991 University of Oulu, Computing Center
>> :halcyon.il.us.dal.net 371 apresas :
>> :halcyon.il.us.dal.net 371 apresas :This program is free software; you can redistribute it and/or
>> :halcyon.il.us.dal.net 371 apresas :modify it under the terms of the GNU General Public License as
>> :halcyon.il.us.dal.net 371 apresas :published by the Free Software Foundation; either version 1, or
>> :halcyon.il.us.dal.net 371 apresas :(at your option) any later version.
>> :halcyon.il.us.dal.net 371 apresas :
>> :halcyon.il.us.dal.net 371 apresas :Regular expression support is provided by the PCRE library package,
>> :halcyon.il.us.dal.net 371 apresas :which is open source software, written by Philip Hazel, and copyright
>> :halcyon.il.us.dal.net 371 apresas :by the University of Cambridge, England.
>> :halcyon.il.us.dal.net 371 apresas :
>> :halcyon.il.us.dal.net 371 apresas :If you encouter a serious security related bug, please mail coders@dal.net
>> :halcyon.il.us.dal.net 371 apresas :Send all other bug reports and inquiries to dalnet-src@dal.net
>> :halcyon.il.us.dal.net 371 apresas :
>> :halcyon.il.us.dal.net 371 apresas :The following people currently compose the bahamut team and
>> :halcyon.il.us.dal.net 371 apresas :actively maintain the bahamut codebase:
>> :halcyon.il.us.dal.net 371 apresas :Holbrook            Holbrook Bunting    holbrook@dal.net
>> :halcyon.il.us.dal.net 371 apresas :Kobi_S              Kobi Shmueli        kobi@dal.net
>> :halcyon.il.us.dal.net 371 apresas :Quension            Trevor Talbot       quension@dal.net
>> :halcyon.il.us.dal.net 371 apresas :RuneB               Ned T. Crigler      runeb@dal.net
>> :halcyon.il.us.dal.net 371 apresas :skill               Emilio A. Escobar   skill@dal.net
>> :halcyon.il.us.dal.net 371 apresas :xPsycho             Ryan Smith          xpsycho@dal.net
>> :halcyon.il.us.dal.net 371 apresas :
>> :halcyon.il.us.dal.net 371 apresas :The following people have contributed code or support
>> :halcyon.il.us.dal.net 371 apresas :to the bahamut team:
>> :halcyon.il.us.dal.net 371 apresas :aClient             Diane Bruce         db@koruna.varner.com
>> :halcyon.il.us.dal.net 371 apresas :Dakal               David Knepper       dakal@dal.net
>> :halcyon.il.us.dal.net 371 apresas :Dalvenjah           Sven Nielsen        dalvenjah@dal.net
>> :halcyon.il.us.dal.net 371 apresas :epiphani            Aaron Wiebe         epiphani@dal.net
>> :halcyon.il.us.dal.net 371 apresas :lucas               Lucas Madar         lucas@dal.net
>> :halcyon.il.us.dal.net 371 apresas :MSofty              Mark Salerno        msofty@dal.net
>> :halcyon.il.us.dal.net 371 apresas :Raistlin_Majere     Jason Slagle        raistlin@bahamut.net
>> :halcyon.il.us.dal.net 371 apresas :Rakarra             Ian Westcott        rakarra@dal.net
>> :halcyon.il.us.dal.net 371 apresas :sedition            David Parton        sedition@dal.net
>> :halcyon.il.us.dal.net 371 apresas :White_Dragon        Chip Norkus         wd@dal.net
>> :halcyon.il.us.dal.net 371 apresas :
>> :halcyon.il.us.dal.net 371 apresas :The following people have contributed ideas or testing to the
>> :halcyon.il.us.dal.net 371 apresas :bahamut project:
>> :halcyon.il.us.dal.net 371 apresas :driz                David Friedman      driz@dal.net
>> :halcyon.il.us.dal.net 371 apresas :drone               Mike Wilson         drone@dal.net
>> :halcyon.il.us.dal.net 371 apresas :habit               Melinda Thompson    habit@dal.net
>> :halcyon.il.us.dal.net 371 apresas :Kevin               Kevin Turner        kevin@dal.net
>> :halcyon.il.us.dal.net 371 apresas :
>> :halcyon.il.us.dal.net 371 apresas :
>> :halcyon.il.us.dal.net 371 apresas :Developers and Contributors for previous versions:
>> :halcyon.il.us.dal.net 371 apresas :Chris A. Bongaarts  Chris Behrens       Diane Bruce
>> :halcyon.il.us.dal.net 371 apresas :Johannes Erdfelt    Roger Espel Llima   Jon Lusky
>> :halcyon.il.us.dal.net 371 apresas :Michael Pearce      Brian Kraemer       Joan Touzet
>> :halcyon.il.us.dal.net 371 apresas :Chris Portman       Keith Fralick       Sam Noble
>> :halcyon.il.us.dal.net 371 apresas :Taner Halicioglu    Chris Behrens       Darren Reed
>> :halcyon.il.us.dal.net 371 apresas :Markku Savela       Greg Lindahl        Jarkko Oikarinen
>> :halcyon.il.us.dal.net 371 apresas :Armin Gruner        Matthew Green       Chuck Kane
>> :halcyon.il.us.dal.net 371 apresas :Matt Lyle           Vesa Ruokonen       Nicolas PIOCH
>> :halcyon.il.us.dal.net 371 apresas :Stellan Klebom      Dan Goodwin         Mike Bolotski
>> :halcyon.il.us.dal.net 371 apresas :Ian Frechette       Markku Jarvinen     Kimmo Suominen
>> :halcyon.il.us.dal.net 371 apresas :Jeff Trim           Vijay Subramaniam   Karl Kleinpaste
>> :halcyon.il.us.dal.net 371 apresas :Bill Wisner         Tom Davis           Hugo Calendar
>> :halcyon.il.us.dal.net 371 apresas :Tom Hopkins         Stephen van den Berg
>> :halcyon.il.us.dal.net 371 apresas :Bo Adler            Michael Sandrof     Jon Solomon
>> :halcyon.il.us.dal.net 371 apresas :Jan Peterson        Helen Rose          Paul Graham
>> :halcyon.il.us.dal.net 371 apresas :
>> :halcyon.il.us.dal.net 371 apresas :Thanks also goes to those persons not mentioned here who have added
>> :halcyon.il.us.dal.net 371 apresas :their advice, opinions, and code to IRC.
>> :halcyon.il.us.dal.net 371 apresas :Thanks also to those who provide the kind sys admins who let me and
>> :halcyon.il.us.dal.net 371 apresas :others continue to develop IRC.
>> :halcyon.il.us.dal.net 371 apresas :
>> :halcyon.il.us.dal.net 371 apresas :
>> :halcyon.il.us.dal.net 371 apresas :Birth Date: Fri Nov 22 2024 at 14:35:51 UTC, compile #1
>> :halcyon.il.us.dal.net 371 apresas :On-line since Fri Nov 22 14:36:20 2024
>> :halcyon.il.us.dal.net 374 apresas :End of /INFO list.
<< PING halcyon.il.us.dal.net
>> :halcyon.il.us.dal.net PONG halcyon.il.us.dal.net :apresas
--> lag pong
<< PING halcyon.il.us.dal.net
>> :halcyon.il.us.dal.net PONG halcyon.il.us.dal.net :apresas
--> lag pong
<< PING halcyon.il.us.dal.net
>> :halcyon.il.us.dal.net PONG halcyon.il.us.dal.net :apresas
--> lag pong
<< PING halcyon.il.us.dal.net
>> :halcyon.il.us.dal.net PONG halcyon.il.us.dal.net :apresas
--> lag pong
<< PING halcyon.il.us.dal.net
>> :halcyon.il.us.dal.net PONG halcyon.il.us.dal.net :apresas
--> lag pong
<< PING halcyon.il.us.dal.net
>> :halcyon.il.us.dal.net PONG halcyon.il.us.dal.net :apresas
--> lag pong
<< PING halcyon.il.us.dal.net
>> :halcyon.il.us.dal.net PONG halcyon.il.us.dal.net :apresas
--> lag pong
<< PING halcyon.il.us.dal.net
>> :halcyon.il.us.dal.net PONG halcyon.il.us.dal.net :apresas
--> lag pong
<< PING halcyon.il.us.dal.net
>> :halcyon.il.us.dal.net PONG halcyon.il.us.dal.net :apresas
--> lag pong
<< PING halcyon.il.us.dal.net
>> :halcyon.il.us.dal.net PONG halcyon.il.us.dal.net :apresas
--> lag pong
<< PING halcyon.il.us.dal.net
>> :halcyon.il.us.dal.net PONG halcyon.il.us.dal.net :apresas
--> lag pong
<< PING halcyon.il.us.dal.net
>> :halcyon.il.us.dal.net PONG halcyon.il.us.dal.net :apresas
--> lag pong
<< PING halcyon.il.us.dal.net
>> :halcyon.il.us.dal.net PONG halcyon.il.us.dal.net :apresas
--> lag pong
<< PING halcyon.il.us.dal.net
>> :halcyon.il.us.dal.net PONG halcyon.il.us.dal.net :apresas
--> lag pong
<< PING halcyon.il.us.dal.net
>> :halcyon.il.us.dal.net PONG halcyon.il.us.dal.net :apresas
--> lag pong
<< PING halcyon.il.us.dal.net
>> :halcyon.il.us.dal.net PONG halcyon.il.us.dal.net :apresas
--> lag pong
<< PING halcyon.il.us.dal.net
>> :halcyon.il.us.dal.net PONG halcyon.il.us.dal.net :apresas
--> lag pong
<< PING halcyon.il.us.dal.net
>> :halcyon.il.us.dal.net PONG halcyon.il.us.dal.net :apresas
--> lag pong
<< PING halcyon.il.us.dal.net
>> :halcyon.il.us.dal.net PONG halcyon.il.us.dal.net :apresas
--> lag pong
<<      INFO
>> :halcyon.il.us.dal.net 371 apresas :IRC --
>> :halcyon.il.us.dal.net 371 apresas :Based on the original code written by Jarkko Oikarinen
>> :halcyon.il.us.dal.net 371 apresas :Copyright 1988, 1989, 1990, 1991 University of Oulu, Computing Center
>> :halcyon.il.us.dal.net 371 apresas :
>> :halcyon.il.us.dal.net 371 apresas :This program is free software; you can redistribute it and/or
>> :halcyon.il.us.dal.net 371 apresas :modify it under the terms of the GNU General Public License as
>> :halcyon.il.us.dal.net 371 apresas :published by the Free Software Foundation; either version 1, or
>> :halcyon.il.us.dal.net 371 apresas :(at your option) any later version.
>> :halcyon.il.us.dal.net 371 apresas :
>> :halcyon.il.us.dal.net 371 apresas :Regular expression support is provided by the PCRE library package,
>> :halcyon.il.us.dal.net 371 apresas :which is open source software, written by Philip Hazel, and copyright
>> :halcyon.il.us.dal.net 371 apresas :by the University of Cambridge, England.
>> :halcyon.il.us.dal.net 371 apresas :
>> :halcyon.il.us.dal.net 371 apresas :If you encouter a serious security related bug, please mail coders@dal.net
>> :halcyon.il.us.dal.net 371 apresas :Send all other bug reports and inquiries to dalnet-src@dal.net
>> :halcyon.il.us.dal.net 371 apresas :
>> :halcyon.il.us.dal.net 371 apresas :The following people currently compose the bahamut team and
>> :halcyon.il.us.dal.net 371 apresas :actively maintain the bahamut codebase:
>> :halcyon.il.us.dal.net 371 apresas :Holbrook            Holbrook Bunting    holbrook@dal.net
>> :halcyon.il.us.dal.net 371 apresas :Kobi_S              Kobi Shmueli        kobi@dal.net
>> :halcyon.il.us.dal.net 371 apresas :Quension            Trevor Talbot       quension@dal.net
>> :halcyon.il.us.dal.net 371 apresas :RuneB               Ned T. Crigler      runeb@dal.net
>> :halcyon.il.us.dal.net 371 apresas :skill               Emilio A. Escobar   skill@dal.net
>> :halcyon.il.us.dal.net 371 apresas :xPsycho             Ryan Smith          xpsycho@dal.net
>> :halcyon.il.us.dal.net 371 apresas :
>> :halcyon.il.us.dal.net 371 apresas :The following people have contributed code or support
>> :halcyon.il.us.dal.net 371 apresas :to the bahamut team:
>> :halcyon.il.us.dal.net 371 apresas :aClient             Diane Bruce         db@koruna.varner.com
>> :halcyon.il.us.dal.net 371 apresas :Dakal               David Knepper       dakal@dal.net
>> :halcyon.il.us.dal.net 371 apresas :Dalvenjah           Sven Nielsen        dalvenjah@dal.net
>> :halcyon.il.us.dal.net 371 apresas :epiphani            Aaron Wiebe         epiphani@dal.net
>> :halcyon.il.us.dal.net 371 apresas :lucas               Lucas Madar         lucas@dal.net
>> :halcyon.il.us.dal.net 371 apresas :MSofty              Mark Salerno        msofty@dal.net
>> :halcyon.il.us.dal.net 371 apresas :Raistlin_Majere     Jason Slagle        raistlin@bahamut.net
>> :halcyon.il.us.dal.net 371 apresas :Rakarra             Ian Westcott        rakarra@dal.net
>> :halcyon.il.us.dal.net 371 apresas :sedition            David Parton        sedition@dal.net
>> :halcyon.il.us.dal.net 371 apresas :White_Dragon        Chip Norkus         wd@dal.net
>> :halcyon.il.us.dal.net 371 apresas :
>> :halcyon.il.us.dal.net 371 apresas :The following people have contributed ideas or testing to the
>> :halcyon.il.us.dal.net 371 apresas :bahamut project:
>> :halcyon.il.us.dal.net 371 apresas :driz                David Friedman      driz@dal.net
>> :halcyon.il.us.dal.net 371 apresas :drone               Mike Wilson         drone@dal.net
>> :halcyon.il.us.dal.net 371 apresas :habit               Melinda Thompson    habit@dal.net
>> :halcyon.il.us.dal.net 371 apresas :Kevin               Kevin Turner        kevin@dal.net
>> :halcyon.il.us.dal.net 371 apresas :
>> :halcyon.il.us.dal.net 371 apresas :
>> :halcyon.il.us.dal.net 371 apresas :Developers and Contributors for previous versions:
>> :halcyon.il.us.dal.net 371 apresas :Chris A. Bongaarts  Chris Behrens       Diane Bruce
>> :halcyon.il.us.dal.net 371 apresas :Johannes Erdfelt    Roger Espel Llima   Jon Lusky
>> :halcyon.il.us.dal.net 371 apresas :Michael Pearce      Brian Kraemer       Joan Touzet
>> :halcyon.il.us.dal.net 371 apresas :Chris Portman       Keith Fralick       Sam Noble
>> :halcyon.il.us.dal.net 371 apresas :Taner Halicioglu    Chris Behrens       Darren Reed
>> :halcyon.il.us.dal.net 371 apresas :Markku Savela       Greg Lindahl        Jarkko Oikarinen
>> :halcyon.il.us.dal.net 371 apresas :Armin Gruner        Matthew Green       Chuck Kane
>> :halcyon.il.us.dal.net 371 apresas :Matt Lyle           Vesa Ruokonen       Nicolas PIOCH
>> :halcyon.il.us.dal.net 371 apresas :Stellan Klebom      Dan Goodwin         Mike Bolotski
>> :halcyon.il.us.dal.net 371 apresas :Ian Frechette       Markku Jarvinen     Kimmo Suominen
>> :halcyon.il.us.dal.net 371 apresas :Jeff Trim           Vijay Subramaniam   Karl Kleinpaste
>> :halcyon.il.us.dal.net 371 apresas :Bill Wisner         Tom Davis           Hugo Calendar
>> :halcyon.il.us.dal.net 371 apresas :Tom Hopkins         Stephen van den Berg
>> :halcyon.il.us.dal.net 371 apresas :Bo Adler            Michael Sandrof     Jon Solomon
>> :halcyon.il.us.dal.net 371 apresas :Jan Peterson        Helen Rose          Paul Graham
>> :halcyon.il.us.dal.net 371 apresas :
>> :halcyon.il.us.dal.net 371 apresas :Thanks also goes to those persons not mentioned here who have added
>> :halcyon.il.us.dal.net 371 apresas :their advice, opinions, and code to IRC.
>> :halcyon.il.us.dal.net 371 apresas :Thanks also to those who provide the kind sys admins who let me and
>> :halcyon.il.us.dal.net 371 apresas :others continue to develop IRC.
>> :halcyon.il.us.dal.net 371 apresas :
>> :halcyon.il.us.dal.net 371 apresas :
>> :halcyon.il.us.dal.net 371 apresas :Birth Date: Fri Nov 22 2024 at 14:35:51 UTC, compile #1
>> :halcyon.il.us.dal.net 371 apresas :On-line since Fri Nov 22 14:36:20 2024
>> :halcyon.il.us.dal.net 374 apresas :End of /INFO list.
<< PING halcyon.il.us.dal.net
>> :halcyon.il.us.dal.net PONG halcyon.il.us.dal.net :apresas
--> lag pong
<< INFO,apresas 
>> :halcyon.il.us.dal.net 421 apresas INFO,apresas :Unknown command
<< PING halcyon.il.us.dal.net
>> :halcyon.il.us.dal.net PONG halcyon.il.us.dal.net :apresas
--> lag pong
<< PING halcyon.il.us.dal.net
>> :halcyon.il.us.dal.net PONG halcyon.il.us.dal.net :apresas
--> lag pong
<< PING halcyon.il.us.dal.net
>> :halcyon.il.us.dal.net PONG halcyon.il.us.dal.net :apresas
--> lag pong
<< PING halcyon.il.us.dal.net
>> :halcyon.il.us.dal.net PONG halcyon.il.us.dal.net :apresas
--> lag pong
<< PING halcyon.il.us.dal.net
>> :halcyon.il.us.dal.net PONG halcyon.il.us.dal.net :apresas
--> lag pong
<< PING halcyon.il.us.dal.net
>> :halcyon.il.us.dal.net PONG halcyon.il.us.dal.net :apresas
--> lag pong
<< PING halcyon.il.us.dal.net
>> :halcyon.il.us.dal.net PONG halcyon.il.us.dal.net :apresas
--> lag pong
<< PING halcyon.il.us.dal.net
>> :halcyon.il.us.dal.net PONG halcyon.il.us.dal.net :apresas
--> lag pong
<< PING halcyon.il.us.dal.net
>> :halcyon.il.us.dal.net PONG halcyon.il.us.dal.net :apresas
--> lag pong
<< PING halcyon.il.us.dal.net
>> :halcyon.il.us.dal.net PONG halcyon.il.us.dal.net :apresas
--> lag pong
<< PING halcyon.il.us.dal.net
>> :halcyon.il.us.dal.net PONG halcyon.il.us.dal.net :apresas
--> lag pong
<< PING halcyon.il.us.dal.net
>> :halcyon.il.us.dal.net PONG halcyon.il.us.dal.net :apresas
--> lag pong
<< PING halcyon.il.us.dal.net
>> :halcyon.il.us.dal.net PONG halcyon.il.us.dal.net :apresas
--> lag pong
<< PING halcyon.il.us.dal.net
>> :halcyon.il.us.dal.net PONG halcyon.il.us.dal.net :apresas
--> lag pong
<< PING halcyon.il.us.dal.net
>> :halcyon.il.us.dal.net PONG halcyon.il.us.dal.net :apresas
--> lag pong
<< PING halcyon.il.us.dal.net
>> :halcyon.il.us.dal.net PONG halcyon.il.us.dal.net :apresas
--> lag pong
<< PING halcyon.il.us.dal.net
>> :halcyon.il.us.dal.net PONG halcyon.il.us.dal.net :apresas
--> lag pong
<< PING halcyon.il.us.dal.net
>> :halcyon.il.us.dal.net PONG halcyon.il.us.dal.net :apresas
--> lag pong
<< PING halcyon.il.us.dal.net
>> :halcyon.il.us.dal.net PONG halcyon.il.us.dal.net :apresas
--> lag pong
<< PING halcyon.il.us.dal.net
>> :halcyon.il.us.dal.net PONG halcyon.il.us.dal.net :apresas
--> lag pong
<< PING halcyon.il.us.dal.net
>> :halcyon.il.us.dal.net PONG halcyon.il.us.dal.net :apresas
--> lag pong
<< PING halcyon.il.us.dal.net
>> :halcyon.il.us.dal.net PONG halcyon.il.us.dal.net :apresas
--> lag pong
<< PING halcyon.il.us.dal.net
>> :halcyon.il.us.dal.net PONG halcyon.il.us.dal.net :apresas
--> lag pong
<< PING halcyon.il.us.dal.net
>> :halcyon.il.us.dal.net PONG halcyon.il.us.dal.net :apresas
--> lag pong
<< PING halcyon.il.us.dal.net
>> :halcyon.il.us.dal.net PONG halcyon.il.us.dal.net :apresas
--> lag pong
<< PING halcyon.il.us.dal.net
>> :halcyon.il.us.dal.net PONG halcyon.il.us.dal.net :apresas
--> lag pong
<< :apresas
<< PING halcyon.il.us.dal.net
>> :halcyon.il.us.dal.net PONG halcyon.il.us.dal.net :apresas
--> lag pong
<< PING halcyon.il.us.dal.net
>> :halcyon.il.us.dal.net PONG halcyon.il.us.dal.net :apresas
--> lag pong
<< PING halcyon.il.us.dal.net
>> :halcyon.il.us.dal.net PONG halcyon.il.us.dal.net :apresas
--> lag pong
<< PING halcyon.il.us.dal.net
>> :halcyon.il.us.dal.net PONG halcyon.il.us.dal.net :apresas
--> lag pong
<< PING halcyon.il.us.dal.net
>> :halcyon.il.us.dal.net PONG halcyon.il.us.dal.net :apresas
--> lag pong
<< PING halcyon.il.us.dal.net
>> :halcyon.il.us.dal.net PONG halcyon.il.us.dal.net :apresas
--> lag pong
<< PING halcyon.il.us.dal.net
>> :halcyon.il.us.dal.net PONG halcyon.il.us.dal.net :apresas
--> lag pong
<< PING halcyon.il.us.dal.net
>> :halcyon.il.us.dal.net PONG halcyon.il.us.dal.net :apresas
--> lag pong
<< PING halcyon.il.us.dal.net
>> :halcyon.il.us.dal.net PONG halcyon.il.us.dal.net :apresas
--> lag pong
<< PING halcyon.il.us.dal.net
>> :halcyon.il.us.dal.net PONG halcyon.il.us.dal.net :apresas
--> lag pong
<< PING halcyon.il.us.dal.net
>> :halcyon.il.us.dal.net PONG halcyon.il.us.dal.net :apresas
--> lag pong
<< PING halcyon.il.us.dal.net
>> :halcyon.il.us.dal.net PONG halcyon.il.us.dal.net :apresas
--> lag pong
<< PING halcyon.il.us.dal.net
>> :halcyon.il.us.dal.net PONG halcyon.il.us.dal.net :apresas
--> lag pong
<< PING halcyon.il.us.dal.net
>> :halcyon.il.us.dal.net PONG halcyon.il.us.dal.net :apresas
--> lag pong
<< PING halcyon.il.us.dal.net
>> :halcyon.il.us.dal.net PONG halcyon.il.us.dal.net :apresas
--> lag pong
<< PING halcyon.il.us.dal.net
>> :halcyon.il.us.dal.net PONG halcyon.il.us.dal.net :apresas
--> lag pong
<< PING halcyon.il.us.dal.net
>> :halcyon.il.us.dal.net PONG halcyon.il.us.dal.net :apresas
--> lag pong
<< PING halcyon.il.us.dal.net
>> :halcyon.il.us.dal.net PONG halcyon.il.us.dal.net :apresas
--> lag pong
<< PING halcyon.il.us.dal.net
>> :halcyon.il.us.dal.net PONG halcyon.il.us.dal.net :apresas
--> lag pong
<< PING halcyon.il.us.dal.net
>> :halcyon.il.us.dal.net PONG halcyon.il.us.dal.net :apresas
--> lag pong
<< PING halcyon.il.us.dal.net
>> :halcyon.il.us.dal.net PONG halcyon.il.us.dal.net :apresas
--> lag pong
<< PING halcyon.il.us.dal.net
>> :halcyon.il.us.dal.net PONG halcyon.il.us.dal.net :apresas
--> lag pong
<< PING halcyon.il.us.dal.net
>> :halcyon.il.us.dal.net PONG halcyon.il.us.dal.net :apresas
--> lag pong
<< PING halcyon.il.us.dal.net
>> :halcyon.il.us.dal.net PONG halcyon.il.us.dal.net :apresas
--> lag pong
<< PING halcyon.il.us.dal.net
>> :halcyon.il.us.dal.net PONG halcyon.il.us.dal.net :apresas
--> lag pong
<< PING halcyon.il.us.dal.net
>> :halcyon.il.us.dal.net PONG halcyon.il.us.dal.net :apresas
--> lag pong
<< PING halcyon.il.us.dal.net
>> :halcyon.il.us.dal.net PONG halcyon.il.us.dal.net :apresas
--> lag pong
<< PING halcyon.il.us.dal.net
>> :halcyon.il.us.dal.net PONG halcyon.il.us.dal.net :apresas
--> lag pong
<< PING halcyon.il.us.dal.net
>> :halcyon.il.us.dal.net PONG halcyon.il.us.dal.net :apresas
--> lag pong
<< PING halcyon.il.us.dal.net
>> :halcyon.il.us.dal.net PONG halcyon.il.us.dal.net :apresas
--> lag pong
<< PING halcyon.il.us.dal.net
>> :halcyon.il.us.dal.net PONG halcyon.il.us.dal.net :apresas
--> lag pong
<< PING halcyon.il.us.dal.net
>> :halcyon.il.us.dal.net PONG halcyon.il.us.dal.net :apresas
--> lag pong
<< PING halcyon.il.us.dal.net
>> :halcyon.il.us.dal.net PONG halcyon.il.us.dal.net :apresas
--> lag pong
<< PING halcyon.il.us.dal.net
>> :halcyon.il.us.dal.net PONG halcyon.il.us.dal.net :apresas
--> lag pong
<< PING halcyon.il.us.dal.net
>> :halcyon.il.us.dal.net PONG halcyon.il.us.dal.net :apresas
--> lag pong
<< PING halcyon.il.us.dal.net
>> :halcyon.il.us.dal.net PONG halcyon.il.us.dal.net :apresas
--> lag pong
<< PING halcyon.il.us.dal.net
>> :halcyon.il.us.dal.net PONG halcyon.il.us.dal.net :apresas
--> lag pong
<< PING halcyon.il.us.dal.net
>> :halcyon.il.us.dal.net PONG halcyon.il.us.dal.net :apresas
--> lag pong
<< PING halcyon.il.us.dal.net
>> :halcyon.il.us.dal.net PONG halcyon.il.us.dal.net :apresas
--> lag pong
<< PING halcyon.il.us.dal.net
>> :halcyon.il.us.dal.net PONG halcyon.il.us.dal.net :apresas
--> lag pong
<< PING halcyon.il.us.dal.net
>> :halcyon.il.us.dal.net PONG halcyon.il.us.dal.net :apresas
--> lag pong
<< PING halcyon.il.us.dal.net
>> :halcyon.il.us.dal.net PONG halcyon.il.us.dal.net :apresas
--> lag pong
<< PING halcyon.il.us.dal.net
>> :halcyon.il.us.dal.net PONG halcyon.il.us.dal.net :apresas
--> lag pong
<< PING halcyon.il.us.dal.net
>> :halcyon.il.us.dal.net PONG halcyon.il.us.dal.net :apresas
--> lag pong
<< PING halcyon.il.us.dal.net
>> :halcyon.il.us.dal.net PONG halcyon.il.us.dal.net :apresas
--> lag pong
<< PING halcyon.il.us.dal.net
>> :halcyon.il.us.dal.net PONG halcyon.il.us.dal.net :apresas
--> lag pong
<< PING halcyon.il.us.dal.net
>> :halcyon.il.us.dal.net PONG halcyon.il.us.dal.net :apresas
--> lag pong
<< PING halcyon.il.us.dal.net
>> :halcyon.il.us.dal.net PONG halcyon.il.us.dal.net :apresas
--> lag pong
<< PING halcyon.il.us.dal.net
>> :halcyon.il.us.dal.net PONG halcyon.il.us.dal.net :apresas
--> lag pong
<< PING halcyon.il.us.dal.net
>> :halcyon.il.us.dal.net PONG halcyon.il.us.dal.net :apresas
--> lag pong
<< PING halcyon.il.us.dal.net
>> :halcyon.il.us.dal.net PONG halcyon.il.us.dal.net :apresas
--> lag pong
<< PING halcyon.il.us.dal.net
>> :halcyon.il.us.dal.net PONG halcyon.il.us.dal.net :apresas
--> lag pong
<< PING halcyon.il.us.dal.net
>> :halcyon.il.us.dal.net PONG halcyon.il.us.dal.net :apresas
--> lag pong
<< PING halcyon.il.us.dal.net
>> :halcyon.il.us.dal.net PONG halcyon.il.us.dal.net :apresas
--> lag pong
<< PING halcyon.il.us.dal.net
>> :halcyon.il.us.dal.net PONG halcyon.il.us.dal.net :apresas
--> lag pong
<< PING halcyon.il.us.dal.net
>> :halcyon.il.us.dal.net PONG halcyon.il.us.dal.net :apresas
--> lag pong
<< PING halcyon.il.us.dal.net
>> :halcyon.il.us.dal.net PONG halcyon.il.us.dal.net :apresas
--> lag pong
<< PING halcyon.il.us.dal.net
>> :halcyon.il.us.dal.net PONG halcyon.il.us.dal.net :apresas
--> lag pong
<< PING halcyon.il.us.dal.net
>> :halcyon.il.us.dal.net PONG halcyon.il.us.dal.net :apresas
--> lag pong
<< PING halcyon.il.us.dal.net
>> :halcyon.il.us.dal.net PONG halcyon.il.us.dal.net :apresas
--> lag pong
<< PING halcyon.il.us.dal.net
>> :halcyon.il.us.dal.net PONG halcyon.il.us.dal.net :apresas
--> lag pong
<< PING halcyon.il.us.dal.net
>> :halcyon.il.us.dal.net PONG halcyon.il.us.dal.net :apresas
--> lag pong
<< PING halcyon.il.us.dal.net
>> :halcyon.il.us.dal.net PONG halcyon.il.us.dal.net :apresas
--> lag pong
<< PING halcyon.il.us.dal.net
>> :halcyon.il.us.dal.net PONG halcyon.il.us.dal.net :apresas
--> lag pong
<< PING halcyon.il.us.dal.net
>> :halcyon.il.us.dal.net PONG halcyon.il.us.dal.net :apresas
--> lag pong
<< PING halcyon.il.us.dal.net
>> :halcyon.il.us.dal.net PONG halcyon.il.us.dal.net :apresas
--> lag pong
<< PING halcyon.il.us.dal.net
>> :halcyon.il.us.dal.net PONG halcyon.il.us.dal.net :apresas
--> lag pong
<< PING halcyon.il.us.dal.net
>> :halcyon.il.us.dal.net PONG halcyon.il.us.dal.net :apresas
--> lag pong
<< PING halcyon.il.us.dal.net
>> :halcyon.il.us.dal.net PONG halcyon.il.us.dal.net :apresas
--> lag pong
<< PING halcyon.il.us.dal.net
>> :halcyon.il.us.dal.net PONG halcyon.il.us.dal.net :apresas
--> lag pong
<< PING halcyon.il.us.dal.net
>> :halcyon.il.us.dal.net PONG halcyon.il.us.dal.net :apresas
--> lag pong
<< PING halcyon.il.us.dal.net
>> :halcyon.il.us.dal.net PONG halcyon.il.us.dal.net :apresas
--> lag pong
<< PING halcyon.il.us.dal.net
>> :halcyon.il.us.dal.net PONG halcyon.il.us.dal.net :apresas
--> lag pong
<< PING halcyon.il.us.dal.net
>> :halcyon.il.us.dal.net PONG halcyon.il.us.dal.net :apresas
--> lag pong
<< PING halcyon.il.us.dal.net
>> :halcyon.il.us.dal.net PONG halcyon.il.us.dal.net :apresas
--> lag pong
<< PING halcyon.il.us.dal.net
>> :halcyon.il.us.dal.net PONG halcyon.il.us.dal.net :apresas
--> lag pong
<< PING halcyon.il.us.dal.net
>> :halcyon.il.us.dal.net PONG halcyon.il.us.dal.net :apresas
--> lag pong
<< PING halcyon.il.us.dal.net
>> :halcyon.il.us.dal.net PONG halcyon.il.us.dal.net :apresas
--> lag pong
<< PING halcyon.il.us.dal.net
>> :halcyon.il.us.dal.net PONG halcyon.il.us.dal.net :apresas
--> lag pong
<< PING halcyon.il.us.dal.net
>> :halcyon.il.us.dal.net PONG halcyon.il.us.dal.net :apresas
--> lag pong
<< PING halcyon.il.us.dal.net
>> :halcyon.il.us.dal.net PONG halcyon.il.us.dal.net :apresas
--> lag pong
<< PING halcyon.il.us.dal.net
>> :halcyon.il.us.dal.net PONG halcyon.il.us.dal.net :apresas
--> lag pong
<< PING halcyon.il.us.dal.net
>> :halcyon.il.us.dal.net PONG halcyon.il.us.dal.net :apresas
--> lag pong
<< PING halcyon.il.us.dal.net
>> :halcyon.il.us.dal.net PONG halcyon.il.us.dal.net :apresas
--> lag pong
<< PING halcyon.il.us.dal.net
>> :halcyon.il.us.dal.net PONG halcyon.il.us.dal.net :apresas
--> lag pong
<< PING halcyon.il.us.dal.net
>> :halcyon.il.us.dal.net PONG halcyon.il.us.dal.net :apresas
--> lag pong
<< PING halcyon.il.us.dal.net
>> :halcyon.il.us.dal.net PONG halcyon.il.us.dal.net :apresas
--> lag pong
<< PING halcyon.il.us.dal.net
>> :halcyon.il.us.dal.net PONG halcyon.il.us.dal.net :apresas
--> lag pong
<< PING halcyon.il.us.dal.net
>> :halcyon.il.us.dal.net PONG halcyon.il.us.dal.net :apresas
--> lag pong
<< PING halcyon.il.us.dal.net
>> :halcyon.il.us.dal.net PONG halcyon.il.us.dal.net :apresas
--> lag pong
<< JOIN #lobby test test test
>> :apresas!~apresas@2f5b-f842-3df0-0a9-ea5f.dynamic.jazztel.es JOIN :#lobby
>> :halcyon.il.us.dal.net 353 apresas = #lobby :@apresas 
>> :halcyon.il.us.dal.net 366 apresas #lobby :End of /NAMES list.
>> :ChanServ!service@dal.net MODE #lobby +nt 
>> :ChanServ!service@dal.net NOTICE apresas :#Lobby is operated by ChanServ
>> :ChanServ!service@dal.net MODE #lobby -o apresas
<< MODE #lobby
>> :halcyon.il.us.dal.net 324 apresas #lobby +tn 
--> chanquery mode
>> :halcyon.il.us.dal.net 329 apresas #lobby 1733488340
--> event 329
<< WHO #lobby
>> :halcyon.il.us.dal.net 352 apresas #lobby ~apresas 2f5b-f842-3df0-0a9-ea5f.dynamic.jazztel.es halcyon.il.us.dal.net apresas H :0 albert
--> silent event who
>> :halcyon.il.us.dal.net 315 apresas #lobby :End of /WHO list.
--> chanquery who end
<< MODE #lobby b
>> :halcyon.il.us.dal.net 368 apresas #lobby :End of Channel Ban List
--> chanquery ban end
<< PING halcyon.il.us.dal.net
>> :halcyon.il.us.dal.net PONG halcyon.il.us.dal.net :apresas
--> lag pong
<< PART #lobby
>> :apresas!~apresas@2f5b-f842-3df0-0a9-ea5f.dynamic.jazztel.es PART #lobby
<< PART #Lobby
>> :halcyon.il.us.dal.net 403 apresas #Lobby :No such channel
<< PART #lobby
>> :halcyon.il.us.dal.net 403 apresas #lobby :No such channel
<< PING halcyon.il.us.dal.net
>> :halcyon.il.us.dal.net PONG halcyon.il.us.dal.net :apresas
--> lag pong
<< NICK wawagate wawamisc
>> :apresas!~apresas@2f5b-f842-3df0-0a9-ea5f.dynamic.jazztel.es NICK :wawagate
<< PING halcyon.il.us.dal.net
>> :halcyon.il.us.dal.net PONG halcyon.il.us.dal.net :wawagate
--> lag pong
<< PING halcyon.il.us.dal.net
>> :halcyon.il.us.dal.net PONG halcyon.il.us.dal.net :wawagate
--> lag pong
<< PING halcyon.il.us.dal.net
>> :halcyon.il.us.dal.net PONG halcyon.il.us.dal.net :wawagate
--> lag pong
<< PING halcyon.il.us.dal.net
>> :halcyon.il.us.dal.net PONG halcyon.il.us.dal.net :wawagate
--> lag pong
<< PING halcyon.il.us.dal.net
>> :halcyon.il.us.dal.net PONG halcyon.il.us.dal.net :wawagate
--> lag pong
<< PING halcyon.il.us.dal.net
>> :halcyon.il.us.dal.net PONG halcyon.il.us.dal.net :wawagate
--> lag pong
<< PING halcyon.il.us.dal.net
>> :halcyon.il.us.dal.net PONG halcyon.il.us.dal.net :wawagate
--> lag pong
<< PING halcyon.il.us.dal.net
>> :halcyon.il.us.dal.net PONG halcyon.il.us.dal.net :wawagate
--> lag pong
<< PING halcyon.il.us.dal.net
>> :halcyon.il.us.dal.net PONG halcyon.il.us.dal.net :wawagate
--> lag pong
<< PING halcyon.il.us.dal.net
>> :halcyon.il.us.dal.net PONG halcyon.il.us.dal.net :wawagate
--> lag pong
<< PING halcyon.il.us.dal.net
>> :halcyon.il.us.dal.net PONG halcyon.il.us.dal.net :wawagate
--> lag pong
<< PING halcyon.il.us.dal.net
>> :halcyon.il.us.dal.net PONG halcyon.il.us.dal.net :wawagate
--> lag pong
<< PING halcyon.il.us.dal.net
>> :halcyon.il.us.dal.net PONG halcyon.il.us.dal.net :wawagate
--> lag pong
<< PING halcyon.il.us.dal.net
>> :halcyon.il.us.dal.net PONG halcyon.il.us.dal.net :wawagate
--> lag pong
<< PING halcyon.il.us.dal.net
>> :halcyon.il.us.dal.net PONG halcyon.il.us.dal.net :wawagate
--> lag pong
<< PING halcyon.il.us.dal.net
>> :halcyon.il.us.dal.net PONG halcyon.il.us.dal.net :wawagate
--> lag pong
<< PING halcyon.il.us.dal.net
>> :halcyon.il.us.dal.net PONG halcyon.il.us.dal.net :wawagate
--> lag pong
<< PING halcyon.il.us.dal.net
>> :halcyon.il.us.dal.net PONG halcyon.il.us.dal.net :wawagate
--> lag pong
<< PING halcyon.il.us.dal.net
>> :halcyon.il.us.dal.net PONG halcyon.il.us.dal.net :wawagate
--> lag pong
<< PING halcyon.il.us.dal.net
>> :halcyon.il.us.dal.net PONG halcyon.il.us.dal.net :wawagate
--> lag pong
<< PING halcyon.il.us.dal.net
>> :halcyon.il.us.dal.net PONG halcyon.il.us.dal.net :wawagate
--> lag pong
<< PING halcyon.il.us.dal.net
>> :halcyon.il.us.dal.net PONG halcyon.il.us.dal.net :wawagate
--> lag pong
<< PING halcyon.il.us.dal.net
>> :halcyon.il.us.dal.net PONG halcyon.il.us.dal.net :wawagate
--> lag pong
<< PING halcyon.il.us.dal.net
>> :halcyon.il.us.dal.net PONG halcyon.il.us.dal.net :wawagate
--> lag pong
<< PING halcyon.il.us.dal.net
>> :halcyon.il.us.dal.net PONG halcyon.il.us.dal.net :wawagate
--> lag pong
<< PING halcyon.il.us.dal.net
>> :halcyon.il.us.dal.net PONG halcyon.il.us.dal.net :wawagate
--> lag pong
<< PING halcyon.il.us.dal.net
>> :halcyon.il.us.dal.net PONG halcyon.il.us.dal.net :wawagate
--> lag pong
<< PING halcyon.il.us.dal.net
>> :halcyon.il.us.dal.net PONG halcyon.il.us.dal.net :wawagate
--> lag pong
<< PING halcyon.il.us.dal.net
>> :halcyon.il.us.dal.net PONG halcyon.il.us.dal.net :wawagate
--> lag pong
<< PING halcyon.il.us.dal.net
>> :halcyon.il.us.dal.net PONG halcyon.il.us.dal.net :wawagate
--> lag pong
<< PING halcyon.il.us.dal.net
>> :halcyon.il.us.dal.net PONG halcyon.il.us.dal.net :wawagate
--> lag pong
<< PING halcyon.il.us.dal.net
>> :halcyon.il.us.dal.net PONG halcyon.il.us.dal.net :wawagate
--> lag pong
<< PING halcyon.il.us.dal.net
>> :halcyon.il.us.dal.net PONG halcyon.il.us.dal.net :wawagate
--> lag pong
<< PING halcyon.il.us.dal.net
>> :halcyon.il.us.dal.net PONG halcyon.il.us.dal.net :wawagate
--> lag pong
<< PING halcyon.il.us.dal.net
>> :halcyon.il.us.dal.net PONG halcyon.il.us.dal.net :wawagate
--> lag pong
<< PING halcyon.il.us.dal.net
>> :halcyon.il.us.dal.net PONG halcyon.il.us.dal.net :wawagate
--> lag pong
<< PING halcyon.il.us.dal.net
>> :halcyon.il.us.dal.net PONG halcyon.il.us.dal.net :wawagate
--> lag pong
<< PING halcyon.il.us.dal.net
>> :halcyon.il.us.dal.net PONG halcyon.il.us.dal.net :wawagate
--> lag pong
<< PING halcyon.il.us.dal.net
>> :halcyon.il.us.dal.net PONG halcyon.il.us.dal.net :wawagate
--> lag pong
<< PING halcyon.il.us.dal.net
>> :halcyon.il.us.dal.net PONG halcyon.il.us.dal.net :wawagate
--> lag pong
<< PING halcyon.il.us.dal.net
>> :halcyon.il.us.dal.net PONG halcyon.il.us.dal.net :wawagate
--> lag pong
<< PING halcyon.il.us.dal.net
>> :halcyon.il.us.dal.net PONG halcyon.il.us.dal.net :wawagate
--> lag pong
<< PING halcyon.il.us.dal.net
>> :halcyon.il.us.dal.net PONG halcyon.il.us.dal.net :wawagate
--> lag pong
<< PING halcyon.il.us.dal.net
>> :halcyon.il.us.dal.net PONG halcyon.il.us.dal.net :wawagate
--> lag pong
<< PING halcyon.il.us.dal.net
>> :halcyon.il.us.dal.net PONG halcyon.il.us.dal.net :wawagate
--> lag pong
<< PING halcyon.il.us.dal.net
>> :halcyon.il.us.dal.net PONG halcyon.il.us.dal.net :wawagate
--> lag pong
<< PING halcyon.il.us.dal.net
>> :halcyon.il.us.dal.net PONG halcyon.il.us.dal.net :wawagate
--> lag pong
<< PING halcyon.il.us.dal.net
>> :halcyon.il.us.dal.net PONG halcyon.il.us.dal.net :wawagate
--> lag pong
<< PING halcyon.il.us.dal.net
>> :halcyon.il.us.dal.net PONG halcyon.il.us.dal.net :wawagate
--> lag pong
<< PING halcyon.il.us.dal.net
>> :halcyon.il.us.dal.net PONG halcyon.il.us.dal.net :wawagate
--> lag pong
<< PING halcyon.il.us.dal.net
>> :halcyon.il.us.dal.net PONG halcyon.il.us.dal.net :wawagate
--> lag pong
<< PING halcyon.il.us.dal.net
>> :halcyon.il.us.dal.net PONG halcyon.il.us.dal.net :wawagate
--> lag pong
<< PING halcyon.il.us.dal.net
>> :halcyon.il.us.dal.net PONG halcyon.il.us.dal.net :wawagate
--> lag pong
<< PING halcyon.il.us.dal.net
>> :halcyon.il.us.dal.net PONG halcyon.il.us.dal.net :wawagate
--> lag pong
<< PING halcyon.il.us.dal.net
>> :halcyon.il.us.dal.net PONG halcyon.il.us.dal.net :wawagate
--> lag pong
<< PING halcyon.il.us.dal.net
>> :halcyon.il.us.dal.net PONG halcyon.il.us.dal.net :wawagate
--> lag pong
<< PING halcyon.il.us.dal.net
>> :halcyon.il.us.dal.net PONG halcyon.il.us.dal.net :wawagate
--> lag pong
<< PING halcyon.il.us.dal.net
>> :halcyon.il.us.dal.net PONG halcyon.il.us.dal.net :wawagate
--> lag pong
<< PING halcyon.il.us.dal.net
>> :halcyon.il.us.dal.net PONG halcyon.il.us.dal.net :wawagate
--> lag pong
<< PING halcyon.il.us.dal.net
>> :halcyon.il.us.dal.net PONG halcyon.il.us.dal.net :wawagate
--> lag pong
<< PING halcyon.il.us.dal.net
>> :halcyon.il.us.dal.net PONG halcyon.il.us.dal.net :wawagate
--> lag pong
<< PING halcyon.il.us.dal.net
>> :halcyon.il.us.dal.net PONG halcyon.il.us.dal.net :wawagate
--> lag pong
<< PING halcyon.il.us.dal.net
>> :halcyon.il.us.dal.net PONG halcyon.il.us.dal.net :wawagate
--> lag pong
<< PING halcyon.il.us.dal.net
>> :halcyon.il.us.dal.net PONG halcyon.il.us.dal.net :wawagate
--> lag pong
<< PING halcyon.il.us.dal.net
>> :halcyon.il.us.dal.net PONG halcyon.il.us.dal.net :wawagate
--> lag pong
<< PING halcyon.il.us.dal.net
>> :halcyon.il.us.dal.net PONG halcyon.il.us.dal.net :wawagate
--> lag pong
<< PING halcyon.il.us.dal.net
>> :halcyon.il.us.dal.net PONG halcyon.il.us.dal.net :wawagate
--> lag pong
<< PING halcyon.il.us.dal.net
>> :halcyon.il.us.dal.net PONG halcyon.il.us.dal.net :wawagate
--> lag pong
<< PING halcyon.il.us.dal.net
>> :halcyon.il.us.dal.net PONG halcyon.il.us.dal.net :wawagate
--> lag pong
<< PING halcyon.il.us.dal.net
>> :halcyon.il.us.dal.net PONG halcyon.il.us.dal.net :wawagate
--> lag pong
<< PING halcyon.il.us.dal.net
>> :halcyon.il.us.dal.net PONG halcyon.il.us.dal.net :wawagate
--> lag pong
<< PING halcyon.il.us.dal.net
>> :halcyon.il.us.dal.net PONG halcyon.il.us.dal.net :wawagate
--> lag pong
<< PING halcyon.il.us.dal.net
>> :halcyon.il.us.dal.net PONG halcyon.il.us.dal.net :wawagate
--> lag pong
<< PING halcyon.il.us.dal.net
>> :halcyon.il.us.dal.net PONG halcyon.il.us.dal.net :wawagate
--> lag pong
<< PING halcyon.il.us.dal.net
>> :halcyon.il.us.dal.net PONG halcyon.il.us.dal.net :wawagate
--> lag pong
<< PING halcyon.il.us.dal.net
>> :halcyon.il.us.dal.net PONG halcyon.il.us.dal.net :wawagate
--> lag pong
<< PING halcyon.il.us.dal.net
>> :halcyon.il.us.dal.net PONG halcyon.il.us.dal.net :wawagate
--> lag pong
<< PING halcyon.il.us.dal.net
>> :halcyon.il.us.dal.net PONG halcyon.il.us.dal.net :wawagate
--> lag pong
<< PING halcyon.il.us.dal.net
>> :halcyon.il.us.dal.net PONG halcyon.il.us.dal.net :wawagate
--> lag pong
<< PING halcyon.il.us.dal.net
>> :halcyon.il.us.dal.net PONG halcyon.il.us.dal.net :wawagate
--> lag pong
<< PING halcyon.il.us.dal.net
>> :halcyon.il.us.dal.net PONG halcyon.il.us.dal.net :wawagate
--> lag pong
<< PING halcyon.il.us.dal.net
>> :halcyon.il.us.dal.net PONG halcyon.il.us.dal.net :wawagate
--> lag pong
<< PING halcyon.il.us.dal.net
>> :halcyon.il.us.dal.net PONG halcyon.il.us.dal.net :wawagate
--> lag pong
<< PING halcyon.il.us.dal.net
>> :halcyon.il.us.dal.net PONG halcyon.il.us.dal.net :wawagate
--> lag pong
<< PING halcyon.il.us.dal.net
>> :halcyon.il.us.dal.net PONG halcyon.il.us.dal.net :wawagate
--> lag pong
<< PING halcyon.il.us.dal.net
>> :halcyon.il.us.dal.net PONG halcyon.il.us.dal.net :wawagate
--> lag pong
<< PING halcyon.il.us.dal.net
>> :halcyon.il.us.dal.net PONG halcyon.il.us.dal.net :wawagate
--> lag pong
<< PING halcyon.il.us.dal.net
>> :halcyon.il.us.dal.net PONG halcyon.il.us.dal.net :wawagate
--> lag pong
<< PING halcyon.il.us.dal.net
>> :halcyon.il.us.dal.net PONG halcyon.il.us.dal.net :wawagate
--> lag pong
<< PING halcyon.il.us.dal.net
>> :halcyon.il.us.dal.net PONG halcyon.il.us.dal.net :wawagate
--> lag pong
<< PING halcyon.il.us.dal.net
>> :halcyon.il.us.dal.net PONG halcyon.il.us.dal.net :wawagate
--> lag pong
<< PING halcyon.il.us.dal.net
>> :halcyon.il.us.dal.net PONG halcyon.il.us.dal.net :wawagate
--> lag pong
<< PING halcyon.il.us.dal.net
>> :halcyon.il.us.dal.net PONG halcyon.il.us.dal.net :wawagate
--> lag pong
<< PING halcyon.il.us.dal.net
>> :halcyon.il.us.dal.net PONG halcyon.il.us.dal.net :wawagate
--> lag pong
<< PING halcyon.il.us.dal.net
>> :halcyon.il.us.dal.net PONG halcyon.il.us.dal.net :wawagate
--> lag pong
<< PING halcyon.il.us.dal.net
>> :halcyon.il.us.dal.net PONG halcyon.il.us.dal.net :wawagate
--> lag pong
<< PING halcyon.il.us.dal.net
>> :halcyon.il.us.dal.net PONG halcyon.il.us.dal.net :wawagate
--> lag pong
<< PING halcyon.il.us.dal.net
>> :halcyon.il.us.dal.net PONG halcyon.il.us.dal.net :wawagate
--> lag pong
<< PING halcyon.il.us.dal.net
>> :halcyon.il.us.dal.net PONG halcyon.il.us.dal.net :wawagate
--> lag pong
<< PING halcyon.il.us.dal.net
>> :halcyon.il.us.dal.net PONG halcyon.il.us.dal.net :wawagate
--> lag pong
<< PING halcyon.il.us.dal.net
>> :halcyon.il.us.dal.net PONG halcyon.il.us.dal.net :wawagate
--> lag pong
<< PING halcyon.il.us.dal.net
>> :halcyon.il.us.dal.net PONG halcyon.il.us.dal.net :wawagate
--> lag pong
<< PING halcyon.il.us.dal.net
>> :halcyon.il.us.dal.net PONG halcyon.il.us.dal.net :wawagate
--> lag pong
<< PING halcyon.il.us.dal.net
>> :halcyon.il.us.dal.net PONG halcyon.il.us.dal.net :wawagate
--> lag pong
<< PING halcyon.il.us.dal.net
>> :halcyon.il.us.dal.net PONG halcyon.il.us.dal.net :wawagate
--> lag pong
<< PING halcyon.il.us.dal.net
>> :halcyon.il.us.dal.net PONG halcyon.il.us.dal.net :wawagate
--> lag pong
<< PING halcyon.il.us.dal.net
>> :halcyon.il.us.dal.net PONG halcyon.il.us.dal.net :wawagate
--> lag pong
<< PING halcyon.il.us.dal.net
>> :halcyon.il.us.dal.net PONG halcyon.il.us.dal.net :wawagate
--> lag pong
<< PING halcyon.il.us.dal.net
>> :halcyon.il.us.dal.net PONG halcyon.il.us.dal.net :wawagate
--> lag pong
<< PING halcyon.il.us.dal.net
>> :halcyon.il.us.dal.net PONG halcyon.il.us.dal.net :wawagate
--> lag pong
<< PING halcyon.il.us.dal.net
>> :halcyon.il.us.dal.net PONG halcyon.il.us.dal.net :wawagate
--> lag pong
<< PING halcyon.il.us.dal.net
>> :halcyon.il.us.dal.net PONG halcyon.il.us.dal.net :wawagate
--> lag pong
<< PING halcyon.il.us.dal.net
>> :halcyon.il.us.dal.net PONG halcyon.il.us.dal.net :wawagate
--> lag pong
<< PING halcyon.il.us.dal.net
>> :halcyon.il.us.dal.net PONG halcyon.il.us.dal.net :wawagate
--> lag pong
<< PING halcyon.il.us.dal.net
>> :halcyon.il.us.dal.net PONG halcyon.il.us.dal.net :wawagate
--> lag pong
<< PING halcyon.il.us.dal.net
>> :halcyon.il.us.dal.net PONG halcyon.il.us.dal.net :wawagate
--> lag pong
<< PING halcyon.il.us.dal.net
>> :halcyon.il.us.dal.net PONG halcyon.il.us.dal.net :wawagate
--> lag pong
<< PING halcyon.il.us.dal.net
>> :halcyon.il.us.dal.net PONG halcyon.il.us.dal.net :wawagate
--> lag pong
<< PING halcyon.il.us.dal.net
>> :halcyon.il.us.dal.net PONG halcyon.il.us.dal.net :wawagate
--> lag pong
<< PING halcyon.il.us.dal.net
>> :halcyon.il.us.dal.net PONG halcyon.il.us.dal.net :wawagate
--> lag pong
<< PING halcyon.il.us.dal.net
>> :halcyon.il.us.dal.net PONG halcyon.il.us.dal.net :wawagate
--> lag pong
<< PING halcyon.il.us.dal.net
>> :halcyon.il.us.dal.net PONG halcyon.il.us.dal.net :wawagate
--> lag pong
<< PING halcyon.il.us.dal.net
>> :halcyon.il.us.dal.net PONG halcyon.il.us.dal.net :wawagate
--> lag pong
<< PING halcyon.il.us.dal.net
>> :halcyon.il.us.dal.net PONG halcyon.il.us.dal.net :wawagate
--> lag pong
<< PING halcyon.il.us.dal.net
>> :halcyon.il.us.dal.net PONG halcyon.il.us.dal.net :wawagate
--> lag pong
<< PING halcyon.il.us.dal.net
>> :halcyon.il.us.dal.net PONG halcyon.il.us.dal.net :wawagate
--> lag pong
<< PING halcyon.il.us.dal.net
>> :halcyon.il.us.dal.net PONG halcyon.il.us.dal.net :wawagate
--> lag pong
<< PING halcyon.il.us.dal.net
>> :halcyon.il.us.dal.net PONG halcyon.il.us.dal.net :wawagate
--> lag pong
<< PING halcyon.il.us.dal.net
>> :halcyon.il.us.dal.net PONG halcyon.il.us.dal.net :wawagate
--> lag pong
<< PING halcyon.il.us.dal.net
>> :halcyon.il.us.dal.net PONG halcyon.il.us.dal.net :wawagate
--> lag pong
<< PING halcyon.il.us.dal.net
>> :halcyon.il.us.dal.net PONG halcyon.il.us.dal.net :wawagate
--> lag pong
<< PING halcyon.il.us.dal.net
>> :halcyon.il.us.dal.net PONG halcyon.il.us.dal.net :wawagate
--> lag pong
<< PING halcyon.il.us.dal.net
>> :halcyon.il.us.dal.net PONG halcyon.il.us.dal.net :wawagate
--> lag pong
<< PING halcyon.il.us.dal.net
>> :halcyon.il.us.dal.net PONG halcyon.il.us.dal.net :wawagate
--> lag pong
<< PING halcyon.il.us.dal.net
>> :halcyon.il.us.dal.net PONG halcyon.il.us.dal.net :wawagate
--> lag pong
<< PING halcyon.il.us.dal.net
>> :halcyon.il.us.dal.net PONG halcyon.il.us.dal.net :wawagate
--> lag pong
<< PING halcyon.il.us.dal.net
>> :halcyon.il.us.dal.net PONG halcyon.il.us.dal.net :wawagate
--> lag pong
<< PING halcyon.il.us.dal.net
>> :halcyon.il.us.dal.net PONG halcyon.il.us.dal.net :wawagate
--> lag pong
<< PING halcyon.il.us.dal.net
>> :halcyon.il.us.dal.net PONG halcyon.il.us.dal.net :wawagate
--> lag pong
<< PING halcyon.il.us.dal.net
>> :halcyon.il.us.dal.net PONG halcyon.il.us.dal.net :wawagate
--> lag pong
<< PING halcyon.il.us.dal.net
>> :halcyon.il.us.dal.net PONG halcyon.il.us.dal.net :wawagate
--> lag pong
<< PING halcyon.il.us.dal.net
>> :halcyon.il.us.dal.net PONG halcyon.il.us.dal.net :wawagate
--> lag pong
<< PING halcyon.il.us.dal.net
>> :halcyon.il.us.dal.net PONG halcyon.il.us.dal.net :wawagate
--> lag pong
<< PING halcyon.il.us.dal.net
>> :halcyon.il.us.dal.net PONG halcyon.il.us.dal.net :wawagate
--> lag pong
<< PING halcyon.il.us.dal.net
>> :halcyon.il.us.dal.net PONG halcyon.il.us.dal.net :wawagate
--> lag pong
<< PING halcyon.il.us.dal.net
>> :halcyon.il.us.dal.net PONG halcyon.il.us.dal.net :wawagate
--> lag pong
<< PING halcyon.il.us.dal.net
>> :halcyon.il.us.dal.net PONG halcyon.il.us.dal.net :wawagate
--> lag pong
<< PING halcyon.il.us.dal.net
>> :halcyon.il.us.dal.net PONG halcyon.il.us.dal.net :wawagate
--> lag pong
<< PING halcyon.il.us.dal.net
>> :halcyon.il.us.dal.net PONG halcyon.il.us.dal.net :wawagate
--> lag pong
<< PING halcyon.il.us.dal.net
>> :halcyon.il.us.dal.net PONG halcyon.il.us.dal.net :wawagate
--> lag pong
<< PING halcyon.il.us.dal.net
>> :halcyon.il.us.dal.net PONG halcyon.il.us.dal.net :wawagate
--> lag pong
<< PING halcyon.il.us.dal.net
>> :halcyon.il.us.dal.net PONG halcyon.il.us.dal.net :wawagate
--> lag pong
<< PING halcyon.il.us.dal.net
>> :halcyon.il.us.dal.net PONG halcyon.il.us.dal.net :wawagate
--> lag pong
<< PING halcyon.il.us.dal.net
>> :halcyon.il.us.dal.net PONG halcyon.il.us.dal.net :wawagate
--> lag pong
<< PING halcyon.il.us.dal.net
>> :halcyon.il.us.dal.net PONG halcyon.il.us.dal.net :wawagate
--> lag pong
<< PING halcyon.il.us.dal.net
>> :halcyon.il.us.dal.net PONG halcyon.il.us.dal.net :wawagate
--> lag pong
<< PING halcyon.il.us.dal.net
>> :halcyon.il.us.dal.net PONG halcyon.il.us.dal.net :wawagate
--> lag pong
<< PING halcyon.il.us.dal.net
>> :halcyon.il.us.dal.net PONG halcyon.il.us.dal.net :wawagate
--> lag pong
<< PING halcyon.il.us.dal.net
>> :halcyon.il.us.dal.net PONG halcyon.il.us.dal.net :wawagate
--> lag pong
<< PING halcyon.il.us.dal.net
>> :halcyon.il.us.dal.net PONG halcyon.il.us.dal.net :wawagate
--> lag pong
<< PING halcyon.il.us.dal.net
>> :halcyon.il.us.dal.net PONG halcyon.il.us.dal.net :wawagate
--> lag pong
<< PING halcyon.il.us.dal.net
>> :halcyon.il.us.dal.net PONG halcyon.il.us.dal.net :wawagate
--> lag pong
<< PING halcyon.il.us.dal.net
>> :halcyon.il.us.dal.net PONG halcyon.il.us.dal.net :wawagate
--> lag pong
<< PING halcyon.il.us.dal.net
>> :halcyon.il.us.dal.net PONG halcyon.il.us.dal.net :wawagate
--> lag pong
<< PING halcyon.il.us.dal.net
>> :halcyon.il.us.dal.net PONG halcyon.il.us.dal.net :wawagate
--> lag pong
<< PING halcyon.il.us.dal.net
>> :halcyon.il.us.dal.net PONG halcyon.il.us.dal.net :wawagate
--> lag pong
<< PING halcyon.il.us.dal.net
>> :halcyon.il.us.dal.net PONG halcyon.il.us.dal.net :wawagate
--> lag pong
<< PING halcyon.il.us.dal.net
>> :halcyon.il.us.dal.net PONG halcyon.il.us.dal.net :wawagate
--> lag pong
<< PING halcyon.il.us.dal.net
>> :halcyon.il.us.dal.net PONG halcyon.il.us.dal.net :wawagate
--> lag pong
<< PING halcyon.il.us.dal.net
>> :halcyon.il.us.dal.net PONG halcyon.il.us.dal.net :wawagate
--> lag pong
<< PING halcyon.il.us.dal.net
>> :halcyon.il.us.dal.net PONG halcyon.il.us.dal.net :wawagate
--> lag pong
<< PING halcyon.il.us.dal.net
>> :halcyon.il.us.dal.net PONG halcyon.il.us.dal.net :wawagate
--> lag pong
<< PING halcyon.il.us.dal.net
>> :halcyon.il.us.dal.net PONG halcyon.il.us.dal.net :wawagate
--> lag pong
<< PING halcyon.il.us.dal.net
>> :halcyon.il.us.dal.net PONG halcyon.il.us.dal.net :wawagate
--> lag pong
<< PING halcyon.il.us.dal.net
>> :halcyon.il.us.dal.net PONG halcyon.il.us.dal.net :wawagate
--> lag pong
<< PING halcyon.il.us.dal.net
>> :halcyon.il.us.dal.net PONG halcyon.il.us.dal.net :wawagate
--> lag pong
<< PING halcyon.il.us.dal.net
>> :halcyon.il.us.dal.net PONG halcyon.il.us.dal.net :wawagate
--> lag pong
<< PING halcyon.il.us.dal.net
>> :halcyon.il.us.dal.net PONG halcyon.il.us.dal.net :wawagate
--> lag pong
<< PING halcyon.il.us.dal.net
>> :halcyon.il.us.dal.net PONG halcyon.il.us.dal.net :wawagate
--> lag pong
<< PING halcyon.il.us.dal.net
>> :halcyon.il.us.dal.net PONG halcyon.il.us.dal.net :wawagate
--> lag pong
<< PING halcyon.il.us.dal.net
>> :halcyon.il.us.dal.net PONG halcyon.il.us.dal.net :wawagate
--> lag pong
<< PING halcyon.il.us.dal.net
>> :halcyon.il.us.dal.net PONG halcyon.il.us.dal.net :wawagate
--> lag pong
<< PING halcyon.il.us.dal.net
>> :halcyon.il.us.dal.net PONG halcyon.il.us.dal.net :wawagate
--> lag pong
<< PING halcyon.il.us.dal.net
>> :halcyon.il.us.dal.net PONG halcyon.il.us.dal.net :wawagate
--> lag pong
<< PING halcyon.il.us.dal.net
>> :halcyon.il.us.dal.net PONG halcyon.il.us.dal.net :wawagate
--> lag pong
<< PING halcyon.il.us.dal.net
>> :halcyon.il.us.dal.net PONG halcyon.il.us.dal.net :wawagate
--> lag pong
<< PING halcyon.il.us.dal.net
>> :halcyon.il.us.dal.net PONG halcyon.il.us.dal.net :wawagate
--> lag pong
<< PING halcyon.il.us.dal.net
>> :halcyon.il.us.dal.net PONG halcyon.il.us.dal.net :wawagate
--> lag pong
<< PING halcyon.il.us.dal.net
>> :halcyon.il.us.dal.net PONG halcyon.il.us.dal.net :wawagate
--> lag pong
<< PING halcyon.il.us.dal.net
>> :halcyon.il.us.dal.net PONG halcyon.il.us.dal.net :wawagate
--> lag pong
<< PING halcyon.il.us.dal.net
>> :halcyon.il.us.dal.net PONG halcyon.il.us.dal.net :wawagate
--> lag pong
<< PING halcyon.il.us.dal.net
>> :halcyon.il.us.dal.net PONG halcyon.il.us.dal.net :wawagate
--> lag pong
<< PING halcyon.il.us.dal.net
>> :halcyon.il.us.dal.net PONG halcyon.il.us.dal.net :wawagate
--> lag pong
<< PING halcyon.il.us.dal.net
>> :halcyon.il.us.dal.net PONG halcyon.il.us.dal.net :wawagate
--> lag pong
<< PING halcyon.il.us.dal.net
>> :halcyon.il.us.dal.net PONG halcyon.il.us.dal.net :wawagate
--> lag pong
<< PING halcyon.il.us.dal.net
>> :halcyon.il.us.dal.net PONG halcyon.il.us.dal.net :wawagate
--> lag pong
<< PING halcyon.il.us.dal.net
>> :halcyon.il.us.dal.net PONG halcyon.il.us.dal.net :wawagate
--> lag pong
<< PING halcyon.il.us.dal.net
>> :halcyon.il.us.dal.net PONG halcyon.il.us.dal.net :wawagate
--> lag pong
<< PING halcyon.il.us.dal.net
>> :halcyon.il.us.dal.net PONG halcyon.il.us.dal.net :wawagate
--> lag pong
<< PING halcyon.il.us.dal.net
>> :halcyon.il.us.dal.net PONG halcyon.il.us.dal.net :wawagate
--> lag pong
<< PING halcyon.il.us.dal.net
>> :halcyon.il.us.dal.net PONG halcyon.il.us.dal.net :wawagate
--> lag pong
<< PING halcyon.il.us.dal.net
>> :halcyon.il.us.dal.net PONG halcyon.il.us.dal.net :wawagate
--> lag pong
<< PING halcyon.il.us.dal.net
>> :halcyon.il.us.dal.net PONG halcyon.il.us.dal.net :wawagate
--> lag pong
<< PING halcyon.il.us.dal.net
>> :halcyon.il.us.dal.net PONG halcyon.il.us.dal.net :wawagate
--> lag pong
<< PING halcyon.il.us.dal.net
>> :halcyon.il.us.dal.net PONG halcyon.il.us.dal.net :wawagate
--> lag pong
<< PING halcyon.il.us.dal.net
>> :halcyon.il.us.dal.net PONG halcyon.il.us.dal.net :wawagate
--> lag pong
<< PING halcyon.il.us.dal.net
>> :halcyon.il.us.dal.net PONG halcyon.il.us.dal.net :wawagate
--> lag pong
<< PING halcyon.il.us.dal.net
>> :halcyon.il.us.dal.net PONG halcyon.il.us.dal.net :wawagate
--> lag pong
<< PING halcyon.il.us.dal.net
>> :halcyon.il.us.dal.net PONG halcyon.il.us.dal.net :wawagate
--> lag pong
<< PING halcyon.il.us.dal.net
>> :halcyon.il.us.dal.net PONG halcyon.il.us.dal.net :wawagate
--> lag pong
<< PING halcyon.il.us.dal.net
>> :halcyon.il.us.dal.net PONG halcyon.il.us.dal.net :wawagate
--> lag pong
<< PING halcyon.il.us.dal.net
>> :halcyon.il.us.dal.net PONG halcyon.il.us.dal.net :wawagate
--> lag pong
<< PING halcyon.il.us.dal.net
>> :halcyon.il.us.dal.net PONG halcyon.il.us.dal.net :wawagate
--> lag pong
<< PING halcyon.il.us.dal.net
>> :halcyon.il.us.dal.net PONG halcyon.il.us.dal.net :wawagate
--> lag pong
<< PING halcyon.il.us.dal.net
>> :halcyon.il.us.dal.net PONG halcyon.il.us.dal.net :wawagate
--> lag pong
<< PING halcyon.il.us.dal.net
>> :halcyon.il.us.dal.net PONG halcyon.il.us.dal.net :wawagate
--> lag pong
<< PING halcyon.il.us.dal.net
>> :halcyon.il.us.dal.net PONG halcyon.il.us.dal.net :wawagate
--> lag pong
<< PING halcyon.il.us.dal.net
>> :halcyon.il.us.dal.net PONG halcyon.il.us.dal.net :wawagate
--> lag pong
<< PING halcyon.il.us.dal.net
>> :halcyon.il.us.dal.net PONG halcyon.il.us.dal.net :wawagate
--> lag pong
<< PING halcyon.il.us.dal.net
>> :halcyon.il.us.dal.net PONG halcyon.il.us.dal.net :wawagate
--> lag pong
<< PING halcyon.il.us.dal.net
>> :halcyon.il.us.dal.net PONG halcyon.il.us.dal.net :wawagate
--> lag pong
<< PING halcyon.il.us.dal.net
>> :halcyon.il.us.dal.net PONG halcyon.il.us.dal.net :wawagate
--> lag pong
<< PING halcyon.il.us.dal.net
>> :halcyon.il.us.dal.net PONG halcyon.il.us.dal.net :wawagate
--> lag pong
<< PING halcyon.il.us.dal.net
>> :halcyon.il.us.dal.net PONG halcyon.il.us.dal.net :wawagate
--> lag pong
<< PING halcyon.il.us.dal.net
>> :halcyon.il.us.dal.net PONG halcyon.il.us.dal.net :wawagate
--> lag pong
<< PING halcyon.il.us.dal.net
>> :halcyon.il.us.dal.net PONG halcyon.il.us.dal.net :wawagate
--> lag pong
<< PING halcyon.il.us.dal.net
>> :halcyon.il.us.dal.net PONG halcyon.il.us.dal.net :wawagate
--> lag pong
<< PING halcyon.il.us.dal.net
>> :halcyon.il.us.dal.net PONG halcyon.il.us.dal.net :wawagate
--> lag pong
<< PING halcyon.il.us.dal.net
>> :halcyon.il.us.dal.net PONG halcyon.il.us.dal.net :wawagate
--> lag pong
<< PING halcyon.il.us.dal.net
>> :halcyon.il.us.dal.net PONG halcyon.il.us.dal.net :wawagate
--> lag pong
<< PING halcyon.il.us.dal.net
>> :halcyon.il.us.dal.net PONG halcyon.il.us.dal.net :wawagate
--> lag pong
<< PING halcyon.il.us.dal.net
>> :halcyon.il.us.dal.net PONG halcyon.il.us.dal.net :wawagate
--> lag pong
<< PING halcyon.il.us.dal.net
>> :halcyon.il.us.dal.net PONG halcyon.il.us.dal.net :wawagate
--> lag pong
<< PING halcyon.il.us.dal.net
>> :halcyon.il.us.dal.net PONG halcyon.il.us.dal.net :wawagate
--> lag pong
<< PING halcyon.il.us.dal.net
>> :halcyon.il.us.dal.net PONG halcyon.il.us.dal.net :wawagate
--> lag pong
<< QUIT :leaving
