<< CAP LS 302
<< JOIN :
>> :molybdenum.libera.chat NOTICE * :*** Checking Ident
>> :molybdenum.libera.chat NOTICE * :*** Looking up your hostname...
>> :molybdenum.libera.chat NOTICE * :*** Found your hostname: 231.97.133.37.dynamic.jazztel.es
>> :molybdenum.libera.chat NOTICE * :*** No Ident response
>> :molybdenum.libera.chat CAP * LS :account-notify away-notify chghost extended-join multi-prefix sasl=ECDSA-NIST256P-CHALLENGE,EXTERNAL,PLAIN,SCRAM-SHA-512 tls account-tag cap-notify echo-message server-time solanum.chat/identify-msg solanum.chat/oper solanum.chat/realhost
<< CAP REQ :multi-prefix extended-join away-notify chghost account-notify server-time
>> :molybdenum.libera.chat 451 * :You have not registered
>> :molybdenum.libera.chat CAP * ACK :multi-prefix extended-join away-notify chghost account-notify server-time
<< CAP END
<< NICK apresas
<< USER apresas apresas irc.libera.chat :albert
>> @time=2024-12-13T20:04:44.272Z :molybdenum.libera.chat 001 apresas :Welcome to the Libera.Chat Internet Relay Chat Network apresas
<< MODE apresas +i
>> @time=2024-12-13T20:04:44.272Z :molybdenum.libera.chat 002 apresas :Your host is molybdenum.libera.chat[51.161.82.214/6697], running version solanum-1.0-dev
>> @time=2024-12-13T20:04:44.272Z :molybdenum.libera.chat 003 apresas :This server was created Thu Jul 18 2024 at 16:57:02 UTC
>> @time=2024-12-13T20:04:44.272Z :molybdenum.libera.chat 004 apresas molybdenum.libera.chat solanum-1.0-dev DGIMQRSZaghilopsuwz CFILMPQRSTbcefgijklmnopqrstuvz bkloveqjfI
>> @time=2024-12-13T20:04:44.272Z :molybdenum.libera.chat 005 apresas ACCOUNTEXTBAN=a WHOX KNOCK MONITOR=100 ETRACE FNC SAFELIST ELIST=CMNTU CALLERID=g CHANTYPES=# EXCEPTS INVEX :are supported by this server
>> @time=2024-12-13T20:04:44.272Z :molybdenum.libera.chat 005 apresas CHANMODES=eIbq,k,flj,CFLMPQRSTcgimnprstuz CHANLIMIT=#:250 PREFIX=(ov)@+ MAXLIST=bqeI:100 MODES=4 NETWORK=Libera.Chat STATUSMSG=@+ CASEMAPPING=rfc1459 NICKLEN=16 MAXNICKLEN=16 CHANNELLEN=50 TOPICLEN=390 :are supported by this server
>> @time=2024-12-13T20:04:44.272Z :molybdenum.libera.chat 005 apresas DEAF=D TARGMAX=NAMES:1,LIST:1,KICK:1,WHOIS:1,PRIVMSG:4,NOTICE:4,ACCEPT:,MONITOR: EXTBAN=$,agjrxz :are supported by this server
>> @time=2024-12-13T20:04:44.272Z :molybdenum.libera.chat 251 apresas :There are 58 users and 31651 invisible on 28 servers
>> @time=2024-12-13T20:04:44.272Z :molybdenum.libera.chat 252 apresas 39 :IRC Operators online
>> @time=2024-12-13T20:04:44.272Z :molybdenum.libera.chat 253 apresas 179 :unknown connection(s)
>> @time=2024-12-13T20:04:44.272Z :molybdenum.libera.chat 254 apresas 22873 :channels formed
>> @time=2024-12-13T20:04:44.272Z :molybdenum.libera.chat 255 apresas :I have 2093 clients and 1 servers
>> @time=2024-12-13T20:04:44.272Z :molybdenum.libera.chat 265 apresas 2093 2955 :Current local users 2093, max 2955
>> @time=2024-12-13T20:04:44.272Z :molybdenum.libera.chat 266 apresas 31709 34153 :Current global users 31709, max 34153
>> @time=2024-12-13T20:04:44.272Z :molybdenum.libera.chat 250 apresas :Highest connection count: 2956 (2955 clients) (397432 connections received)
>> @time=2024-12-13T20:04:44.272Z :molybdenum.libera.chat 375 apresas :- molybdenum.libera.chat Message of the Day - 
>> @time=2024-12-13T20:04:44.272Z :molybdenum.libera.chat 372 apresas :- -[ Molybdenum ]-[ Atomic number: 42 ]-[ Chemical symbol: Mo ]-
>> @time=2024-12-13T20:04:44.272Z :molybdenum.libera.chat 372 apresas :-  
>> @time=2024-12-13T20:04:44.272Z :molybdenum.libera.chat 372 apresas :- Molybdenum has been known throughout history, though its
>> @time=2024-12-13T20:04:44.272Z :molybdenum.libera.chat 372 apresas :- properties meant that it was confused with lead ores. It was
>> @time=2024-12-13T20:04:44.272Z :molybdenum.libera.chat 372 apresas :- first identified as a distinct element in 1778, meaning our
>> @time=2024-12-13T20:04:44.272Z :molybdenum.libera.chat 372 apresas :- modern understanding of its existence reaches about as far
>> @time=2024-12-13T20:04:44.272Z :molybdenum.libera.chat 372 apresas :- back as American independence.
>> @time=2024-12-13T20:04:44.272Z :molybdenum.libera.chat 372 apresas :-  
>> @time=2024-12-13T20:04:44.272Z :molybdenum.libera.chat 372 apresas :- Molybdenum has a very high melting point, 2623°C, the fifth-
>> @time=2024-12-13T20:04:44.272Z :molybdenum.libera.chat 372 apresas :- highest temperature of any element.
>> @time=2024-12-13T20:04:44.272Z :molybdenum.libera.chat 372 apresas :-  
>> @time=2024-12-13T20:04:44.272Z :molybdenum.libera.chat 372 apresas :- While pure molybdenum is only about as strong as tooth enamel,
>> @time=2024-12-13T20:04:44.272Z :molybdenum.libera.chat 372 apresas :- it forms strong alloys that are resistant to corrosion and
>> @time=2024-12-13T20:04:44.272Z :molybdenum.libera.chat 372 apresas :- stable under varying temperatures. As a result, these alloys
>> @time=2024-12-13T20:04:44.272Z :molybdenum.libera.chat 372 apresas :- are used for metal armour plates, high-performance aircraft
>> @time=2024-12-13T20:04:44.272Z :molybdenum.libera.chat 372 apresas :- parts, and pumps for molten metal flows.
>> @time=2024-12-13T20:04:44.272Z :molybdenum.libera.chat 372 apresas :-  
>> @time=2024-12-13T20:04:44.272Z :molybdenum.libera.chat 372 apresas :- In its elemental form, it can be used as a fertiliser, and the
>> @time=2024-12-13T20:04:44.272Z :molybdenum.libera.chat 372 apresas :- isotope molybdenum-99 is used as a source of technetium-99m,
>> @time=2024-12-13T20:04:44.272Z :molybdenum.libera.chat 372 apresas :- an important medical radioisotope used for 3D bone scans and
>> @time=2024-12-13T20:04:44.272Z :molybdenum.libera.chat 372 apresas :- the investigation of blood flow when diagnosing heart disease.
>> @time=2024-12-13T20:04:44.272Z :molybdenum.libera.chat 372 apresas :-  
>> @time=2024-12-13T20:04:44.272Z :molybdenum.libera.chat 372 apresas :-  
>> @time=2024-12-13T20:04:44.272Z :molybdenum.libera.chat 372 apresas :- Welcome to Libera Chat, the IRC network for
>> @time=2024-12-13T20:04:44.272Z :molybdenum.libera.chat 372 apresas :- free & open-source software and peer directed projects.
>> @time=2024-12-13T20:04:44.272Z :molybdenum.libera.chat 372 apresas :-  
>> @time=2024-12-13T20:04:44.272Z :molybdenum.libera.chat 372 apresas :- Use of Libera Chat is governed by our network policies.
>> @time=2024-12-13T20:04:44.272Z :molybdenum.libera.chat 372 apresas :-  
>> @time=2024-12-13T20:04:44.272Z :molybdenum.libera.chat 372 apresas :- To reduce network abuses we perform open proxy checks
>> @time=2024-12-13T20:04:44.272Z :molybdenum.libera.chat 372 apresas :- on hosts at connection time.
>> @time=2024-12-13T20:04:44.272Z :molybdenum.libera.chat 372 apresas :-  
>> @time=2024-12-13T20:04:44.272Z :molybdenum.libera.chat 372 apresas :- Please visit us in #libera for questions and support.
>> @time=2024-12-13T20:04:44.272Z :molybdenum.libera.chat 372 apresas :-  
>> @time=2024-12-13T20:04:44.272Z :molybdenum.libera.chat 372 apresas :- Website and documentation:  https://libera.chat
>> @time=2024-12-13T20:04:44.272Z :molybdenum.libera.chat 372 apresas :- Webchat:                    https://web.libera.chat
>> @time=2024-12-13T20:04:44.272Z :molybdenum.libera.chat 372 apresas :- Network policies:           https://libera.chat/policies
>> @time=2024-12-13T20:04:44.272Z :molybdenum.libera.chat 372 apresas :- Email:                      support@libera.chat
>> @time=2024-12-13T20:04:44.272Z :molybdenum.libera.chat 376 apresas :End of /MOTD command.
>> @time=2024-12-13T20:04:44.272Z :apresas MODE apresas :+Ziw
<< PING molybdenum.libera.chat
>> @time=2024-12-13T20:04:50.271Z :molybdenum.libera.chat PONG molybdenum.libera.chat :molybdenum.libera.chat
--> lag pong
<< QUIT :Good byeee
>> @time=2024-12-13T20:05:41.539Z :apresas!~apresas@231.97.133.37.dynamic.jazztel.es QUIT :Client Quit
>> @time=2024-12-13T20:05:41.539Z ERROR :Closing Link: 231.97.133.37.dynamic.jazztel.es (Client Quit)
