<< CAP LS 302
<< JOIN :
>> :tungsten.libera.chat NOTICE * :*** Checking Ident
>> :tungsten.libera.chat NOTICE * :*** Looking up your hostname...
>> :tungsten.libera.chat NOTICE * :*** Found your hostname: 231.97.133.37.dynamic.jazztel.es
>> :tungsten.libera.chat NOTICE * :*** No Ident response
>> :tungsten.libera.chat CAP * LS :account-notify away-notify chghost extended-join multi-prefix sasl=ECDSA-NIST256P-CHALLENGE,EXTERNAL,PLAIN,SCRAM-SHA-512 tls account-tag cap-notify echo-message server-time solanum.chat/identify-msg solanum.chat/oper solanum.chat/realhost
<< CAP REQ :multi-prefix extended-join away-notify chghost account-notify server-time
>> :tungsten.libera.chat 451 * :You have not registered
>> :tungsten.libera.chat CAP * ACK :multi-prefix extended-join away-notify chghost account-notify server-time
<< CAP END
<< NICK apresas
<< USER apresas apresas irc.libera.chat :albert
>> @time=2024-12-13T20:20:08.596Z :tungsten.libera.chat 001 apresas :Welcome to the Libera.Chat Internet Relay Chat Network apresas
<< MODE apresas +i
>> @time=2024-12-13T20:20:08.596Z :tungsten.libera.chat 002 apresas :Your host is tungsten.libera.chat[130.239.18.120/6697], running version solanum-1.0-dev
>> @time=2024-12-13T20:20:08.596Z :tungsten.libera.chat 003 apresas :This server was created Wed Aug 21 2024 at 21:32:29 UTC
>> @time=2024-12-13T20:20:08.596Z :tungsten.libera.chat 004 apresas tungsten.libera.chat solanum-1.0-dev DGIMQRSZaghilopsuwz CFILMPQRSTbcefgijklmnopqrstuvz bkloveqjfI
>> @time=2024-12-13T20:20:08.596Z :tungsten.libera.chat 005 apresas ACCOUNTEXTBAN=a FNC MONITOR=100 KNOCK WHOX CALLERID=g ETRACE SAFELIST ELIST=CMNTU CHANTYPES=# EXCEPTS INVEX :are supported by this server
>> @time=2024-12-13T20:20:08.596Z :tungsten.libera.chat 005 apresas CHANMODES=eIbq,k,flj,CFLMPQRSTcgimnprstuz CHANLIMIT=#:250 PREFIX=(ov)@+ MAXLIST=bqeI:100 MODES=4 NETWORK=Libera.Chat STATUSMSG=@+ CASEMAPPING=rfc1459 NICKLEN=16 MAXNICKLEN=16 CHANNELLEN=50 TOPICLEN=390 :are supported by this server
>> @time=2024-12-13T20:20:08.596Z :tungsten.libera.chat 005 apresas DEAF=D TARGMAX=NAMES:1,LIST:1,KICK:1,WHOIS:1,PRIVMSG:4,NOTICE:4,ACCEPT:,MONITOR: EXTBAN=$,agjrxz :are supported by this server
>> @time=2024-12-13T20:20:08.596Z :tungsten.libera.chat 251 apresas :There are 58 users and 31641 invisible on 28 servers
>> @time=2024-12-13T20:20:08.596Z :tungsten.libera.chat 252 apresas 39 :IRC Operators online
>> @time=2024-12-13T20:20:08.597Z :tungsten.libera.chat 253 apresas 119 :unknown connection(s)
>> @time=2024-12-13T20:20:08.597Z :tungsten.libera.chat 254 apresas 22792 :channels formed
>> @time=2024-12-13T20:20:08.597Z :tungsten.libera.chat 255 apresas :I have 2086 clients and 1 servers
>> @time=2024-12-13T20:20:08.597Z :tungsten.libera.chat 265 apresas 2086 2881 :Current local users 2086, max 2881
>> @time=2024-12-13T20:20:08.597Z :tungsten.libera.chat 266 apresas 31699 33689 :Current global users 31699, max 33689
>> @time=2024-12-13T20:20:08.597Z :tungsten.libera.chat 250 apresas :Highest connection count: 2882 (2881 clients) (381967 connections received)
>> @time=2024-12-13T20:20:08.597Z :tungsten.libera.chat 375 apresas :- tungsten.libera.chat Message of the Day - 
>> @time=2024-12-13T20:20:08.597Z :tungsten.libera.chat 372 apresas :- Welcome to Libera Chat, the IRC network for
>> @time=2024-12-13T20:20:08.597Z :tungsten.libera.chat 372 apresas :- free & open-source software and peer directed projects.
>> @time=2024-12-13T20:20:08.597Z :tungsten.libera.chat 372 apresas :-  
>> @time=2024-12-13T20:20:08.597Z :tungsten.libera.chat 372 apresas :- Use of Libera Chat is governed by our network policies.
>> @time=2024-12-13T20:20:08.597Z :tungsten.libera.chat 372 apresas :-  
>> @time=2024-12-13T20:20:08.597Z :tungsten.libera.chat 372 apresas :- To reduce network abuses we perform open proxy checks
>> @time=2024-12-13T20:20:08.597Z :tungsten.libera.chat 372 apresas :- on hosts at connection time.
>> @time=2024-12-13T20:20:08.597Z :tungsten.libera.chat 372 apresas :-  
>> @time=2024-12-13T20:20:08.597Z :tungsten.libera.chat 372 apresas :- Please visit us in #libera for questions and support.
>> @time=2024-12-13T20:20:08.597Z :tungsten.libera.chat 372 apresas :-  
>> @time=2024-12-13T20:20:08.597Z :tungsten.libera.chat 372 apresas :- Website and documentation:  https://libera.chat
>> @time=2024-12-13T20:20:08.597Z :tungsten.libera.chat 372 apresas :- Webchat:                    https://web.libera.chat
>> @time=2024-12-13T20:20:08.597Z :tungsten.libera.chat 372 apresas :- Network policies:           https://libera.chat/policies
>> @time=2024-12-13T20:20:08.597Z :tungsten.libera.chat 372 apresas :- Email:                      support@libera.chat
>> @time=2024-12-13T20:20:08.597Z :tungsten.libera.chat 376 apresas :End of /MOTD command.
>> @time=2024-12-13T20:20:08.597Z :apresas MODE apresas :+Ziw
<< PING tungsten.libera.chat
>> @time=2024-12-13T20:20:14.171Z :tungsten.libera.chat PONG tungsten.libera.chat :tungsten.libera.chat
--> lag pong
<< PING tungsten.libera.chat
>> @time=2024-12-13T20:21:15.223Z :tungsten.libera.chat PONG tungsten.libera.chat :tungsten.libera.chat
--> lag pong
<< QUIT :I gotta go to the grocery shop, I will be back later!
>> @time=2024-12-13T20:21:53.000Z :apresas!~apresas@231.97.133.37.dynamic.jazztel.es QUIT :Client Quit
>> @time=2024-12-13T20:21:53.000Z ERROR :Closing Link: 231.97.133.37.dynamic.jazztel.es (Client Quit)
