// Testing TIME message

// DALnet

<< TIME
>> :serenity.fl.us.dal.net 391 apresas serenity.fl.us.dal.net 1736532753 :Friday January 10 2025 -- 18:12 +00:00
<< TIME misco
>> :serenity.fl.us.dal.net 402 apresas misco :No such server
<< TIME serenity.fl.us.dal.net
>> :serenity.fl.us.dal.net 391 apresas serenity.fl.us.dal.net 1736532785 :Friday January 10 2025 -- 18:13 +00:00

// EFNet

<< TIME
>> :irc.mzima.net 391 apresas irc.mzima.net :Friday January 10 2025 -- 18:14:10 +00:00
<< TIME misco
>> :irc.mzima.net 402 apresas misco :No such server
<< TIME irc.mzima.net
>> :irc.mzima.net 391 apresas irc.mzima.net :Friday January 10 2025 -- 18:14:25 +00:00

// EsperNet

<< TIME
>> :swepipe.esper.net 391 apresas swepipe.esper.net :Friday January 10 2025 -- 19:15:04 +01:00
<< TIME misco
>> :swepipe.esper.net 402 apresas misco :No such server
<< TIME swepipe.esper.net
>> :swepipe.esper.net 391 apresas swepipe.esper.net :Friday January 10 2025 -- 19:15:17 +01:00

// Libera

<< TIME
>> @time=2025-01-10T18:16:37.803Z :tantalum.libera.chat 391 apresas tantalum.libera.chat :Friday January 10 2025 -- 18:16:37 +00:00
<< TIME misco
>> @time=2025-01-10T18:16:40.588Z :tantalum.libera.chat 402 apresas misco :No such server
<< TIME tantalum.libera.chat
>> @time=2025-01-10T18:16:46.981Z :tantalum.libera.chat 391 apresas tantalum.libera.chat :Friday January 10 2025 -- 18:16:46 +00:00

// ft_irc

<< TIME
>> :ft_irc.42.fr 391 apresas ft_irc.42.fr :Friday January 10 2025 -- 19:15:04 +01:00
<< TIME misco
>> :ft_irc.42.fr 402 apresas misco :No such server
<< TIME ft_irc.42.fr
>> :ft_irc.42.fr 391 apresas ft_irc.42.fr :Friday January 10 2025 -- 19:31:14 +01:00