<< CAP LS 302
<< JOIN :
>> :irc.example.org NOTICE * :*** Looking up your hostname...
>> :irc.example.org NOTICE * :*** Couldn't resolve your hostname; using your IP address instead
>> :irc.example.org CAP * LS :unrealircd.org/link-security=2 unrealircd.org/plaintext-policy=user=allow,oper=deny,server=deny unrealircd.org/history-storage=memory away-notify invite-notify extended-join userhost-in-names multi-prefix cap-notify setname tls chghost account-notify message-tags batch server-time account-tag echo-message labeled-response draft/chathistory extended-monitor standard-replies draft/no-implicit-names unrealircd.org/json-log
<< STARTTLS
>> :irc.example.org 451 * :You have not registered
>> :irc.example.org 670 * :STARTTLS successful, go ahead with TLS handshake
--> Now talking encrypted
<< CAP REQ :multi-prefix extended-join setname invite-notify away-notify chghost account-notify server-time
>> :irc.example.org NOTICE * :*** Looking up your hostname...
>> :irc.example.org NOTICE * :*** Couldn't resolve your hostname; using your IP address instead
>> :irc.example.org CAP * ACK :multi-prefix extended-join setname invite-notify away-notify chghost account-notify server-time 
<< CAP END
<< PASS wawagate.com
<< NICK apresas
<< USER apresas apresas 192.168.1.129 :albert
>> PING :9E55544E
<< PONG :9E55544E
>> :irc.example.org 001 apresas :Welcome to the ExampleNET IRC Network apresas!apresas@192.168.1.129
>> :irc.example.org 002 apresas :Your host is irc.example.org, running version UnrealIRCd-6.1.9.1
>> :irc.example.org 003 apresas :This server was created Thu Jan 9 2025 at 15:43:12 UTC
>> :irc.example.org 004 apresas irc.example.org UnrealIRCd-6.1.9.1 diopqrstwxzBDGHIRSTWZ beIacdfhiklmnopqrstvzCDFGHKLMNOPQRSTVZ
>> :irc.example.org 005 apresas ACCOUNTEXTBAN=account,a AWAYLEN=307 BOT=B CASEMAPPING=ascii CHANLIMIT=#:10 CHANMODES=beI,fkL,lFH,cdimnprstzCDGKMNOPQRSTVZ CHANNELLEN=32 CHANTYPES=# CHATHISTORY=50 CLIENTTAGDENY=*,-draft/typing,-typing,-draft/channel-context,-draft/reply DEAF=d ELIST=MNUCT :are supported by this server
>> :irc.example.org 005 apresas EXCEPTS EXTBAN=~,acfijmnpqrtACFGOST INVEX KICKLEN=307 KNOCK MAP MAXLIST=b:60,e:60,I:60 MAXNICKLEN=30 MINNICKLEN=0 MODES=12 MONITOR=128 MSGREFTYPES=msgid,timestamp :are supported by this server
>> :irc.example.org 005 apresas NAMELEN=50 NAMESX NETWORK=ExampleNET NICKLEN=30 PREFIX=(qaohv)~&@%+ QUITLEN=307 SAFELIST SILENCE=15 STATUSMSG=~&@%+ TARGMAX=DCCALLOW:,ISON:,JOIN:,KICK:4,KILL:,LIST:,NAMES:1,NOTICE:1,PART:,PRIVMSG:4,SAJOIN:,SAPART:,TAGMSG:1,USERHOST:,USERIP:,WATCH:,WHOIS:1,WHOWAS:1 TOPICLEN=360 UHNAMES :are supported by this server
>> :irc.example.org 005 apresas USERIP WALLCHOPS WATCH=128 WATCHOPTS=A WHOX :are supported by this server
>> :irc.example.org 396 apresas 7F78F9F0.10C7EC3F.4828B75D.IP :is now your displayed host
>> :irc.example.org NOTICE apresas :*** You are connected to irc.example.org with TLSv1.3-TLS_CHACHA20_POLY1305_SHA256
>> :irc.example.org 251 apresas :There are 1 users and 0 invisible on 1 servers
>> :irc.example.org 255 apresas :I have 1 clients and 0 servers
>> :irc.example.org 265 apresas 1 1 :Current local users 1, max 1
>> :irc.example.org 266 apresas 1 1 :Current global users 1, max 1
>> :irc.example.org 422 apresas :MOTD File is missing
>> :apresas MODE apresas :+iwxz
<< MODE apresas +i
<< ERROR
>> :irc.example.org 462 apresas :You may not reregister
<< PING irc.example.org
>> @time=2025-01-10T12:42:35.077Z :irc.example.org PONG irc.example.org :irc.example.org
--> lag pong
<< ERROR :Hey
>> :irc.example.org 462 apresas :You may not reregister
<< ERROR misco jones
>> :irc.example.org 462 apresas :You may not reregister
<< QUIT :leaving
