// DALnet

<< VERSION
>> :atw.hu.eu.dal.net 351 apresas bahamut-2.2.3. atw.hu.eu.dal.net :aABCdEFhiMrstTY/p TS5ow RPL1 NP[kLU]

<< VERSION atw.hu.eu.dal.net
>> :atw.hu.eu.dal.net 351 apresas bahamut-2.2.3. atw.hu.eu.dal.net :aABCdEFhiMrstTY/p TS5ow RPL1 NP[kLU]

<< VERSION atw.hu.eu.dal.n
>> :atw.hu.eu.dal.net 402 apresas atw.hu.eu.dal.n :No such server

// EFNet

<< VERSION
>> :irc.swepipe.se 351 apresas ircd-ratbox-3.0.10(20160113_12-29315). irc.swepipe.se :egGIKMp6 TS6ow 9SE
>> :irc.swepipe.se 005 apresas CHANTYPES=&# EXCEPTS INVEX CHANMODES=eIb,k,l,imnpstS CHANLIMIT=&#:40 PREFIX=(ov)@+ MAXLIST=beI:100 MODES=4 NETWORK=EFNet KNOCK STATUSMSG=@+ CALLERID=g :are supported by this server
>> :irc.swepipe.se 005 apresas SAFELIST ELIST=U CASEMAPPING=rfc1459 CHARSET=ascii NICKLEN=9 CHANNELLEN=50 TOPICLEN=160 ETRACE CPRIVMSG CNOTICE DEAF=D MONITOR=60 :are supported by this server
>> :irc.swepipe.se 005 apresas FNC ACCEPT=20 MAP TARGMAX=NAMES:1,LIST:1,KICK:1,WHOIS:1,PRIVMSG:4,NOTICE:4,ACCEPT:,MONITOR: :are supported by this server

// Libera

<< VERSION
>> @time=2025-01-10T16:57:47.917Z :tungsten.libera.chat 351 apresas solanum-1.0-dev(20240628-9aac0cf8). tungsten.libera.chat :eIKMpS6 TS6ow
>> @time=2025-01-10T16:57:47.917Z :tungsten.libera.chat 005 apresas ACCOUNTEXTBAN=a FNC MONITOR=100 KNOCK WHOX CALLERID=g ETRACE SAFELIST ELIST=CMNTU CHANTYPES=# EXCEPTS INVEX :are supported by this server
>> @time=2025-01-10T16:57:47.917Z :tungsten.libera.chat 005 apresas CHANMODES=eIbq,k,flj,CFLMPQRSTcgimnprstuz CHANLIMIT=#:250 PREFIX=(ov)@+ MAXLIST=bqeI:100 MODES=4 NETWORK=Libera.Chat STATUSMSG=@+ CASEMAPPING=rfc1459 NICKLEN=16 MAXNICKLEN=16 CHANNELLEN=50 TOPICLEN=390 :are supported by this server
>> @time=2025-01-10T16:57:47.917Z :tungsten.libera.chat 005 apresas DEAF=D TARGMAX=NAMES:1,LIST:1,KICK:1,WHOIS:1,PRIVMSG:4,NOTICE:4,ACCEPT:,MONITOR: EXTBAN=$,agjrxz :are supported by this server

// EsperNet

<< VERSION
>> :anarchy.esper.net 351 apresas charybdis-3.5.3(20190627-dfaac48). anarchy.esper.net :eHIKMpSZ6 TS6ow 2RR
>> :anarchy.esper.net 005 apresas KNOCK ETRACE MONITOR=100 WHOX FNC CPRIVMSG CNOTICE SAFELIST ELIST=CTU CHANTYPES=# EXCEPTS INVEX :are supported by this server
>> :anarchy.esper.net 005 apresas CHANMODES=eIbq,k,flj,CFLPQTcgimnprstz CHANLIMIT=#:50 PREFIX=(ov)@+ MAXLIST=bqeI:100 MODES=4 NETWORK=EsperNet STATUSMSG=@+ CALLERID=g CASEMAPPING=rfc1459 NICKLEN=24 MAXNICKLEN=30 CHANNELLEN=50 :are supported by this server
>> :anarchy.esper.net 005 apresas TOPICLEN=390 DEAF=D TARGMAX=NAMES:1,LIST:1,KICK:1,WHOIS:1,PRIVMSG:4,NOTICE:4,ACCEPT:,MONITOR: EXTBAN=$,acjorsxz CLIENTVER=3.0 :are supported by this server

// GameSurge

<< VERSION
>> :Stockholm.SE.EU.GameSurge.net 351 apresas u2.10.12.18(gs2). Stockholm.SE.EU.GameSurge.net :B064A--M-U6
>> :Stockholm.SE.EU.GameSurge.net 005 apresas WHOX WALLCHOPS WALLVOICES USERIP CPRIVMSG CNOTICE SILENCE=25 MODES=6 MAXCHANNELS=75 MAXBANS=100 NICKLEN=30 :are supported by this server
>> :Stockholm.SE.EU.GameSurge.net 005 apresas MAXNICKLEN=30 TOPICLEN=300 AWAYLEN=200 KICKLEN=300 CHANNELLEN=200 MAXCHANNELLEN=200 CHANTYPES=#& PREFIX=(ov)@+ STATUSMSG=@+ CHANMODES=b,k,l,imnpstrDdRcC CASEMAPPING=rfc1459 NETWORK=GameSurge :are supported by this server

// ft_irc

<< VERSION
>> :ft_irc.42.fr 351 apresas 1.0. ft_irc.42.fr :aiwroOs itkol
<< VERSION ft_irc.42.fr
>> :ft_irc.42.fr 351 apresas 1.0. ft_irc.42.fr :aiwroOs itkol
<< VERSION ft_irc.42.f
>> :ft_irc.42.fr 402 apresas ft_irc.42.f :No such server